-------------------------------------------------------------------------------
Test set: Get data from all employees
-------------------------------------------------------------------------------
Tests run: 1, Failures: 0, Errors: 1, Skipped: 0, Time elapsed: 8.686 s <<< FAILURE! - in Get data from all employees
Get data from all employees.Get data from all employees  Time elapsed: 8.686 s  <<< ERROR!
io.cucumber.junit.UndefinedStepException: 
The step "JWT is generated" is undefined. You can implement it using the snippet(s) below:

@Given("JWT is generated")
public void jwt_is_generated() {
    // Write code here that turns the phrase above into concrete actions
    throw new io.cucumber.java.PendingException();
}


Some other steps were also undefined:

@Given("request is prepared to retrieve all employees from database")
public void request_is_prepared_to_retrieve_all_employees_from_database() {
    // Write code here that turns the phrase above into concrete actions
    throw new io.cucumber.java.PendingException();
}
@When("a GET call is made to retrieve all employees")
public void a_get_call_is_made_to_retrieve_all_employees() {
    // Write code here that turns the phrase above into concrete actions
    throw new io.cucumber.java.PendingException();
}
@Then("verify a status code for retrieving all employees is {int}")
public void verify_a_status_code_for_retrieving_all_employees_is(Integer int1) {
    // Write code here that turns the phrase above into concrete actions
    throw new io.cucumber.java.PendingException();
}
@Then("count how many employees we have in Database")
public void count_how_many_employees_we_have_in_database() {
    // Write code here that turns the phrase above into concrete actions
    throw new io.cucumber.java.PendingException();
}
@Then("retrieve {string}, {string}, {string}, {string}")
public void retrieve(String string, String string2, String string3, String string4) {
    // Write code here that turns the phrase above into concrete actions
    throw new io.cucumber.java.PendingException();
}


