<?xml version="1.0" encoding="UTF-8"?>
<testsuite xmlns:xsi="http://www.w3.org/2001/XMLSchema-instance" xsi:noNamespaceSchemaLocation="https://maven.apache.org/surefire/maven-surefire-plugin/xsd/surefire-test-report-3.0.xsd" version="3.0" name="Syntax HRMS API Workflow" time="48.25" tests="3" errors="1" skipped="0" failures="1">
  <properties>
[...]
</properties>
  <testcase name="Creating Dynamic Employee" classname="Syntax HRMS API Workflow" time="23.392">
    <system-out><![CDATA[
@Random
Scenario: Creating Dynamic Employee                                                                                                  # src/test/resources/features/APIWorkFlow.feature:9
  Given JWT is generated                                                                                                             # APISteps.GenerateTokenSteps.jwt_is_generated()
  Given a request is prepared to create an employee with dynamic data "Gobia","Gellar","Grom","M","1995-08-17","employed","Engineer" # APISteps.APIWorkflowSteps.a_request_is_prepared_to_create_an_employee_with_dynamic_data(java.lang.String,java.lang.String,java.lang.String,java.lang.String,java.lang.String,java.lang.String,java.lang.String)

    Embedding Creating Dynamic Employee [image/png 66502 bytes]

]]></system-out>
    <system-err><![CDATA[Starting ChromeDriver 92.0.4515.107 (87a818b10553a07434ea9e2b6dccf3cbe7895134-refs/branch-heads/4515@{#1634}) on port 26081
Only local connections are allowed.
Please see https://chromedriver.chromium.org/security-considerations for suggestions on keeping ChromeDriver safe.
ChromeDriver was started successfully.
Aug 25, 2021 11:14:16 PM org.openqa.selenium.remote.ProtocolHandshake createSession
INFO: Detected dialect: W3C
]]></system-err>
  </testcase>
  <testcase name="Creating an employee" classname="Syntax HRMS API Workflow" time="10.193">
    <error type="java.lang.NullPointerException"><![CDATA[java.lang.NullPointerException
]]></error>
    <system-out><![CDATA[
@APIWorkflow
Scenario: Creating an employee                                                                       # src/test/resources/features/APIWorkFlow.feature:14
  Given JWT is generated                                                                             # APISteps.GenerateTokenSteps.jwt_is_generated()
  Given a request is prepared to create and employee                                                 # APISteps.APIWorkflowSteps.a_request_is_prepared_to_create_and_employee()
  When a Post call is made to create an employee                                                     # APISteps.APIWorkflowSteps.a_post_call_is_made_to_create_an_employee()
      java.lang.NullPointerException
	at APISteps.APIWorkflowSteps.a_post_call_is_made_to_create_an_employee(APIWorkflowSteps.java:38)
	at âœ½.a Post call is made to create an employee(file:///C:/Users/imark/Desktop/User2/hrms5Cucumber-JUnit/src/test/resources/features/APIWorkFlow.feature:16)

  Then the status code for creating an employee is 201                                               # APISteps.APIWorkflowSteps.the_status_code_for_creating_an_employee_is(int)
  And the employee created contains key "Message" and value "Employee Created"                       # APISteps.APIWorkflowSteps.the_employee_created_contains_key_and_value(java.lang.String,java.lang.String)
  And the emplyeeID "Employee.employee_id" is stored as a global variable to be used for other calls # APISteps.APIWorkflowSteps.the_emplyee_id_is_stored_as_a_global_variable_to_be_used_for_other_calls(java.lang.String)

    Embedding Creating an employee [image/png 66502 bytes]

]]></system-out>
    <system-err><![CDATA[Starting ChromeDriver 92.0.4515.107 (87a818b10553a07434ea9e2b6dccf3cbe7895134-refs/branch-heads/4515@{#1634}) on port 40063
Only local connections are allowed.
Please see https://chromedriver.chromium.org/security-considerations for suggestions on keeping ChromeDriver safe.
ChromeDriver was started successfully.
Aug 25, 2021 11:14:38 PM org.openqa.selenium.remote.ProtocolHandshake createSession
INFO: Detected dialect: W3C
]]></system-err>
  </testcase>
  <testcase name="Retrieving created employee" classname="Syntax HRMS API Workflow" time="14.664">
    <failure message="1 expectation failed.&#10;Expected status code &lt;200&gt; but was &lt;400&gt;.&#10;" type="java.lang.AssertionError"><![CDATA[java.lang.AssertionError: 
1 expectation failed.
Expected status code <200> but was <400>.

]]></failure>
    <system-out><![CDATA[
@APIWorkflow
Scenario: Retrieving created employee                                                                                          # src/test/resources/features/APIWorkFlow.feature:22
  Given JWT is generated                                                                                                       # APISteps.GenerateTokenSteps.jwt_is_generated()
  Given a request is prepared to retrieve the created employee                                                                 # APISteps.APIWorkflowSteps.a_request_is_prepared_to_retrieve_the_created_employee()
  When a GET call is made to retrieve the created employee                                                                     # APISteps.APIWorkflowSteps.a_get_call_is_made_to_retrieve_the_created_employee()
  Then the status code for retrieving the created employee is 200                                                              # APISteps.APIWorkflowSteps.the_status_code_for_retrieving_the_created_employee_is(int)
      java.lang.AssertionError: 1 expectation failed.
Expected status code <200> but was <400>.

	at sun.reflect.NativeConstructorAccessorImpl.newInstance0(Native Method)
	at sun.reflect.NativeConstructorAccessorImpl.newInstance(NativeConstructorAccessorImpl.java:62)
	at sun.reflect.DelegatingConstructorAccessorImpl.newInstance(DelegatingConstructorAccessorImpl.java:45)
	at java.lang.reflect.Constructor.newInstance(Constructor.java:423)
	at org.codehaus.groovy.reflection.CachedConstructor.invoke(CachedConstructor.java:72)
	at org.codehaus.groovy.reflection.CachedConstructor.doConstructorInvoke(CachedConstructor.java:59)
	at org.codehaus.groovy.runtime.callsite.ConstructorSite$ConstructorSiteNoUnwrap.callConstructor(ConstructorSite.java:84)
	at org.codehaus.groovy.runtime.callsite.CallSiteArray.defaultCallConstructor(CallSiteArray.java:59)
	at org.codehaus.groovy.runtime.callsite.AbstractCallSite.callConstructor(AbstractCallSite.java:263)
	at org.codehaus.groovy.runtime.callsite.AbstractCallSite.callConstructor(AbstractCallSite.java:277)
	at io.restassured.internal.ResponseSpecificationImpl$HamcrestAssertionClosure.validate(ResponseSpecificationImpl.groovy:493)
	at io.restassured.internal.ResponseSpecificationImpl$HamcrestAssertionClosure$validate$7.call(Unknown Source)
	at io.restassured.internal.ResponseSpecificationImpl.validateResponseIfRequired(ResponseSpecificationImpl.groovy:674)
	at sun.reflect.NativeMethodAccessorImpl.invoke0(Native Method)
	at sun.reflect.NativeMethodAccessorImpl.invoke(NativeMethodAccessorImpl.java:62)
	at sun.reflect.DelegatingMethodAccessorImpl.invoke(DelegatingMethodAccessorImpl.java:43)
	at java.lang.reflect.Method.invoke(Method.java:498)
	at org.codehaus.groovy.runtime.callsite.PlainObjectMetaMethodSite.doInvoke(PlainObjectMetaMethodSite.java:43)
	at org.codehaus.groovy.runtime.callsite.PogoMetaMethodSite$PogoCachedMethodSiteNoUnwrapNoCoerce.invoke(PogoMetaMethodSite.java:193)
	at org.codehaus.groovy.runtime.callsite.PogoMetaMethodSite.callCurrent(PogoMetaMethodSite.java:61)
	at org.codehaus.groovy.runtime.callsite.AbstractCallSite.callCurrent(AbstractCallSite.java:185)
	at io.restassured.internal.ResponseSpecificationImpl.statusCode(ResponseSpecificationImpl.groovy:126)
	at io.restassured.specification.ResponseSpecification$statusCode$2.callCurrent(Unknown Source)
	at io.restassured.internal.ResponseSpecificationImpl.statusCode(ResponseSpecificationImpl.groovy:134)
	at io.restassured.internal.ValidatableResponseOptionsImpl.statusCode(ValidatableResponseOptionsImpl.java:89)
	at io.restassured.internal.ValidatableResponseImpl.super$2$statusCode(ValidatableResponseImpl.groovy)
	at sun.reflect.NativeMethodAccessorImpl.invoke0(Native Method)
	at sun.reflect.NativeMethodAccessorImpl.invoke(NativeMethodAccessorImpl.java:62)
	at sun.reflect.DelegatingMethodAccessorImpl.invoke(DelegatingMethodAccessorImpl.java:43)
	at java.lang.reflect.Method.invoke(Method.java:498)
	at org.codehaus.groovy.reflection.CachedMethod.invoke(CachedMethod.java:107)
	at groovy.lang.MetaMethod.doMethodInvoke(MetaMethod.java:323)
	at groovy.lang.MetaClassImpl.invokeMethod(MetaClassImpl.java:1268)
	at org.codehaus.groovy.runtime.ScriptBytecodeAdapter.invokeMethodOnSuperN(ScriptBytecodeAdapter.java:144)
	at io.restassured.internal.ValidatableResponseImpl.statusCode(ValidatableResponseImpl.groovy:142)
	at io.restassured.internal.ValidatableResponseImpl.statusCode(ValidatableResponseImpl.groovy)
	at APISteps.APIWorkflowSteps.the_status_code_for_retrieving_the_created_employee_is(APIWorkflowSteps.java:81)
	at âœ½.the status code for retrieving the created employee is 200(file:///C:/Users/imark/Desktop/User2/hrms5Cucumber-JUnit/src/test/resources/features/APIWorkFlow.feature:25)

  And the retrieved employee ID "employee.employee_id" matches the globally stored employee ID                                 # APISteps.APIWorkflowSteps.the_retrieved_employee_id_matches_the_globally_stored_employee_id(java.lang.String)
  And the retrieved data at "employee" matches the data used to create and an employee with employee ID "employee.employee_id" # APISteps.APIWorkflowSteps.the_retrieved_data_at_matches_the_data_used_to_create_and_an_employee_with_employee_id(java.lang.String,java.lang.String,io.cucumber.datatable.DataTable)

    Embedding Retrieving created employee [image/png 66502 bytes]

]]></system-out>
    <system-err><![CDATA[Starting ChromeDriver 92.0.4515.107 (87a818b10553a07434ea9e2b6dccf3cbe7895134-refs/branch-heads/4515@{#1634}) on port 33666
Only local connections are allowed.
Please see https://chromedriver.chromium.org/security-considerations for suggestions on keeping ChromeDriver safe.
ChromeDriver was started successfully.
Aug 25, 2021 11:14:49 PM org.openqa.selenium.remote.ProtocolHandshake createSession
INFO: Detected dialect: W3C
]]></system-err>
  </testcase>
</testsuite>