<?xml version="1.0" encoding="UTF-8"?>
<testsuite xmlns:xsi="http://www.w3.org/2001/XMLSchema-instance" xsi:noNamespaceSchemaLocation="https://maven.apache.org/surefire/maven-surefire-plugin/xsd/surefire-test-report-3.0.xsd" version="3.0" name="Get data from all employees" time="179.437" tests="1" errors="0" skipped="0" failures="0">
  <properties>
[...]
</properties>
  <testcase name="Get data from all employees" classname="Get data from all employees" time="179.437">
    <system-out><![CDATA[
@APIRetrievingAllEmployees
Scenario: Get data from all employees                                            # src/test/resources/features/APIGetAllEmployees.feature:5
  Given JWT is generated                                                         # APISteps.GenerateTokenSteps.jwt_is_generated()
  Given request is prepared to retrieve all employees from database              # APISteps.GetAllEmployeesSteps.request_is_prepared_to_retrieve_all_employees_from_database()
  When a GET call is made to retrieve all employees                              # APISteps.GetAllEmployeesSteps.a_get_call_is_made_to_retrieve_all_employees()
  Then verify a status code for retrieving all employees is 200                  # APISteps.GetAllEmployeesSteps.verify_a_status_code_for_retrieving_all_employees_is(java.lang.Integer)
Total employees: 6844
  And count how many employees we have in Database                               # APISteps.GetAllEmployeesSteps.count_how_many_employees_we_have_in_database()
2033677833 
  Mariaa 
  J 
  Torafnei 
 
2033783320 
  Mriaa 
  J 
  Torafnei 
 
2073783320 
  Mriaa 
  J 
  Toragfnei 
 
585877.0 
  Donaldy 
  O 
  Trump 
 
6.6666666E 
  Donald 
  J 
  Trump 
 
9904366.0 
  Donlifad 
  Jkdjf 
  Trumjudjfp 
 
2222222222 
  David 
  K 
  Wick 
 
13931 
  Madara 
  NineTailedFox 
  Uchiha 
 
13932 
  ali 
  rtb 
  red 
 
13933 
  Madara 
  NMB 
  Uchiha 
 
13942 
  Test 
  Empoyee 
  Test 
 
14008 
  gbgcll 
  vlmrbp 
  vxnlxs 
 
14009 
  efhuac 
  ezmgjp 
  yfezfo 
 
14010 
  xwwvjf 
  evvhhd 
  xeyuwg 
 
14011 
  mxwjut 
  kvsrfy 
  uenspx 
 
14012 
  ovvcke 
  wosjjp 
  udurbu 
 
14014 
  wxiisi 
  qvveio 
  xgrzvi 
 
14016 
  alfwiv 
  ywbbmr 
  vtiisn 
 
14018 
  dyuwkl 
  cpvcki 
  uxhyot 
 
14024 
  John 
  K 
  Wick 
 
14038 
  Valery 
  Krol 
  Zhmih 
 
14041 
  Fkootm 
   
  Ttommm 
 
14045 
  Oeeook 
   
  Yeikto 
 
14048 
  uaqkxi 
  bvdmxy 
  ztajqh 
 
14051 
  zjjdsz 
  xfofzc 
  yticnx 
 
14077A 
  nabila 
  nana 
  tata 
 
14078A 
  nabila 
  nana 
  tata 
 
14079A 
  nabila 
  nana 
  tata 
 
14080A 
  nabila 
  nana 
  tata 
 
14083 
  Me 
  aejkxy 
  tbvbfb 
 
14095A 
  Sermin 
   
  Yasar 
 
14150A 
  Naruto 
  Namikaze 
  Uzamaki 
 
14158A 
  Mariia 
  Mari 
  Yarema 
 
14162A 
  Naruto 
  Namikaze 
  Uzamaki 
 
14238A 
  Yo 
  Old 
  Sun 
 
14260A 
  nabila 
  nana 
  tata 
 
14262A 
  nabila 
  nana 
  tata 
 
14272A 
  nabila 
  nana 
  tata 
 
14273A 
  nabila 
  nana 
  tata 
 
14274A 
  nabila 
  nana 
  tata 
 
14283A 
  nabila 
  nana 
  tata 
 
14370A 
  nabila 
  nana 
  tata 
 
14371A 
  nabila 
  nana 
  tata 
 
14372A 
  nabila 
  nana 
  tata 
 
14378A 
  Valery 
  enotik 
  Zhmishenko 
 
14379A 
  Valery 
  enotik 
  Zhmishenko 
 
14380A 
  Valery 
  krol 
  Zhmishenko 
 
14381A 
  Yo 
  Yo 
  Sun 
 
14400A 
  Miyuki 
   
  Yakuza 
 
14404A 
  Syntax 
  Syntax 
  Technologies 
 
14473A 
  nabila 
  nana 
  tata 
 
14482A 
  nabila 
  nana 
  tata 
 
14483A 
  nabila 
  nana 
  tata 
 
14485A 
  Apple 
  null 
  X 
 
14496A 
  nabila 
  nana 
  tata 
 
14503A 
  nabila 
  nana 
  tata 
 
14512A 
  nabila 
  nana 
  tata 
 
14516A 
  Mariia 
  Mari 
  Yarema 
 
14517A 
  Mariia 
  Mari 
  Yarema 
 
14531A 
  nabila 
  nana 
  tata 
 
14547A 
  Miyuki 
   
  Yakuza 
 
14558A 
  nabila 
  nana 
  tata 
 
14561A 
  Miyuki 
   
  Yakuza 
 
14567A 
  Miyuki 
   
  Yakuza 
 
14577A 
  Miyuki 
   
  Yakuza 
 
14582A 
  Mariia 
  Mari 
  Yarema 
 
14586A 
  nabila 
  nana 
  tata 
 
14597A 
  Miyuki 
   
  Yakuza 
 
14605A 
  Miyuki 
   
  Yakuza 
 
14609A 
  Mariia 
  Mari 
  Yarema 
 
14620A 
  nabila 
  nana 
  tata 
 
14638A 
  Mariia 
  Mari 
  Yarema 
 
14639A 
  nabila 
  nana 
  tata 
 
14647A 
  nabila 
  nana 
  tata 
 
14652A 
  nabila 
  nana 
  tata 
 
14655A 
  Mariia 
  Mari 
  Yarema 
 
14667A 
  Miyuki 
   
  Yakuza 
 
14668A 
  Mariia 
  Mari 
  Yarema 
 
14670A 
  Mariia 
  Mari 
  Yarema 
 
14673A 
  Mariia 
  Mari 
  Yarema 
 
14697A 
  Miyuki 
   
  Yakuza 
 
14720A 
  Mariia 
  Mari 
  Yarema 
 
14725A 
  Miyuki 
   
  Yakuza 
 
14729A 
  nabila 
  nana 
  tata 
 
14731A 
  Miyuki 
   
  Yakuza 
 
14746A 
  Mariia 
  Mari 
  Yarema 
 
14752A 
  Mariia 
  Mari 
  Yarema 
 
14758A 
  Mariia 
  Mari 
  Yarema 
 
14787A 
  nabila 
  nana 
  tata 
 
14790A 
  Mariia 
  Mari 
  Yarema 
 
14793A 
  nabila 
  nana 
  tata 
 
14802A 
  Mariia 
  Mari 
  Yarema 
 
14804A 
  Mariia 
  Mari 
  Yarema 
 
14805A 
  Mariia 
  Mari 
  Yarema 
 
14806A 
  Mariia 
  Mari 
  Yarema 
 
14820A 
  nabila 
  nana 
  tata 
 
14823A 
  Mariia 
  Mari 
  Yarema 
 
14824A 
  nabila 
  nana 
  tata 
 
14831A 
  Miyuki 
   
  Yakuza 
 
14834A 
  nabila 
  nana 
  tata 
 
14841A 
  Miyuki 
   
  Yakuza 
 
14853A 
  nabila 
  nana 
  tata 
 
14854A 
  Mariia 
  Mari 
  Yarema 
 
14859A 
  Miyuki 
   
  Yakuza 
 
14869A 
  Mariia 
  Mari 
  Yarema 
 
14889A 
  Miyuki 
   
  Yakuza 
 
14897A 
  Mariia 
  Mari 
  Yarema 
 
14978A 
  Mariia 
  Mari 
  Yarema 
 
15005A 
  Miyuki 
   
  Yakuza 
 
15007A 
  Miyuki 
   
  Yakuza 
 
15036A 
  Mariia 
  Mari 
  Yarema 
 
15043A 
  Mariia 
  Mari 
  Yarema 
 
15048A 
  nabila 
  nana 
  tata 
 
15063A 
  nabila 
  nana 
  tata 
 
15158A 
  Miyuki 
   
  Yakuza 
 
15164A 
  Miyuki 
   
  Yakuza 
 
15177A 
  Mariia 
  Mari 
  Yarema 
 
15183A 
  Mariia 
  Mari 
  Yarema 
 
15195A 
  Mariia 
  Mari 
  Yarema 
 
15365A 
  ABC 
   
  XYZ 
 
15388A 
  {{updated_first_name}} 
  Trop 
  {{updated_last_name}} 
 
15483A 
  Nazi 
   
  Taday 
 
15485A 
  {{updated_first_name}} 
  W 
  {{updated_last_name}} 
 
15486A 
  Indi 
  null 
  Zhanas 
 
15487A 
  Indi 
  null 
  Zhanasq 
 
15490A 
  Indi 
  null 
  Zhanasq 
 
15491A 
  Indi 
  null 
  Zhanasq 
 
15492A 
  Indi 
  null 
  Zhanasq 
 
15495A 
  Iliya 
   
  Zam 
 
15497A 
  Mah 
   
  Zam 
 
15498A 
  Baba 
   
  Zam 
 
15500A 
  Baba 
   
  Zam 
 
15501A 
  Baba 
   
  Zam 
 
15502A 
  Baba 
   
  Zam 
 
15557A 
  Yo 
  Yo 
  Sun 
 
15558A 
  Yo 
  Yo 
  Sun 
 
15559A 
  Yo 
  Yo 
  Sun 
 
15560A 
  Yo 
  Yo 
  Sun 
 
15561A 
  Yo 
  Yo 
  Sun 
 
15562A 
  Yo 
  Yo 
  Sun 
 
15563A 
  Yo 
  Yo 
  Sun 
 
15564A 
  Yo 
  Yo 
  Sun 
 
15565A 
  Yo 
  Yo 
  Sun 
 
15566A 
  Yo 
  Yo 
  Sun 
 
15567A 
  Yo 
  Yo 
  Sun 
 
15568A 
  Yo 
  Yo 
  Sun 
 
15569A 
  Yo 
  Yo 
  Sun 
 
15570A 
  Yo 
  Yo 
  Sun 
 
15575A 
  Yo 
  Yo 
  Sun 
 
15577A 
  Yo 
  Yo 
  Sun 
 
15578A 
  Yo 
  Yo 
  Sun 
 
15581A 
  Mariia 
  Mari 
  Yarema 
 
15583A 
  Mariia 
  Mari 
  Yarema 
 
15584A 
  Mariia 
  Mari 
  Yarema 
 
15585A 
  Mariia 
  Mari 
  Yarema 
 
15586A 
  Mariia 
  Mari 
  Yarema 
 
15587A 
  Mariia 
  Mari 
  Yarema 
 
15599A 
  Yo 
  Yo 
  Sun 
 
15602A 
  nabila 
  nana 
  tata 
 
15603A 
  nabila 
  nana 
  tata 
 
15616A 
  nabila 
  nana 
  tata 
 
15617A 
  nabila 
  nana 
  tata 
 
15618A 
  nabila 
  nana 
  tata 
 
15619A 
  nabila 
  nana 
  tata 
 
15620A 
  Miyuki 
   
  Yakuza 
 
15622A 
  nabila 
  nana 
  tata 
 
15623A 
  nabila 
  nana 
  tata 
 
15624A 
  nabila 
  nana 
  tata 
 
15626A 
  nabila 
  nana 
  tata 
 
15627A 
  nabila 
  nana 
  tata 
 
15661A 
  Indi 
  null 
  Zhanasq 
 
15666A 
  Indi 
  null 
  Zhanasq 
 
15667A 
  Indi 
  null 
  Zhanasq 
 
15668A 
  Indi 
  null 
  Zhanasq 
 
15669A 
  Indi 
  null 
  Zhanasq 
 
15670A 
  Indi 
  null 
  Zhanasq 
 
15671A 
  Indi 
  null 
  Zhanasq 
 
15675A 
  Indi 
  null 
  Zhanasq 
 
15676A 
  Indi 
  null 
  Zhanasq 
 
15678A 
  Indi 
  null 
  Zhanasq 
 
15679A 
  Indi 
  null 
  Zhanasq 
 
15680A 
  Indi 
  null 
  Zhanasq 
 
15681A 
  Indi 
  null 
  Zhanasq 
 
15682A 
  Indi 
  null 
  Zhanasq 
 
15683A 
  Indi 
  null 
  Zhanasq 
 
15684A 
  Indi 
  null 
  Zhanasq 
 
15685A 
  Indi 
  null 
  Zhanasq 
 
15686A 
  Indi 
  null 
  Zhanasq 
 
15687A 
  Indi 
  null 
  Zhanasq 
 
15688A 
  Indi 
  null 
  Zhanasq 
 
15689A 
  Indi 
  null 
  Zhanasq 
 
15690A 
  Indi 
  null 
  Zhanasq 
 
15691A 
  Indi 
  null 
  Zhanasq 
 
15692A 
  Indi 
  null 
  Zhanasq 
 
15693A 
  Indi 
  null 
  Zhanasq 
 
15695A 
  Indi 
  null 
  Zhanasq 
 
15696A 
  Indi 
  null 
  Zhanasq 
 
15699A 
  Indi 
  null 
  Zhanasq 
 
15702A 
  Indi 
  null 
  Zhanasq 
 
15704A 
  Indi 
  null 
  Zhanasq 
 
15707A 
  Indi 
  null 
  Zhanasq 
 
15710A 
  Indi 
  null 
  Zhanasq 
 
15721A 
  Valery 
  enotik 
  Zhmishenko 
 
15729A 
  Yo 
  Yo 
  Sun 
 
15815A 
  Sofiia 
   
  Yarema 
 
15834A 
  Sofiia 
   
  Yarema 
 
15846A 
  Sofiia 
   
  Yarema 
 
14141 
  Sergey 
  V 
  Vershinin 
 
14150 
  xyz 
   
  pqr 
 
 
  John 
  Richard 
  Doe 
 
14162 
  what 
  is 
  up 
 
14188 
  Mariia 
  Marple 
  Yarema 
 
14238 
  Lily 
  ok 
  Profile 
 
14254 
  al 
  is 
  up 
 
14260 
  Hu 
  how 
  wa 
 
14262 
  y 
  g 
  d 
 
14272 
  Lily 
  Fake 
  Profile 
 
14273 
  ss 
  k 
  k 
 
14274 
  qjs 
  mix 
  kxk 
 
14283 
  haaa 
  myy 
  hair 
 
15942A 
  Yo 
  Yo 
  Sun 
 
15943A 
  Yo 
  Yo 
  Sun 
 
15944A 
  Yo 
  Yo 
  Sun 
 
14304 
  test2 
  test2 
  test2 
 
15945A 
  YOyoyoYO 
  Yo 
  Sun 
 
14316 
  Alona 
   
  Ugryn 
 
15963A 
  Baba 
   
  Zam 
 
14324 
  Alona 
   
  Ugryn 
 
15975A 
  Baba 
   
  Zam 
 
15976A 
  Baba 
   
  Zam 
 
15987A 
  ABCD 
   
  XYZQ 
 
15988A 
  ABCD 
   
  XYZQ 
 
15989A 
  {{updated_first_name}} 
   
  XYZQ 
 
15991A 
  ABCD 
   
  XYZQ 
 
15992A 
  ABCD 
   
  XYZQ 
 
15993A 
  ABCD 
   
  XYZQ 
 
15996A 
  YoAnusha4545 
  Yo 
  Sun 
 
15999A 
  Yo 
  Yo 
  Sun 
 
14355 
  ZZZZZZZ 
  ZZZZZZZZZZ 
  ZZZZZZZZZZ39 
 
14370 
  Kate 
  Angela 
  Foster 
 
14371 
  Thor 
   
  Porter 
 
14372 
  Thor 
   
  Porter 
 
16054A 
  Tom 
  W 
  White 
 
16058A 
  Baba 
   
  Zam 
 
16059A 
  Borga 
   
  XYZQ 
 
16061A 
  Baba 
   
  Zam 
 
16062A 
  Baba 
   
  Zam 
 
16067A 
  Baba 
   
  Zam 
 
16068A 
  Baba 
   
  Zam 
 
16070A 
  Baba 
   
  Zam 
 
16071A 
  Baba 
   
  Zam 
 
14378 
  Marta 
  Mary 
  Ostash 
 
14379 
  Marta 
  Mary 
  Ostash 
 
14380 
  kay 
   
  motto 
 
14381 
  selenium 
   
  tester 
 
16084A 
  Yo 
  Yo 
  Sun 
 
16111A 
  Yosun 
  Yo 
  Sunyo 
 
16112A 
  Yo 
  Yo 
  Sun 
 
16123A 
  Baba 
   
  Zam 
 
16124A 
  Baba 
   
  Zam 
 
16125A 
  Baba 
   
  Zam 
 
16126A 
  Baba 
   
  Zam 
 
16127A 
  Baba 
   
  Zam 
 
16128A 
  Baba 
   
  Zam 
 
16129A 
  Baba 
   
  Zam 
 
16144A 
  Baba 
  fff 
  Zam 
 
16146A 
  Borga 
  W 
  XYZQ 
 
16170A 
  Yosun 
  Yo 
  Sunyo 
 
16181A 
  Tom 
   
  XYZQ 
 
16208A 
  Tom 
   
  XYZQ 
 
16209A 
  Tom 
  W 
  XYZQ 
 
16219A 
  Anna 
  W 
  White 
 
16323A 
  Tom 
   
  XYZQ 
 
16329A 
  nabila 
  nana 
  tata 
 
16373A 
  Aigerim 
  Null 
  Telpekbayeva 
 
16550A 
  Eugene 
  Mari 
  Markadanov 
 
14400 
  John 
  John 
  Doe 
 
14404 
  John 
  John 
  Doe 
 
16872A 
  Valery 
  enotik 
  Zhmishenko 
 
16873A 
  Valery 
  Gladiator22854 
  Zhmishenko 
 
16879A 
  Valery 
  Gladiator22854 
  Zhmishenko 
 
16880A 
  Valery 
  Gladiator22854 
  Zhmishenko 
 
16881A 
  Valery 
  Gladiator22854 
  Zhmishenko 
 
16882A 
  Valery 
  Gladiator22854 
  Zhmishenko 
 
16883A 
  Valery 
  Gladiator22854 
  Zhmishenko 
 
16884A 
  Valery 
  Gladiator22854 
  Zhmishenko 
 
16886A 
  Valery 
  Gladiator22854 
  Zhmishenko 
 
17145A 
  Yo 
  Yo 
  Sun 
 
17146A 
  Yo 
  Yo 
  Sun 
 
17147A 
  Yo 
  Yo 
  Sun 
 
17462A 
  Andrii 
  Mari 
  Yarema 
 
17584A 
  Indi 
  null 
  Zhandasq 
 
17586A 
  Indi 
  null 
  Zhandasq 
 
17587A 
  Indi 
  null 
  Zhandasq 
 
17590A 
  Indi 
  null 
  Zhandasq 
 
17591A 
  Indi 
  null 
  Zhandasq 
 
17593A 
  Indi 
  null 
  Zhandasq 
 
17601A 
  Indi 
  null 
  Zhandasq 
 
17602A 
  Indi 
  null 
  Zhandasq 
 
17603A 
  Indi 
  null 
  Zhandasq 
 
17606A 
  Indi 
  null 
  Zhandasq 
 
17777A 
  Tarkan 
  Bey 
  Tevetoglu 
 
17779A 
  Tarkan 
  Bey 
  Tevetoglu 
 
17781A 
  Tarkan 
  Bey 
  Tevetoglu 
 
17782A 
  LOMA 
   
  SYNTAX 
 
17783A 
  LOMA 
   
  SYNTAX 
 
17785A 
  Tarkan 
  Bey 
  Tevetoglu 
 
17786A 
  nabila 
  nana 
  tata 
 
17789A 
  Tarkan 
  Bey 
  Tevetoglu 
 
17790A 
  Tarkan 
  Bey 
  Tevetoglu 
 
17791A 
  Tarkan 
  Bey 
  Tevetoglu 
 
17792A 
  Tarkan 
  Bey 
  Tevetoglu 
 
17793A 
  nabila 
  nana 
  tata 
 
17794A 
  nabila 
  nana 
  tata 
 
17795A 
  nabila 
  nana 
  tata 
 
17796A 
  Tarkan 
  Bey 
  Tevetoglu 
 
17797A 
  Andrii 
  Andrew 
  Yarema 
 
17804A 
  nabila 
  nana 
  tata 
 
17843A 
  Andrii 
  Andrew 
  Yarema 
 
17844A 
  Andrii 
  Andrew 
  Yarema 
 
17847A 
  Andrii 
  Andrew 
  Yarema 
 
17848A 
  Andrii 
  Andrew 
  Yarema 
 
17849A 
  Andrii 
  Andrew 
  Yarema 
 
17850A 
  Andrii 
  Andrew 
  Yarema 
 
17851A 
  Andrii 
  Andrew 
  Yarema 
 
17852A 
  Andrii 
  Andrew 
  Yarema 
 
17854A 
  Andrii 
  Andrew 
  Yarema 
 
17855A 
  Andrii 
  Andrew 
  Yarema 
 
17928A 
  nabila 
  nana 
  tata 
 
17929A 
  nabila 
  nana 
  tata 
 
17930A 
  nabila 
  nana 
  tata 
 
17931A 
  nabila 
  nana 
  tata 
 
17932A 
  nabila 
  nana 
  tata 
 
17933A 
  nabila 
  nana 
  tata 
 
17937A 
  nabila 
  nana 
  tata 
 
17944A 
  nabila 
  nana 
  tata 
 
17946A 
  nabila 
  nana 
  tata 
 
17973A 
  IndiRA 
  null 
  Zhana 
 
17996A 
  Valery 
  enotik 
  Zhmishenko 
 
17997A 
  Valery 
  enotik 
  Zhmishenko 
 
17998A 
  Valery 
  enotik 
  Zhmishenko 
 
17999A 
  Valery 
  enotik 
  Zhmishenko 
 
18000A 
  Valery 
  enotik 
  Zhmishenko 
 
18001A 
  Valery 
  enotik 
  Zhmishenko 
 
18002A 
  Valery 
  enotik 
  Zhmishenko 
 
18003A 
  Valery 
  enotik 
  Zhmishenko 
 
18004A 
  Valery 
  enotik 
  Zhmishenko 
 
18005A 
  Valery 
  enotik 
  Zhmishenko 
 
18006A 
  Valery 
  enotik 
  Zhmishenko 
 
18007A 
  Valery 
  enotik 
  Zhmishenko 
 
18008A 
  Valery 
  enotik 
  Zhmishenko 
 
18009A 
  Valery 
  enotik 
  Zhmishenko 
 
18010A 
  Valery 
  enotik 
  Zhmishenko 
 
18011A 
  Valery 
  enotik 
  Zhmishenko 
 
18012A 
  Valery 
  enotik 
  Zhmishenko 
 
18013A 
  Valery 
  enotik 
  Zhmishenko 
 
18014A 
  Valery 
  enotik 
  Zhmishenko 
 
18015A 
  Valery 
  enotik 
  Zhmishenko 
 
18016A 
  Valery 
  enotik 
  Zhmishenko 
 
18017A 
  Valery 
  enotik 
  Zhmishenko 
 
18018A 
  Valery 
  enotik 
  Zhmishenko 
 
18019A 
  Valery 
  enotik 
  Zhmishenko 
 
18020A 
  Valery 
  enotik 
  Zhmishenko 
 
18021A 
  Valery 
  enotik 
  Zhmishenko 
 
18022A 
  Valery 
  enotik 
  Zhmishenko 
 
18023A 
  Valery 
  enotik 
  Zhmishenko 
 
18024A 
  Valery 
  enotik 
  Zhmishenko 
 
18026A 
  Valery 
  enotik 
  Zhmishenko 
 
18027A 
  Valery 
  enotik 
  Zhmishenko 
 
18028A 
  Valery 
  enotik 
  Zhmishenko 
 
18029A 
  Valery 
  enotik 
  Zhmishenko 
 
18032A 
  Yoyoyoyoyo 
  Old 
  Sun 
 
18064A 
  nabila 
  nana 
  tata 
 
18065A 
  nabila 
  nana 
  tata 
 
18066A 
  nabila 
  nana 
  tata 
 
18067A 
  nabila 
  nana 
  tata 
 
14473 
  Thoron 
   
  Potter 
 
222222.0 
  Sofiia 
  Sof 
  Hrustai 
 
14483 
  Den 
  Pen 
  Petrov 
 
14485 
  Wmkeot 
   
  Rgokeg 
 
14495 
  John 
  K 
  Wick 
 
111116 
  Jack 
  J 
  Toronto 
 
18076A 
  Valery 
  enotik 
  Zhmishenko 
 
18077A 
  Valery 
  enotik 
  Zhmishenko 
 
18078A 
  Andrii 
  Andrew 
  Yarema 
 
18080A 
  Andrii 
  Andrew 
  Yarema 
 
18081A 
  Andrii 
  Andrew 
  Yarema 
 
18082A 
  Andrii 
  Andrew 
  Yarema 
 
14503 
  Madara 
  9Tails 
  Uchiha 
 
18084A 
  Andrii 
  Andrew 
  Yarema 
 
18085A 
  Andrii 
  Andrew 
  Yarema 
 
18086A 
  Andrii 
  Andrew 
  Yarema 
 
18087A 
  Andrii 
  Andrew 
  Yarema 
 
18088A 
  Andrii 
  Andy 
  Yarema 
 
 
  moazzam 
   
  sadiq 
 
 
  nabila 
   
  tata 
 
14517 
  nabila 
   
  tata 
 
 
  nabila 
   
  tata 
 
18097A 
  nabila 
  nana 
  tata 
 
18109A 
  nabila 
  nana 
  tata 
 
14547 
  nabila 
  nana 
  tata 
 
14557 
  John 
  K 
  Wick 
 
3333.0 
  Asdaas 
  sAddadfgss 
  Wgssdsadsss 
 
131144 
  cee 
  L 
  Smsonann 
 
14567 
  Mark 
  J 
  Smith 
 
14577 
  Ali 
  Osman 
  Kursun 
 
14582 
  James 
  007 
  Bond 
 
14586 
  Madara 
  9Tails 
  Uchiha 
 
145998 
  Antonina 
   
  Petrova 
 
18170A 
  Andrii 
  Andrew 
  Yarema 
 
18171A 
  Andrii 
  Andrew 
  Yarema 
 
18172A 
  Andrii 
  Andrew 
  Yarema 
 
18173A 
  Andrii 
  Andrew 
  Yarema 
 
18174A 
  Andrii 
  Andrew 
  Yarema 
 
18175A 
  Andruha 
  Andy 
  Yarema 
 
18176A 
  Andrii 
  Andrew 
  Yarema 
 
18177A 
  Andrii 
  Andrew 
  Yarema 
 
18178A 
  Andrii 
  Andrew 
  Yarema 
 
18179A 
  Andrii 
  Andrew 
  Yarema 
 
14605 
  Molly 
  Ann 
  Brown 
 
14609 
  Madara 
  9Tails 
  Uchiha 
 
14610 
  Madara 
  9Tails 
  Uchiha 
 
18289A 
  Lolo 
  Do 
  Yolo 
 
18290A 
  Andrii 
  Andrew 
  Yarema 
 
18291A 
  Andrii 
  Andrew 
  Yarema 
 
14620 
  Faisal 
  F 
  Sakhi 
 
14622 
  Yunus 
  Emre 
  Yakut 
 
14629 
  zzzzzzz 
   
  zzzzzzzzzzzz 
 
14638 
  John 
  John 
  Doe 
 
14639 
  John 
  John 
  Doe 
 
14647 
  John 
  John 
  John 
 
14652 
  Oksana 
  Anita 
  Larana 
 
14655 
  Oksana 
  Anita 
  Larana 
 
14660 
  John 
  K 
  Wick 
 
14662 
  BABA 
  ALIYU 
  TUNDE 
 
14667 
  stokfh 
  lgxsyj 
  yejlka 
 
14668 
  uikozg 
  qocvvh 
  qpnbsz 
 
14670 
  John19 
  Sam 
  Smith 
 
14673 
  Samuel 
  John 
  Jacob 
 
18455A 
  reviewClassBatch8 
   
  test 
 
14697 
  Rahim 
  Abdul 
  Nazaryan 
 
18479A 
  Yo 
  Yo 
  Sun 
 
14701 
  Rahim 
  Abdul 
  Sultan 
 
14705 
  Rahim 
  Abdul 
  Sultan 
 
14708 
  Rahim 
  Khasn 
  Sultan 
 
14715 
  Rahim 
  Khasn 
  Sultan 
 
160099 
  Rahim 
  Khasn 
  Sultan 
 
190099 
  Rahim 
  Khasn 
  Sultan 
 
14725 
  Thor 
  Osman 
  Potter 
 
14729 
  John 
  John 
  Doe 
 
14731 
  John 
   
  Wick 
 
18491A 
  ReviewClassHi 
   
  test 
 
14746 
  John 
   
  Smith 
 
14752 
  John 
   
  Smith 
 
14758 
  John 
   
  Smith 
 
14787 
  John 
   
  Smith 
 
14790 
  John 
   
  Smith 
 
14793 
  John 
   
  Smith 
 
18506A 
  Lesia 
  Andriivna 
  Yuschusun 
 
18507A 
  Lesia 
  Andriivna 
  Yuschusun 
 
18508A 
  Lesia 
  Andriivna 
  Yuschusun 
 
18509A 
  Lesia 
  Andriivna 
  Yuschusun 
 
18510A 
  Lesia 
  Andriivna 
  Yuschusun 
 
18512A 
  Lesia 
  Andriivna 
  Yuschusun 
 
14802 
  John 
   
  Smith 
 
14804 
  John 
   
  Smith 
 
14805 
  John 
   
  Smith 
 
14806 
  John 
   
  Smith 
 
14820 
  John 
   
  Smith 
 
14823 
  John 
   
  Smith 
 
14824 
  John 
   
  Smith 
 
14831 
  Thor 
   
  Potter 
 
14834 
  Faisal 
  F 
  Sakhi 
 
18586A 
  Anastasiia 
  K 
  Zaiceva 
 
18588A 
  Anastasiia 
  K 
  Zaiceva 
 
18589A 
  Anastasiia 
  K 
  Zaiceva 
 
18590A 
  Anastasiia 
  K 
  Zaiceva 
 
18591A 
  Anastasiia 
  K 
  Zaiceva 
 
18604A 
  Anastasiia 
  K 
  Zaiceva 
 
18606A 
  Anastasiia 
  K 
  Zaiceva 
 
18607A 
  Anastasiia 
  K 
  Zaiceva 
 
18608A 
  Anastasiia 
  K 
  Zaiceva 
 
18611A 
  Anastasiia 
  K 
  Zaiceva 
 
18612A 
  Anastasiia 
  K 
  Zaiceva 
 
18613A 
  Anastasiia 
  K 
  Zaiceva 
 
18614A 
  Anastasiia 
  K 
  Zaiceva 
 
18615A 
  Anastasiia 
  K 
  Zaiceva 
 
18616A 
  Anastasiia 
  K 
  Zaiceva 
 
18617A 
  Anastasiia 
  K 
  Zaiceva 
 
18618A 
  Anastasiia 
  K 
  Zaiceva 
 
18619A 
  Anastasiia 
  K 
  Zaiceva 
 
18620A 
  Anastasiia 
  K 
  Zaiceva 
 
18621A 
  Anastasiia 
  K 
  Zaiceva 
 
18622A 
  Anastasiia 
  K 
  Zaiceva 
 
18623A 
  Anastasiia 
  K 
  Zaiceva 
 
18624A 
  Anastasiia 
  K 
  Zaiceva 
 
18625A 
  Anastasiia 
  K 
  Zaiceva 
 
18626A 
  Anastasiia 
  K 
  Zaiceva 
 
18627A 
  Anastasiia 
  K 
  Zaiceva 
 
18628A 
  Anastasiia 
  K 
  Zaiceva 
 
18629A 
  Anastasiia 
  K 
  Zaiceva 
 
18630A 
  Anastasiia 
  K 
  Zaiceva 
 
18631A 
  Anastasiia 
  K 
  Zaiceva 
 
18632A 
  Anastasiia 
  K 
  Zaiceva 
 
18633A 
  Anastasiia 
  K 
  Zaiceva 
 
18635A 
  Anastasiia 
  K 
  Zaiceva 
 
18636A 
  Anastasiia 
  K 
  Zaiceva 
 
18637A 
  Anastasiia 
  K 
  Zaiceva 
 
18638A 
  Anastasiia 
  K 
  Zaiceva 
 
18639A 
  Anastasiia 
  K 
  Zaiceva 
 
18640A 
  Anastasiia 
  K 
  Zaiceva 
 
18641A 
  Anastasiia 
  K 
  Zaiceva 
 
18642A 
  Anastasiia 
  K 
  Zaiceva 
 
18643A 
  Anastasiia 
  K 
  Zaiceva 
 
18644A 
  Anastasiia 
  K 
  Zaiceva 
 
18645A 
  Anastasiia 
  K 
  Zaiceva 
 
18646A 
  Anastasiia 
  K 
  Zaiceva 
 
18647A 
  Anastasiia 
  K 
  Zaiceva 
 
18648A 
  Anastasiia 
  K 
  Zaiceva 
 
18651A 
  Lucas 
  Mopheus 
  Tannis 
 
18652A 
  Lucas 
  Mopheus 
  Tannis 
 
18653A 
  Lucas 
  Mopheus 
  Tannis 
 
18654A 
  Lucas 
  Mopheus 
  Tannis 
 
18655A 
  Lucas 
  Mopheus 
  Tannis 
 
18659A 
  Anastasiia 
  K 
  Zaiceva 
 
18660A 
  Anastasiia 
  K 
  Zaiceva 
 
18661A 
  Anastasiia 
  K 
  Zaiceva 
 
18662A 
  Anastasiia 
  K 
  Zaiceva 
 
18663A 
  Anastasiia 
  K 
  Zaiceva 
 
18664A 
  Anastasiia 
  K 
  Zaiceva 
 
18665A 
  Anastasiia 
  K 
  Zaiceva 
 
18666A 
  Anastasiia 
  K 
  Zaiceva 
 
18667A 
  Anastasiia 
  K 
  Zaiceva 
 
18668A 
  Anastasiia 
  K 
  Zaiceva 
 
18669A 
  Anastasiia 
  K 
  Zaiceva 
 
18670A 
  Anastasiia 
  K 
  Zaiceva 
 
18671A 
  Anastasiia 
  K 
  Zaiceva 
 
18672A 
  Anastasiia 
  K 
  Zaiceva 
 
18673A 
  Anastasiia 
  K 
  Zaiceva 
 
18674A 
  Anastasiia 
  K 
  Zaiceva 
 
18675A 
  Anastasiia 
  K 
  Zaiceva 
 
18686A 
  Anastasiia 
  K 
  Zaiceva 
 
18687A 
  Anastasiia 
  K 
  Zaiceva 
 
18689A 
  Anastasiia 
  K 
  Zaiceva 
 
18690A 
  Anastasiia 
  K 
  Zaiceva 
 
14841 
  Maria 
   
  Pole 
 
14853 
  Jacob22 
   
  Alvial22 
 
14854 
  Valerie13 
   
  Alvial13 
 
14859 
  dddd 
   
  dd 
 
18878A 
  Yooo 
  Yooo 
  Sun 
 
18879A 
  Yooo 
  Yooo 
  Sun 
 
18880A 
  Yooo 
  Yooo 
  Sun 
 
18881A 
  Yooo 
  Yooo 
  Sun 
 
14869 
  Ded 
   
  Moroz 
 
18885A 
  Yooo 
  Yooo 
  Sun 
 
18886A 
  Yooo 
  Yooo 
  Sun 
 
18887A 
  Yooo 
  Yooo 
  Sun 
 
18888A 
  Yooo 
  Yooo 
  Sun 
 
18889A 
  Yooo 
  Yooo 
  Sun 
 
18906A 
  YoSun 
  Yo 
  SunYO 
 
18907A 
  YoSun 
  Yo 
  SunYO 
 
18908A 
  YoSun 
  Yo 
  SunYO 
 
18909A 
  YoSun 
  Yo 
  SunYO 
 
18910A 
  YoSun 
  Yo 
  SunYO 
 
18911A 
  YoSun 
  Yo 
  SunYO 
 
18912A 
  YoSun 
  Yo 
  SunYO 
 
18913A 
  YoSun 
  Yo 
  SunYO 
 
18914A 
  YoSun 
  Yo 
  SunYO 
 
18915A 
  YoSun 
  Yo 
  SunYO 
 
18916A 
  YoSun 
  Yo 
  SunYO 
 
18917A 
  YoSun 
  Yo 
  SunYO 
 
18918A 
  YoSun 
  Yo 
  SunYO 
 
18919A 
  YoSun 
  Yo 
  SunYO 
 
18920A 
  YoSun 
  Yo 
  SunYO 
 
18921A 
  YoSun 
  Yo 
  SunYO 
 
18922A 
  YoSun 
  Yo 
  SunYO 
 
18923A 
  YoSun 
  Yo 
  SunYO 
 
18924A 
  YoSun 
  Yo 
  SunYO 
 
18925A 
  YoSun 
  Yo 
  SunYO 
 
18926A 
  YoSun 
  Yo 
  SunYO 
 
18927A 
  YoSun 
  Yo 
  SunYO 
 
18928A 
  YoSun 
  Yo 
  SunYO 
 
18929A 
  YoSun 
  Yo 
  SunYO 
 
18930A 
  YoSun 
  Yo 
  SunYO 
 
18931A 
  YoSun 
  Yo 
  SunYO 
 
18932A 
  YoSun 
  Yo 
  SunYO 
 
18933A 
  YoSun 
  Yo 
  SunYO 
 
18934A 
  YoSun 
  Yo 
  SunYO 
 
18935A 
  YoSun 
  Yo 
  SunYO 
 
18936A 
  YoSun 
  Yo 
  SunYO 
 
18937A 
  YoSun 
  Yo 
  SunYO 
 
18938A 
  YoSun 
  Yo 
  SunYO 
 
18939A 
  YoSun 
  Yo 
  SunYO 
 
18940A 
  YoSun 
  Yo 
  SunYO 
 
18941A 
  YoSun 
  Yo 
  SunYO 
 
18942A 
  YoSun 
  Yo 
  SunYO 
 
18943A 
  YoSun 
  Yo 
  SunYO 
 
18944A 
  YoSun 
  Yo 
  SunYO 
 
1488912345 
  Ali 
   
  Pak 
 
1489712345 
  Ali 
   
  Pak1 
 
14978 
  ttt 
   
  ttt 
 
15005 
  Ali 
   
  Nazarov 
 
15007 
  Jane 
   
  Buffet 
 
19010A 
  asliii 
   
  stringggg 
 
19011A 
  asliii 
   
  stringggg 
 
19012A 
  asliii 
   
  stringggg 
 
19013A 
  asliiiiiiiii 
   
  stringiiiiiiiiiiiiggg 
 
19014A 
  asliiiiiiiii 
   
  stringiiiiiiiiiiiiggg 
 
19015A 
  asliiiiiiiii 
   
  stringiiiiiiiiiiiiggg 
 
19016A 
  asliiiiiiiii 
   
  stringiiiiiiiiiiiiggg 
 
19017A 
  asliiiiiiiii 
   
  stringiiiiiiiiiiiiggg 
 
19018A 
  asliiiiiiiii 
   
  stringiiiiiiiiiiiiggg 
 
15036 
  j 
   
  k 
 
15043 
  JAVA 
   
  BEST 
 
15048 
  moazam 
   
  sadiq 
 
15063 
  moazam 
   
  sadiq 
 
15116 
  Syntax 
   
  Technology 
 
15119 
  Syntax 
   
  Technology 
 
15121 
  Syntax 
   
  Technology 
 
15138 
  Yemen 
   
  Yemen 
 
15141 
  Yemen 
   
  Yemen 
 
15143 
  Yemen 
   
  Yemen 
 
15147 
  Yemen 
   
  Yemen 
 
15148 
  Yemen 
   
  Yemen 
 
15151 
  Lisa 
   
  Why 
 
15152 
  Yemen 
   
  Yemen 
 
15158 
  Yenem 
   
  Tone 
 
15164 
  Thor 
   
  Potter 
 
15177 
  Syntax 
   
  Technology 
 
15183 
  Kseniia 
   
  White 
 
15195 
  Alex 
   
  Brown 
 
15249 
  Vladik 
   
  Vladislau 
 
15273 
  metin 
   
  T 
 
15289 
  John9 
   
  White9 
 
15294 
  Jenny 
   
  Torgersen 
 
15299 
  Jennifer 
   
  Torgersen 
 
15300 
  Daniel 
   
  Terrazzas 
 
15303 
  Twotest 
   
  Twotestdata 
 
15304 
  Threetest 
   
  Threetestdata 
 
15306 
  Fivetest 
   
  Testdatafive 
 
15365 
  John 
   
  Mac Gregory 
 
15388 
  Eliazddd 
   
  ddiazz 
 
15395 
  John 
  K 
  Wick 
 
15400 
  Walll 
   
  Wallace 
 
19057A 
  Alexsandra 
  Alex 
  White 
 
19058A 
  Alexsandra 
  Alex 
  White 
 
15417 
  ali 
   
  veli 
 
15418 
  Ali 
  Veli 
  Deli 
 
15426 
  Syntax 
   
  Technology 
 
15427 
  John 
  sam 
  Smith 
 
15428 
  Test1 
   
  Test2 
 
15429 
  mj 
   
  mayar 
 
15430 
  test88 
   
  testing 
 
15431 
  test123 
   
  test12345 
 
15432 
  ghdhfd 
   
  dghsd 
 
15433 
  test 
   
  test12345 
 
15434 
  test123 
   
  test1234 
 
15435 
  test123 
   
  Smith 
 
15436 
  syed 
   
  Test@123 
 
15437 
  syntax 
   
  technologies 
 
15438 
  test1234 
   
  test123456 
 
15439 
  test 
   
  test12345 
 
15440 
  test 
   
  test12345 
 
15441 
  Abc 
   
  Mkan 
 
15442 
  syed 
   
  Mohmoody 
 
15443 
  test123 
   
  test123@ 
 
15444 
  test123 
   
  test12345 
 
15445 
  test 
   
  test12345 
 
15446 
  test123 
   
  test12345 
 
15447 
  test123 
   
  test12345 
 
15448 
  ghdhfd 
   
  dghsd 
 
15449 
  test123 
   
  test12345 
 
15450 
  test88 
   
  testing 
 
15451 
  test123 
   
  test12345 
 
15454 
  test123 
   
  test12345 
 
15455 
  test123 
   
  test12345 
 
15456 
  test123 
   
  test123@ 
 
15457 
  test123 
   
  test12345 
 
15460 
  UniqueOne 
   
  one 
 
15461 
  Winston 
   
  Smith 
 
15462 
  test123 
   
  test12345 
 
15463 
  test1234 
   
  test123456 
 
15464 
  test 
   
  test12345 
 
15465 
  Winston 
   
  Smith 
 
15466 
  test1234 
   
  test123456 
 
15467 
  test1234 
   
  test123456 
 
15468 
  test 
   
  test12345 
 
15470 
  test88 
   
  testing 
 
15472 
  test1234 
   
  test123456 
 
15473 
  test 
   
  test12345 
 
15474 
  syntax 
   
  technologies 
 
15476 
  test1234 
   
  test123456 
 
15477 
  test12344 
   
  test12345666 
 
15478 
  test1234 
   
  test123456 
 
15479 
  test 
   
  test123 
 
15480 
  test12344 
   
  test12345666 
 
15481 
  test12345 
   
  test1234567 
 
15482 
  test123 
   
  test12345 
 
15483 
  test12345 
   
  test1234567 
 
15484 
  test12345 
   
  test1234567 
 
15485 
  test12345 
   
  test1234567 
 
15486 
  test12345 
   
  test1234567 
 
15487 
  test12345 
   
  test1234567 
 
15488 
  nametwo2 
  Nazir123 
  Mmn 
 
15489 
  namethree3 
  good123 
  Mmmm 
 
15490 
  test12345 
   
  test1234567 
 
15491 
  nameone1 
  Ayoubi123 
  Mm 
 
15492 
  test12345 
   
  test1234567 
 
15493 
  test12345 
   
  test1234567 
 
15495 
  Winston 
   
  Smith 
 
15496 
  test123 
   
  test12345 
 
15497 
  test123 
   
  test12345 
 
15498 
  test123 
   
  test12345 
 
15499 
  test1111 
   
  test2222 
 
15500 
  test123 
   
  test12345 
 
15501 
  test123 
   
  test12345 
 
15502 
  test123 
   
  test12345 
 
15504 
  Suslu 
   
  Sulu 
 
15505 
  Sedat 
   
  Peker 
 
15506 
  Sedat 
   
  Peker8 
 
15508 
  Syntax 
  Batch15 
  Syntax 
 
15510 
  test123 
   
  test12345 
 
15511 
  Sedat 
  M33c3 
  Peker 
 
15512 
  hi 
   
  hello 
 
15513 
  Sedat 
  M4492 
  Peker 
 
15514 
  Sedat 
  Mf8a8 
  Peker 
 
15515 
  Sedat 
  M7746 
  Peker 
 
15516 
  Sedat 
  M4061 
  Peker 
 
15517 
  Sedat 
  M9ad1 
  Peker 
 
15518 
  Recep 
  Tayyip 
  Erdogan 
 
15520 
  Sedat 
  M9d23 
  Peker 
 
15521 
  Sedat 
  M691e 
  Peker 
 
15522 
  test123 
   
  test1234 
 
15523 
  Sedat 
  M3f96 
  Peker 
 
15524 
  Sedat 
  M8ad8 
  Peker 
 
15525 
  Sedat 
  Mce3a 
  Peker 
 
15526 
  Sedat 
  M6745 
  Peker 
 
15527 
  Suslu 
  Md272 
  Sulu 
 
15528 
  Suslu 
  Mc0 
  Sulu 
 
15529 
  Suslu 
  M85 
  Sulu 
 
15530 
  Suslu 
  M8c 
  Sulu 
 
15531 
  test123 
   
  test12345 
 
15532 
  test123 
   
  test12345 
 
15533 
  test123 
   
  test12345 
 
15534 
  test123 
   
  test12345 
 
15535 
  test123 
   
  test12345 
 
15536 
  test1237865798 
   
  test12345988665756 
 
15537 
  test1237865798 
   
  test12345988665756 
 
15538 
  test1237865798 
   
  test12345988665756 
 
15539 
  test1111 
   
  test2222 
 
15540 
  test 
   
  xyz 
 
15541 
  test 
   
  xyz 
 
15542 
  test 
   
  xyz 
 
15543 
  test 
   
  xyz 
 
15544 
  test 
   
  test123 
 
15545 
  test 
   
  test123 
 
15546 
  test123 
   
  test12345 
 
15547 
  test123 
   
  test12345 
 
15548 
  test123 
   
  test12345 
 
15549 
  test123 
   
  test12345 
 
15553 
  test123 
   
  test12345 
 
15554 
  test1232 
   
  test123@ 
 
15555 
  Winston 
   
  Smith 
 
15557 
  test1237865798 
   
  test12345988665756 
 
15558 
  test1237865798 
   
  test12345988665756 
 
15559 
  test123 
   
  test12345 
 
15560 
  test1232 
   
  test123@ 
 
15561 
  test123 
   
  test12345 
 
15562 
  test1237865798 
   
  test12345988665756 
 
15563 
  test1237865798 
   
  test12345988665756 
 
15564 
  test123 
   
  test12345 
 
15565 
  YuliyaBatch9 
  test9 
  yuliyatest 
 
15566 
  JohnBatch9 
  test 
  Smithtest 
 
15567 
  Get 
  Batch9 
  Jobs 
 
15568 
  Money 
  Batch9 
  Jobs 
 
15569 
  Start 
  Batch9 
  Jobs 
 
15570 
  test12344 
   
  test12345666 
 
15572 
  test123 
   
  test12345 
 
15575 
  Get 
  Batch9 
  Job 
 
15577 
  Start 
  Batch9 
  Job 
 
15578 
  test123 
   
  test12345 
 
15579 
  test 
   
  test12345 
 
15581 
  test1237865798 
   
  test12345988665756 
 
15583 
  test123 
   
  test12345 
 
15584 
  test123 
   
  test12345 
 
15585 
  test 
   
  tcfgh 
 
15586 
  test123 
   
  test12345 
 
15587 
  test 
   
  test12345 
 
15590 
  Johnny 
  Test 
  Smith 
 
15591 
  William 
  Test 
  Parker 
 
15592 
  test1237865798 
   
  test12345988665756 
 
15593 
  test 
   
  tcfgh 
 
15594 
  test123 
   
  test12345 
 
15595 
  test123 
   
  test12345 
 
15596 
  test123 
   
  test12345 
 
15597 
  test1232 
   
  test123@ 
 
15598 
  test123 
   
  test12345 
 
15599 
  test 
   
  test12345 
 
15600 
  test 
   
  test12345 
 
15601 
  test1237865798 
   
  test12345988665756 
 
15602 
  test 
   
  test12345 
 
15603 
  test123 
   
  test12345 
 
15604 
  test1237865798 
   
  test12345988665756 
 
15605 
  test123 
   
  test12345 
 
15606 
  test1237865798 
   
  test12345988665756 
 
15607 
  ghdhfd 
   
  dghsd 
 
15608 
  test1232 
   
  test123@ 
 
15609 
  test123 
   
  test12345 
 
15610 
  test123 
   
  test12345 
 
15611 
  test123 
   
  test12345 
 
15612 
  test123 
   
  test12345 
 
15613 
  test1232 
   
  test123@ 
 
15614 
  test123 
   
  test12345 
 
15615 
  test123 
   
  test12345 
 
15616 
  test123 
   
  test12345 
 
15617 
  Dasha999 
  test9 
  Nazarenko 
 
15618 
  test1234567 
   
  test1234554345 
 
15619 
  test123 
   
  test12345 
 
15620 
  test123 
   
  test12345 
 
15621 
  test123 
   
  test12345 
 
15622 
  test123 
   
  test12345 
 
15623 
  test123 
   
  test12345 
 
15624 
  test123 
   
  test12345 
 
15625 
  test123 
   
  test12345 
 
15626 
  Ina 
   
  Fil 
 
15627 
  test123 
   
  test12345 
 
15628 
  test123 
   
  test12345 
 
15629 
  test123 
   
  test12345 
 
15630 
  test123 
   
  test12345 
 
15631 
  test123 
   
  test12345 
 
15632 
  test1234567 
   
  test1234554345 
 
15635 
  test 
   
  test12345 
 
15636 
  test123 
   
  test12345 
 
15637 
  test 
   
  test12345 
 
15638 
  Dasha123 
  test9 
  Nazarenko888 
 
15639 
  Dasha333 
  test9 
  Nazarenko88 
 
15640 
  Dasha33343 
  test9 
  Nazarenko88 
 
15641 
  Zeek77756 
  test7 
  Osman45 
 
15643 
  test123 
   
  test12345 
 
15644 
  Wiliam 
  test 
  Parker 
 
15645 
  test123 
   
  test12345 
 
15646 
  test123 
   
  test12345 
 
15649 
  test123 
   
  test12345 
 
15660 
  dvbbdfb 
  sdsddg 
  fdfdhdfhfdh 
 
15661 
  Somename 
  test 
  surname 
 
15662 
  Kingname 
  test 
  secondname 
 
15663 
  Queenname 
  test 
  somesurname 
 
15664 
  test123 
   
  test12345 
 
15665 
  test123 
   
  test12345 
 
15666 
  fbffgfd 
  dfffffff 
  dddddddd 
 
15667 
  test123 
   
  test12345 
 
15668 
  Prince 
  test 
  Princelastname 
 
15669 
  Princess 
  test 
  Princesslastname 
 
15670 
  Rani 
  test 
  Ranilastname 
 
15671 
  Yauheniya 
  sdsddg 
  fdfdhdfhfdh 
 
15675 
  Kevin 
  San 
  Fran 
 
15676 
  Igor 
  Dev 
  Brown 
 
19059A 
  Sandly 
  Suhn 
  Simith 
 
15677 
  test123 
   
  Smith 
 
15678 
  test123 
   
  test12345 
 
15679 
  test123 
   
  test12345 
 
15680 
  test123 
   
  test12345 
 
15681 
  test123 
   
  test12345 
 
15682 
  test123 
   
  test12345 
 
15683 
  test123 
   
  test12345 
 
15684 
  test123 
   
  test12345 
 
15685 
  test123 
   
  test12345 
 
15686 
  test123 
   
  test12345 
 
15687 
  test123 
   
  test12345 
 
15688 
  test123 
   
  test12345 
 
15689 
  test123 
   
  test12345 
 
15690 
  test123 
   
  test12345 
 
15691 
  test123 
   
  test12345 
 
15692 
  test123 
   
  test12345 
 
15693 
  test1237865798 
   
  test12345988665756 
 
15694 
  test1237865798 
   
  test12345988665756 
 
15695 
  test1237865798 
   
  test12345988665756 
 
15696 
  test123 
   
  test12345 
 
15697 
  test123 
   
  test12345 
 
15698 
  test123 
   
  test12345 
 
15699 
  test123 
   
  test12345 
 
15700 
  test123 
   
  test12345 
 
15701 
  test123 
   
  test12345 
 
15702 
  test123 
   
  test12345 
 
15703 
  test123 
   
  test12345 
 
15704 
  test1237865798 
   
  test12345988665756 
 
15705 
  test1237865798 
   
  test12345988665756 
 
15706 
  test1237865798 
   
  test12345988665756 
 
15707 
  test123 
   
  test12345 
 
15709 
  shmail_asdfiiirrr 
  test 
  Parker 
 
15710 
  test1232 
   
  test123@ 
 
15711 
  test1232 
   
  test123@ 
 
15712 
  test1232 
   
  test123@ 
 
15713 
  test1232 
   
  test123@ 
 
15714 
  test123 
   
  Smith 
 
15715 
  test123 
   
  Smith 
 
15716 
  test123 
   
  Smith 
 
15717 
  test123 
   
  Smith 
 
15718 
  test123 
   
  Smith 
 
15719 
  test1232 
   
  test123@ 
 
15720 
  test1232 
   
  test123@ 
 
15721 
  test1232 
   
  test123@ 
 
15722 
  test1232 
   
  test123@ 
 
19060A 
  Alexsandra 
  Alex 
  White 
 
15723 
  Suslu 
  M31 
  Sulu 
 
15725 
  test123 
   
  test12345 
 
15726 
  test123 
   
  test12345 
 
15727 
  test123 
   
  test12345 
 
19061A 
  moazzam 
   
  sadiq 
 
19062A 
  moazzam 
   
  sadiq 
 
19063A 
  moazzam 
   
  sadiq 
 
19064A 
  moazzam 
   
  sadiq 
 
19065A 
  moazzam 
   
  sadiq 
 
19066A 
  moazzam 
   
  sadiq 
 
19067A 
  moazzam 
   
  sadiq 
 
19068A 
  moazzam 
   
  sadiq 
 
19069A 
  moazzam 
   
  sadiq 
 
19070A 
  moazzam 
   
  sadiq 
 
19071A 
  moazzam 
   
  sadiq 
 
19072A 
  moazzam 
   
  sadiq 
 
19073A 
  moazzam 
   
  sadiq 
 
19074A 
  moazzam 
   
  sadiq 
 
19075A 
  moazzam 
   
  sadiq 
 
19076A 
  moazzam 
   
  sadiq 
 
19077A 
  moazzam 
   
  sadiq 
 
19078A 
  moazzam 
   
  sadiq 
 
19079A 
  moazzam 
   
  sadiq 
 
15729 
  John123 
  test11 
  Smith123 
 
15730 
  Maw 
  test22 
  qweerrf 
 
15731 
  Mawsa 
  test22 
  qweerrf 
 
15732 
  John123sd 
  test11 
  Smsad 
 
15733 
  qazsxx 
  test22 
  qweerrf 
 
15735 
  Gulshoda 
   
  Kurbanbaeva 
 
19080A 
  moazzam 
  N 
  Nikolic 
 
15736 
  test123 
   
  test12345 
 
15737 
  test123 
   
  test12345 
 
15738 
  test123 
   
  test12345 
 
15739 
  Suslu 
  M92 
  Sulu 
 
15740 
  Sedat 
  M1b4e 
  Peker 
 
15741 
  Sedat 
  Ma5d6 
  Peker 
 
15742 
  Sedat 
  M371e 
  Peker 
 
15744 
  test123 
   
  test12345 
 
15745 
  test123 
   
  test12345 
 
15746 
  test123 
   
  test12345 
 
15747 
  test123 
   
  test12345 
 
15748 
  test1243 
   
  test12345 
 
15749 
  test123 
   
  test12345 
 
15750 
  test1243 
   
  test12345 
 
15751 
  Joh 
  test 
  Smit 
 
15752 
  test1243 
   
  test12345 
 
15753 
  test1243 
   
  test12345 
 
15754 
  test1243 
   
  test12345 
 
15755 
  test123 
   
  test12345 
 
15756 
  test123 
   
  test12345 
 
15757 
  test123 
   
  test12345 
 
15758 
  test123 
   
  test12345 
 
15759 
  test123 
   
  test12345 
 
15760 
  test123 
   
  test12345 
 
15761 
  test123 
   
  test12345 
 
15762 
  test123 
   
  test12345 
 
19081A 
  Sandly 
  Suhn 
  Simith 
 
19082A 
  Sandly 
  Suhn 
  Simith 
 
15763 
  John 
   
  Smith 
 
15764 
  test123 
   
  test12345 
 
15765 
  test123 
   
  test12345 
 
15766 
  test123 
   
  test12345 
 
15767 
  Aman 
   
  Makhd 
 
15768 
  test123 
   
  test12345 
 
15769 
  test123 
   
  test12345 
 
15770 
  test123 
   
  test12345 
 
15771 
  Ali 
  Osman 
  Kursun 
 
15772 
  Mark 
  J 
  Smith 
 
15773 
  John 
  K 
  Wick 
 
15774 
  iqra 
   
  gggg 
 
15775 
  John123 
  Baker 
  Doe 
 
15776 
  Elton 
  Gay 
  John 
 
15777 
  Yuliya555 
  Mulia 
  Klukach2003 
 
15778 
  assdsaddca 
  sadsafdf 
  sdfsggs 
 
15779 
  Nelson123 
  MS 
  MS123 
 
15780 
  Yovi10 
  SS 
  quis10 
 
15781 
  Nelson123 
  MS 
  MS123 
 
15782 
  Givi123 
  MS 
  MS12 
 
15783 
  Nelson1239 
  MS 
  MS123 
 
15787 
  Nelson123 
  MS 
  MS123 
 
15788 
  Nelson123 
  MS 
  Smith12 
 
15789 
  Nelson123 
  MS 
  efsf 
 
15790 
  Nelson123 
  MS 
  MS123 
 
15791 
  Nelson123 
  MS 
  MS123 
 
15793 
  assdsaddca 
  sadsafdf 
  sdfsggs 
 
15794 
  assdsaddca 
  sadsafdf 
  sdfsggs 
 
15797 
  Givi123 
  MS 
  MS12 
 
15798 
  Nelson123 
  MS 
  MS123 
 
15799 
  Nelson1239 
  MS 
  MS123 
 
15800 
  Yuliya 
  MS 
  Yuliya 
 
15801 
  Elton 
  Gay 
  John 
 
15802 
  Yulia129 
  MS 
  Yulia456 
 
15803 
  Nelson1234 
  MS 
  MS1234 
 
15804 
  Juan 
  Batist 
  Grenui 
 
15805 
  Yoshi10 
  S 
  q10 
 
15810 
  Yovi10 
  SS 
  quis10 
 
15811 
  Yoshi10 
  S 
  q10 
 
15812 
  Nelson123 
  MS 
  MS1234 
 
15813 
  Yarina123 
  MS 
  Yarina456 
 
15814 
  John123 
  Baker 
  Doe 
 
15815 
  John854 
  Cool 
  Dough 
 
15816 
  Nelson9999 
  Ms 
  Syntax 
 
15817 
  Nelson123 
  MS 
  MS123 
 
15818 
  Nelson9999 
  Ms 
  Syntax 
 
15820 
  Nelson9999 
  Ms 
  Syntax 
 
15821 
  Nelson123 
  MS 
  MS123 
 
15822 
  Nelson123 
  MS 
  MS123 
 
15823 
  Nelson9999 
  Ms 
  Syntax 
 
15824 
  Elton 
  Gay 
  John 
 
15825 
  Juan 
  Batist 
  Grenui 
 
15826 
  Nelson9999 
  Ms 
  Syntax 
 
15827 
  Nelson9999 
  Ms 
  Syntax 
 
15828 
  Nelson9999 
  Ms 
  Syntax 
 
15829 
  John854 
  Cool 
  Dough 
 
15830 
  Iqra123 
  IDK 
  Iqra456 
 
15832 
  Testtt12333 
  MS 
  Teskkkkk 
 
15833 
  Goku 
  MS 
  Test1010 
 
15834 
  Keith15 
  Joye15 
  Black15 
 
15835 
  Test123456 
  MS 
  Test9876 
 
15836 
  Test12347 
  MS 
  Test9879 
 
15837 
  Test123456 
  MS 
  Test9876 
 
15838 
  Test1212 
  MS 
  Test7654 
 
15839 
  Test12125 
  MS 
  Test7655 
 
15840 
  Test1212 
  MS 
  Test7654 
 
15841 
  Test123456 
  MS 
  Test9876 
 
15842 
  Test228 
  MS 
  Test7849 
 
15843 
  Test9874 
  Maynor 
  Jacobs15 
 
15844 
  Test8 
  MS 
  Test8 
 
15845 
  Test32320 
  MS 
  Test5451 
 
15846 
  Testtt1233 
  MS 
  Teskkgfbkkk 
 
15847 
  Test0987 
  Mss 
  Test0987 
 
15848 
  Test3232 
  MS 
  Test5454 
 
15849 
  John595 
  Calvin 
  Dough456 
 
15850 
  Test12345 
  MS 
  Test3476 
 
15851 
  Ash 
  Ketchup 
  Pikachu 
 
15852 
  Test89076 
  Mss 
  Test6574 
 
15853 
  Test1212 
  MS 
  Test7654 
 
15854 
  Test3232 
  MS 
  Test5454 
 
15855 
  iqraa 
   
  ggg 
 
15856 
  Iqra123 
  IDK 
  Iqra456 
 
15857 
  TestQuest 
  Test 
  TestBest 
 
15858 
  Yuliya 
  Ms 
  Yuliya 
 
15859 
  Max 
  Mr 
  Max 
 
15861 
  Test0124 
  MS 
  Tester96 
 
15862 
  Test4323 
  MS 
  Tester01 
 
15863 
  C01 
  A24 
  J96 
 
15864 
  Ashleyy 
  Midleee 
  Lastttt 
 
15865 
  Bennyyy 
  MN 
  LN 
 
15866 
  Hailyy 
  Middle 
  Last 
 
15867 
  Test12345 
  MS 
  Test9876 
 
15868 
  ygdgwdjk 
  newjnoweno 
  njwenfwhflwujib 
 
15869 
  Test3 
  Fqwf12 
  sdf 
 
1111111111 
  Jack 
  J 
  Toronto 
 
15875 
  Bob11111 
  john 
  yesss 
 
15876 
  Bob11111 
  john 
  yesss 
 
15877 
  Yoooo123 
  midsss 
  yeaaaa 
 
15879 
  Testing1 
  Test1 
  Testsss1 
 
15880 
  Testing2 
  Test2 
  Testsss2 
 
15882 
  Test12345 
  MS 
  Test9876 
 
15884 
  Test3 
  Fqwf12 
  sdf 
 
15885 
  Mahender 
  Singh 
  Dhoni 
 
15886 
  Mahender 
  Singh 
  Dhoni 
 
168888 
  Jamil123 
  MS 
  Hamdard 
 
15888 
  Test123456 
  MS 
  Test9876 
 
15889 
  Test1212 
  MS 
  Test7654 
 
15890 
  Test3232 
  MS 
  Test5454 
 
15894 
  Kamal 
  MN 
  Rahimi 
 
15895 
  Rahul 
  Sheti 
  Jawaria 
 
15896 
  Paython 
  Java 
  C# 
 
15897 
  Test123456 
  MS 
  Test9876 
 
15898 
  Test1212 
  MS 
  Test7654 
 
15899 
  Test3232 
  MS 
  Test5454 
 
15900 
  Jack123 
  sam 
  Smith 
 
15901 
  Jack456 
  sam 
  Smith 
 
15902 
  Nelson1234 
  MS 
  MS1234 
 
15904 
  Test123456 
  MS 
  Test9876 
 
15905 
  Test1212 
  MS 
  Test7654 
 
15906 
  Test3232 
  MS 
  Test5454 
 
15907 
  Pravin123 
  PP 
  PP123 
 
15908 
  Nelson1234 
  MS 
  MS1234 
 
15910 
  Test123456 
  MS 
  Test9876 
 
15911 
  Test1212 
  MS 
  Test7654 
 
15912 
  Test3232 
  MS 
  Test5454 
 
15913 
  Test123456 
  MS 
  Test9876 
 
15914 
  Test1212 
  MS 
  Test7654 
 
15915 
  Test3232 
  MS 
  Test5454 
 
15916 
  Test123456 
  MS 
  Test9876 
 
15917 
  Test1212 
  MS 
  Test7654 
 
15918 
  Test3232 
  MS 
  Test5454 
 
15919 
  Test54321 
  MSS 
  Test14567 
 
15920 
  Test0987 
  Mss 
  Test0987 
 
15921 
  Test89076 
  Mss 
  Test6574 
 
15922 
  Test123456 
  MS 
  Test9876 
 
15923 
  Test1212 
  MS 
  Test7654 
 
15924 
  Test3232 
  MS 
  Test5454 
 
15925 
  Test54321 
  MSS 
  Test14567 
 
15926 
  Test0987 
  Mss 
  Test0987 
 
15927 
  Test89076 
  Mss 
  Test6574 
 
15928 
  Yuliya555 
  Mulia 
  Klukach2003 
 
15930 
  Test123456 
  MS 
  Test9876 
 
15931 
  Test1212 
  MS 
  Test7654 
 
15932 
  Test3232 
  MS 
  Test5454 
 
15935 
  Test123456 
  MS 
  Test9876 
 
15936 
  Test123456 
  MS 
  Test9876 
 
15937 
  Test1212 
  MS 
  Test7654 
 
15939 
  Test3232 
  MS 
  Test5454 
 
15940 
  Nelson1234 
  MS 
  MS1234 
 
15942 
  Test123456 
  MS 
  Test9876 
 
15943 
  Test1212 
  MS 
  Test7654 
 
15944 
  Test3232 
  MS 
  Test5454 
 
15945 
  Nelson1234 
  MS 
  MS1234 
 
15947 
  Test123456 
  MS 
  Test9876 
 
15948 
  Test1212 
  MS 
  Test7654 
 
15949 
  Test3232 
  MS 
  Test5454 
 
15950 
  hello 
   
  tester 
 
15952 
  Jack0404 
  MS 
  US 
 
15953 
  sdfsadf 
  cvbvcb 
  fdgfdg 
 
15954 
  sdafsadf 
  hhgfh 
  hgfh 
 
15956 
  Ram12345 
  Test123456 
  Chaulagain12356 
 
15957 
  ff 
  ff 
  ff 
 
15958 
  John0404 
  MS 
  US 
 
15960 
  Jon0404 
  MS 
  US 
 
15961 
  Zanna 
  MS 
  Mimino 
 
15962 
  John0649 
  MS 
  US 
 
15963 
  John0404 
  MS 
  US 
 
15964 
  Jack0404 
  MS 
  US 
 
15965 
  Luffy 
  Lucy 
  OnePiece 
 
15966 
  MS0909 
  MS 
  US 
 
15967 
  Zoro 
  Sword 
  Rowanowa 
 
15968 
  Test 
  Tester123 
  Tester 
 
15969 
  Jon0404 
  MS 
  US 
 
15970 
  Tesr23 
  Teste235 
  east 
 
15971 
  Jon0404 
  MS 
  US 
 
15972 
  Jack0404 
  MS 
  US 
 
15973 
  Jon0404 
  MS 
  US 
 
15974 
  Jack 
  MS 
  US 
 
15974 
  Jon111 
  Al 
  David 
 
15976 
  Elysium 
  M 
  Mondy 
 
15977 
  MS0909 
  MS 
  US 
 
15978 
  MS0909 
  MS 
  US 
 
15980 
  Jon0404 
  MS 
  US 
 
15981 
  Luffy 
  Lucy 
  OnePiece 
 
15982 
  Alla 
  MS 
  Pugacheva 
 
15983 
  chopper 
  racoon 
  Doctor 
 
15984 
  John0404 
  Ms 
  user 
 
15985 
  Jack0044 
  Ms 
  Us 
 
15986 
  Ms090906 
  MM 
  UsA 
 
15987 
  John0404 
  MS 
  US 
 
15988 
  Alla 
  MS 
  Pugacheva 
 
15989 
  Jack0404 
  MS 
  US 
 
15990 
  Jon0404 
  MS 
  US 
 
15991 
  MS0909 
  MS 
  US 
 
15992 
  MS0909 
  MS 
  US 
 
15993 
  Kar 
  Mac 
  US 
 
15994 
  Ary 
  Lev 
  US 
 
15995 
  Jon 
  Jonny 
  MS 
 
15996 
  YoAnusha4545 
  test9 
  anushatest 
 
15999 
  Leodardo1 
  test1 
  DiCaprio1 
 
16000 
  Eva 
  test 
  lasttt 
 
16004 
  null 
  null 
  null 
 
16007 
  Nelson123 
  MS 
  MS123 
 
16013 
  Nelson1234 
  MS 
  MS1234 
 
16014 
  Test123456 
  MS 
  Test9876 
 
16015 
  Test3232 
  MS 
  Test5454 
 
16016 
  Nelson1234 
  MS 
  MS1234 
 
16019 
  Polina 
  A 
  Aponasenko 
 
16020 
  Test12345 
  MS 
  Test9876 
 
16022 
  Test3 
  fqf12 
  sdf 
 
16023 
  Jon0404 
  MS 
  US 
 
16025 
  Ari123 
   
  MS 
 
16026 
  Nelson1234 
  MS 
  MS1234 
 
16034 
  MS US 
  MS 
  US 
 
16035 
  MS US 
  MS 
  US 
 
16036 
  MS US 
  MS 
  US 
 
16037 
  Jon0404 
  MS 
  US 
 
16038 
  Jack0404 
  MS 
  US 
 
16039 
  MS0909 
  MS 
  US 
 
16040 
  Nelson12345 
  MSS 
  MS12345 
 
16041 
  Jon0404 
  MS 
  US 
 
16042 
  Jon0404 
  MS 
  US 
 
16043 
  Jon0404 
  MS 
  US 
 
16044 
  Jack0404 
  MS 
  US 
 
16045 
  Jon0404 
  MS 
  US 
 
16046 
  Jack0404 
  MS 
  US 
 
16047 
  MS0909 
  MS 
  US 
 
19083A 
  moazzam 
   
  sadiq 
 
16048 
  Nelson1235 
  Ms3 
  M321 
 
16050 
  Yoooo123 
  midsss 
  yeaaaa 
 
16052 
  Testing1 
  Test1 
  Testsss1 
 
16053 
  Testing2 
  Test2 
  Testsss2 
 
16054 
  Ron 
  Meta 
  Artest 
 
16055 
  Yauheniya23 
   
  fdfdhdfhfdh12 
 
16057 
  Johnr 
  testr 
  Smithr 
 
16058 
  Williarr 
  testr 
  Parkerr 
 
16059 
  Lea 
  Mar 
  Ram 
 
16060 
  Lila 
  Mar 
  Ram 
 
16061 
  Lila123 
  Mar 
  Ram 
 
16062 
  Lila123 
  Mar 
  Ram 
 
16063 
  Lila123 
  Mar 
  Ram 
 
16065 
  Johnr1 
  testr1 
  Smithr1 
 
16066 
  Williarr1 
  testr1 
  Parkerr1 
 
16067 
  Nelson123 
  MS 
  MS123 
 
16068 
  Nelson123 
  MS 
  MS123 
 
16070 
  Test12345 
  MS 
  Test9876 
 
16071 
  Test1212 
  MS 
  Test7654 
 
16072 
  Test3232 
  MS 
  Test5454 
 
16074 
  Test123456 
  MS 
  Test9876 
 
16075 
  Test1212 
  MS 
  Test7654 
 
16076 
  tiajna 
  test 
  rakica 
 
16077 
  tiajna 
  test 
  rakica 
 
16078 
  Nelson1234 
  MS 
  MS1234 
 
16080 
  Test123456 
  MS 
  Test9876 
 
16081 
  Test1212 
  MS 
  Test7654 
 
16082 
  Test3232 
  MS 
  Test5454 
 
16083 
  Test 
  Tester123 
  Tester 
 
16084 
  Tesr23 
  Teste235 
  east 
 
16085 
  Amazon 
  Tester123 
  Tester 
 
16086 
  Tesla 
  Teste235 
  east 
 
16087 
  Nelson123456 
  MSS 
  MS123457 
 
16088 
  Yulia1234 
  MSS 
  Yulia4564 
 
16089 
  Jon0404 
  Ms 
  US 
 
16091 
  Jon0404 
  Ms 
  US 
 
16092 
  Jon0404 
  Ms 
  US 
 
16093 
  Jack0404 
  MS 
  US 
 
16095 
  Test123456 
  MS 
  Test9876 
 
16096 
  Test1212 
  MS 
  Test7654 
 
16097 
  Test3232 
  MS 
  Test5454 
 
16098 
  test123 
   
  test12345 
 
16099 
  Test 
  Tester123 
  Tester 
 
16100 
  Tesr23 
  Teste235 
  east 
 
16101 
  Amazon 
  Tester123 
  Tester 
 
16102 
  Tesla 
  Teste235 
  east 
 
16106 
  Jon0404 
  MS 
  US 
 
16107 
  Jack0404 
  MS 
  US 
 
16108 
  MS0909 
  MS 
  US 
 
16110 
  YuliyaBatch999 
  test999 
  yuliyatest999 
 
16111 
  JohnBatch999 
  test9999 
  Smithtest99 
 
16112 
  Anusha0909 
  test9 
  anushatest 
 
16115 
  Yanci1010 
  test9 
  yancitest 
 
16116 
  Bryan3838 
  test9 
  bryantest 
 
16120 
  Nelson123 
  MS 
  MS123 
 
16123 
  azizullah 
   
  ayoubi 
 
16124 
  Anusha0909 
  test9 
  anushatest 
 
16125 
  Anusha0909 
  test9 
  anushatest 
 
16126 
  Anusha0909 
  test9 
  anushatest 
 
16127 
  Anusha0909 
  test9 
  anushatest 
 
16128 
  Anusha0909 
  test9 
  anushatest 
 
16129 
  Nelson1234 
  MS 
  MS1234 
 
16133 
  Yanci1010 
  test9 
  yancitest 
 
16134 
  Bryan3838 
  test9 
  bryantest 
 
16137 
  Yanci1010 
  test9 
  yancitest 
 
16138 
  Bryan3838 
  test9 
  bryantest 
 
16139 
  Test123456 
  MS 
  Test9876 
 
16140 
  Test1212 
  MS 
  Test7654 
 
16141 
  Test3232 
  MS 
  Test5454 
 
16143 
  Yanci1010 
  test9 
  yancitest 
 
16144 
  Bryan3838 
  test9 
  bryantest 
 
16146 
  Yanci1010 
  test9 
  yancitest 
 
16147 
  Bryan3838 
  test9 
  bryantest 
 
16148 
  Jon0404 
  MS 
  US 
 
16149 
  Jack0404 
  MS 
  US 
 
16150 
  M0909 
  MS 
  US 
 
16151 
  Thor 
   
  Potter 
 
16152 
  Thor 
   
  Potter 
 
16153 
  Thor 
   
  Potter 
 
16154 
  John0404 
  MS 
  US 
 
16155 
  John0404 
  MS 
  US 
 
16156 
  John0404 
  MS 
  US 
 
16157 
  John0404 
  MS 
  US 
 
16158 
  John04014 
  MS1 
  US1 
 
16159 
  John04014 
  MS1 
  US1 
 
16160 
  John04014 
  MS1 
  US1 
 
16161 
  Jack05051 
  MSS1 
  USA1 
 
16162 
  John04014 
  MS1 
  US1 
 
16163 
  Jack05051 
  MSS1 
  USA1 
 
16164 
  Janna123 
  MS123 
  USA1 
 
16165 
  Marta 
  Mary 
  Ostash 
 
19084A 
  Steven 
   
  Klyman 
 
19085A 
  Stevend 
   
  Klyman 
 
19086A 
  Stevend 
   
  Klyman 
 
16166 
  Mark 
  J 
  Smith 
 
16167 
  John 
  K 
  Wick 
 
16168 
  Mark 
  J 
  Smith 
 
16169 
  John 
  K 
  Wick 
 
16170 
  Jon0404 
  MS 
  US 
 
16171 
  Jack0404 
  MS 
  US 
 
16172 
  MS0909 
  MS 
  US 
 
19087A 
  Steven 
   
  Klyman 
 
19088A 
  Steven 
   
  Klyman 
 
19089A 
  Steven 
   
  Klyman 
 
19090A 
  Steven 
   
  Klyman 
 
19091A 
  Steven 
   
  Klyman 
 
19092A 
  Steven 
   
  Klyman 
 
19093A 
  Steven 
   
  Klyman 
 
19094A 
  Steven 
   
  Klyman 
 
19095A 
  Steven 
   
  Klyman 
 
19096A 
  Steven 
   
  Klyman 
 
19097A 
  Steven 
   
  Klyman 
 
19098A 
  Steven 
   
  Klyman 
 
19099A 
  steven 
   
  sadiq 
 
19100A 
  steven 
   
  sadiq 
 
19101A 
  moazzam 
   
  sadiq 
 
19102A 
  moazzam 
   
  sadiq 
 
19103A 
  Steven 
   
  Klyman 
 
19104A 
  Steven 
   
  Klyman 
 
16173 
  Jon0404 
  MS 
  US 
 
16174 
  Jack0404 
  MS 
  US 
 
16175 
  MS0909 
  MS 
  US 
 
16177 
  ghjgvhj 
  fvgjhfgjh 
  fgjhcfgjfgjjh 
 
16178 
  Jack 
  J 
  Smith 
 
16179 
  David 
  K 
  Wick 
 
3654627 
  Jack 
  J 
  Smith 
 
7462878 
  David 
  K 
  Wick 
 
16182 
  Test9874 
  Maynor 
  Jacobs15 
 
16183 
  John595 
  Calvin 
  Dough456 
 
16184 
  Ash 
  Ketchup 
  Pikachu 
 
16185 
  Nelson1234 
  MS 
  MS1234 
 
16187 
  Nelson1235 
  Ms3 
  M321 
 
16188 
  Nelson1235 
  Ms3 
  M321 
 
16189 
  Nelson1235 
  Ms3 
  M321 
 
16190 
  Yhisid 
  ds 
  dsksdk 
 
16191 
  Test123456 
  MS 
  Test9876 
 
16192 
  Test1212 
  MS 
  Test7654 
 
16193 
  Test3232 
  MS 
  Test5454 
 
16196 
  Jon0404 
  Keith10 
  Brown10 
 
16197 
  Jon0411 
  Keith11 
  Brown11 
 
16198 
  assdsaddca 
  sadsafdf 
  sdfsggs 
 
16200 
  assdsaddca 
  sadsafdf 
  sdfsggs 
 
16202 
  assdsaddca 
  sadsafdf 
  sdfsggs 
 
16204 
  assdsaddca 
  sadsafdf 
  sdfsggs 
 
16206 
  assdsaddca 
  sadsafdf 
  sdfsggs 
 
16208 
  assdsaddca 
  sadsafdf 
  sdfsggs 
 
16209 
  Yuliaqwe 
  MS 
  Awertoi 
 
16210 
  assdsaddca 
  sadsafdf 
  sdfsggs 
 
16212 
  John 
  John 
  Doe 
 
16213 
  assdsaddca 
  sadsafdf 
  sdfsggs 
 
16215 
  assdsaddca 
  sadsafdf 
  sdfsggs 
 
16217 
  assdsaddca 
  sadsafdf 
  sdfsggs 
 
16219 
  amxml 
   
  mlml 
 
16220 
  Nelson1234 
  MS 
  MS1234 
 
16222 
  Test123456 
  MS 
  Test9876 
 
16223 
  Test1212 
  MS 
  Test7654 
 
16224 
  Test3232 
  MS 
  Test5454 
 
16225 
  Nelson1234 
  MS 
  MS1234 
 
16227 
  Test123456 
  MS 
  Test9876 
 
16228 
  Test1212 
  MS 
  Test7654 
 
16229 
  Test3232 
  MS 
  Test5454 
 
16230 
  Jon0404 
  MS 
  US 
 
16231 
  Jack0404 
  MS 
  US 
 
16232 
  MS0909 
  MS 
  US 
 
16233 
  Nelson123 
  MS 
  MS123 
 
16234 
  Jon0404 
  Keith10 
  Brown10 
 
16235 
  Jon0411 
  Keith11 
  Brown11 
 
16236 
  Jon0404 
  Keith10 
  Brown10 
 
16237 
  Jon0411 
  Keith11 
  Brown11 
 
16238 
  Jon0404 
  Keith10 
  Brown10 
 
16239 
  Jon0411 
  Keith11 
  Brown11 
 
16240 
  Nelson1234 
  MS 
  MS1234 
 
16242 
  Test123456 
  MS 
  Test9876 
 
16243 
  Test1212 
  MS 
  Test7654 
 
16244 
  Test3232 
  MS 
  Test5454 
 
19107A 
  asliii 
   
  stringggg 
 
19108A 
  asliii 
   
  stringggg 
 
16245 
  Nelson1234 
  MS 
  MS1234 
 
16247 
  Test123456 
  MS 
  Test9876 
 
16248 
  Test1212 
  MS 
  Test7654 
 
16249 
  Test3232 
  MS 
  Test5454 
 
16250 
  Jon0404 
  MS 
  US 
 
16251 
  Jack0404 
  MS 
  US 
 
16252 
  MS0909 
  MS 
  US 
 
16254 
  Nelson1234 
  MS 
  MS1234 
 
16256 
  Test123456 
  MS 
  Test9876 
 
16257 
  Test1212 
  MS 
  Test7654 
 
16258 
  Test3232 
  MS 
  Test5454 
 
16259 
  Jon0404 
  MS 
  US 
 
16260 
  Jack0404 
  MS 
  US 
 
16263 
  gdfg 
  sfdd 
  sdfs 
 
16268 
  Nelson1234 
  MS 
  MS1234 
 
16270 
  Test123456 
  MS 
  Test9876 
 
16271 
  Test1212 
  MS 
  Test7654 
 
16272 
  Test3232 
  MS 
  Test5454 
 
16273 
  Computer 
  Syntax 
  test 
 
16276 
  Nelson1234 
  MS 
  MS1234 
 
16278 
  Test123456 
  MS 
  Test9876 
 
16279 
  Test1212 
  MS 
  Test7654 
 
16280 
  Test3232 
  MS 
  Test5454 
 
16281 
  Nelson1234 
  MS 
  MS1234 
 
16285 
  Nelson1234 
  MS 
  MS1234 
 
16287 
  Nelson1234 
  MS 
  MS1234 
 
16289 
  Test123456 
  MS 
  Test9876 
 
16290 
  Test1212 
  MS 
  Test7654 
 
16291 
  Test3232 
  MS 
  Test5454 
 
19109A 
  Sandly 
  Suhn 
  Simith 
 
16292 
  Nelson1234 
  MS 
  MS1234 
 
16294 
  Test123456 
  MS 
  Test9876 
 
16295 
  Test1212 
  MS 
  Test7654 
 
16296 
  Test3232 
  MS 
  Test5454 
 
19110A 
  Sandly 
  Suhn 
  Simith 
 
19111A 
  Sandly 
  Suhn 
  Simith 
 
16297 
  Nelson1234 
  MS 
  MS1234 
 
19112A 
  Sandly 
  Suhn 
  Simith 
 
16301 
  Sedat 
  M6792 
  Peker 
 
16302 
  Sedat 
  Mef94 
  Peker 
 
19113A 
  Sandly 
  Suhn 
  Simith 
 
16303 
  Jon0404 
  MS 
  US 
 
16304 
  Jack0404 
  MS 
  US 
 
16305 
  MS0909 
  MS 
  US 
 
16306 
  Bacone 
   
  Maximone 
 
16307 
  Nelson123 
  Ms 
  MS123 
 
16308 
  Nelson1234 
  Ms 
  MS1234 
 
16309 
  Nelson1234 
  Ms 
  MS1234 
 
16310 
  Nelson1234 
  Ms 
  MS1234 
 
16312 
  Test123456 
  MS 
  Test9876 
 
16313 
  Test1212 
  MS 
  Test7654 
 
16314 
  Test3232 
  MS 
  Test5454 
 
19128A 
  Sandly 
  Suhn 
  Simith 
 
16315 
  test123 
   
  test12345 
 
16316 
  Sedat 
  M9707 
  Peker 
 
19129A 
  Steven 
   
  Klyman 
 
16317 
  Jon0404 
  MS 
  US 
 
16318 
  Jack0404 
  MS 
  US 
 
16319 
  MS0909 
  MS 
  US 
 
19130A 
  Sandly 
  Suhn 
  Simith 
 
19131A 
  Sandly 
  Suhn 
  Simith 
 
19132A 
  Sandly 
  Suhn 
  Simith 
 
19133A 
  Sandly 
  Suhn 
  Simith 
 
19134A 
  Sandly 
  Suhn 
  Simith 
 
19135A 
  Sandly 
  Suhn 
  Simith 
 
19136A 
  Sandly 
  Suhn 
  Simith 
 
19137A 
  Sandly 
  Suhn 
  Simith 
 
19138A 
  Sandly 
  Suhn 
  Simith 
 
19139A 
  Sandly 
  Suhn 
  Simith 
 
19140A 
  Sandly 
  Suhn 
  Simith 
 
19141A 
  Sandly 
  Suhn 
  Simith 
 
19142A 
  Sandly 
  Suhn 
  Simith 
 
19143A 
  Sandly 
  Suhn 
  Simith 
 
19144A 
  Sandly 
  Suhn 
  Simith 
 
19145A 
  Sandly 
  Suhn 
  Simith 
 
19146A 
  Sandly 
  Suhn 
  Simith 
 
19147A 
  Sandly 
  Suhn 
  Simith 
 
19148A 
  Sandly 
  Suhn 
  Simith 
 
19149A 
  Sandly 
  Suhn 
  Simith 
 
19150A 
  Sandly 
  Suhn 
  Simith 
 
19151A 
  Sandly 
  Suhn 
  Simith 
 
19152A 
  Sandly 
  Suhn 
  Simith 
 
19153A 
  Sandly 
  Suhn 
  Simith 
 
16320 
  test123 
   
  test12345 
 
16321 
  test123 
   
  test12345 
 
16322 
  test123 
   
  test12345 
 
16323 
  test123 
   
  test12345 
 
16324 
  test123 
   
  test12345 
 
16325 
  test123 
   
  test12345 
 
16326 
  test123 
   
  test12345 
 
16327 
  test 
   
  test12345 
 
16328 
  Yauheniya1 
   
  fdfdhdfhfdh1 
 
16329 
  John04014 
  MS1 
  US1 
 
16331 
  Yanci100 
  testr1 
  yancites 
 
16332 
  Bryan383 
  test11 
  bryantes 
 
16333 
  Sedat 
  Mde16 
  Peker 
 
16334 
  Sedat 
  M401e 
  Peker 
 
16335 
  Sedat 
  M1742 
  Pek 
 
16336 
  Sedat 
  male 
  Pek 
 
19154A 
  Created 
  First 
  Employee 
 
19155A 
  Created 
  First 
  Employee 
 
19156A 
  Created 
  First 
  Employee 
 
19157A 
  Created 
  First 
  Employee 
 
19158A 
  Created 
  First 
  Employee 
 
19159A 
  Created 
  First 
  Employee 
 
19160A 
  Created 
  First 
  Employee 
 
19161A 
  Created 
  First 
  Employee 
 
19162A 
  Created 
  First 
  Employee 
 
19163A 
  Created 
  First 
  Employee 
 
19164A 
  Created 
  First 
  Employee 
 
19165A 
  Created 
  First 
  Employee 
 
19166A 
  Sandly 
  Suhn 
  Simith 
 
19167A 
  Sandly 
  Suhn 
  Simith 
 
19168A 
  Sandly 
  Suhn 
  Simith 
 
19169A 
  Sandly 
  Suhn 
  Simith 
 
19170A 
  Sandly 
  Suhn 
  Simith 
 
19171A 
  Sandly 
  Suhn 
  Simith 
 
19172A 
  Sandly 
  Suhn 
  Simith 
 
19173A 
  Sandly 
  Suhn 
  Simith 
 
19174A 
  Sandly 
  Suhn 
  Simith 
 
19175A 
  Sandly 
  Suhn 
  Simith 
 
19176A 
  Sandly 
  Suhn 
  Simith 
 
19177A 
  Sandly 
  Suhn 
  Simith 
 
19178A 
  Sandly 
  Suhn 
  Simith 
 
19179A 
  Sandly 
  Suhn 
  Simith 
 
19180A 
  Sandly 
  Suhn 
  Simith 
 
19181A 
  Sandly 
  Suhn 
  Simith 
 
19182A 
  Sandly 
  Suhn 
  Simith 
 
19183A 
  Sandly 
  Suhn 
  Simith 
 
19184A 
  Sandly 
  Suhn 
  Simith 
 
19185A 
  Sandly 
  Suhn 
  Simith 
 
19186A 
  Sandly 
  Suhn 
  Simith 
 
19187A 
  Sandly 
  Suhn 
  Simith 
 
19188A 
  Sandly 
  Suhn 
  Simith 
 
19189A 
  Sandly 
  Suhn 
  Simith 
 
19190A 
  Sandly 
  Suhn 
  Simith 
 
19191A 
  Sandly 
  Suhn 
  Simith 
 
19192A 
  Sandly 
  Suhn 
  Simith 
 
19193A 
  Sandly 
  Suhn 
  Simith 
 
19194A 
  Sandly 
  Suhn 
  Simith 
 
19195A 
  Sandly 
  Suhn 
  Simith 
 
19196A 
  Sandly 
  Suhn 
  Simith 
 
19197A 
  Sandly 
  Suhn 
  Simith 
 
16338 
  test123 
   
  test12345 
 
16339 
  Anusha922 
  Sharma9 
  Nada99 
 
16341 
  Yulia222 
  MS 
  Yulia422 
 
16343 
  Test12212 
  MS 
  Test898 
 
16345 
  Stephen 
   
  King 
 
16346 
  test123 
   
  test12345 
 
16347 
  test123 
   
  test12345 
 
16349 
  test123 
   
  test12345 
 
16350 
  test123 
   
  test12345 
 
16351 
  WilliamBatch9 
  test 
  Parkertest 
 
16352 
  test123 
   
  test12345 
 
16353 
  test123 
   
  test12345 
 
16354 
  test123 
   
  test12345 
 
16355 
  test123 
   
  test12345 
 
16356 
  test123 
   
  test12345 
 
16357 
  Yuru888 
  test1 
  Richard 
 
16358 
  Jhon888 
  test1 
  Peter 
 
16359 
  Oswold888 
  test1 
  Oswold 
 
16360 
  lalatest1 
  test9 
  yuliatest 
 
16361 
  lalatest2 
  test 
  Smithtest 
 
16362 
  lalatest3 
  test 
  Parkertest 
 
16363 
  Nelson1234 
  MS 
  MS1234 
 
16367 
  Jon0404 
  Ms 
  US 
 
16368 
  Jon0404 
  Ms 
  US 
 
16369 
  Jack0404 
  MS 
  US 
 
16370 
  John0202x 
  Ms 
  USAx z 
 
16371 
  John0402x 
  Ms 
  USOzzzx 
 
16372 
  John0202zzx 
  Msz 
  USAzx 
 
16373 
  John0402zzx 
  Mszx 
  USOzx 
 
16374 
  Stepa 
   
  test 
 
16375 
  Stepa 
   
  test2 
 
16386 
  Sedat 
  male 
  Pek 
 
16387 
  Sedat 
  male 
  Pek 
 
16388 
  Sedat 
  male 
  Pek 
 
16389 
  Sedat 
  male 
  Pek 
 
16390 
  Sedat 
  male 
  Pek 
 
16391 
  Sedat 
  male 
  Pek 
 
16392 
  Sedat 
  male 
  Pek 
 
16393 
  Sedat 
  male 
  Pek 
 
16394 
  John 
  J 
  Smith 
 
16395 
  John 
  J 
  Smith 
 
16396 
  John 
  J 
  Smith 
 
16397 
  John 
  J 
  Smith 
 
16398 
  John 
  J 
  Smith 
 
16399 
  John 
  J 
  Smith 
 
16400 
  John 
  J 
  Smith 
 
16401 
  John 
  J 
  Smith 
 
16402 
  John 
  J 
  Smith 
 
16403 
  John 
  J 
  Smith 
 
16404 
  Sedat 
  male 
  Pek 
 
19198A 
  Canan 
  CC 
  Cerkezkoy 
 
19199A 
  Bahadir 
  BB 
  Kurnaz 
 
19200A 
  Bahadir 
  BB 
  Kurnaz 
 
19201A 
  Bahadir 
  BB 
  Kurnaz 
 
19202A 
  Menemen 
  MY 
  Yilmazlar 
 
19203A 
  Bahadir 
  BB 
  Kurnaz 
 
19204A 
  Bahadir 
  BB 
  Kurnaz 
 
19205A 
  Bahadir 
  BB 
  Kurnaz 
 
19206A 
  Bahadir 
  BB 
  Kurnaz 
 
19207A 
  Bahadir 
  BB 
  Kurnaz 
 
19208A 
  Bahadir 
  BB 
  Kurnaz 
 
19209A 
  Mehmet 
  Jr 
  Unlu 
 
19210A 
  Mehmet 
  Jr 
  Unlu 
 
19211A 
  Bahadir 
  BB 
  Kurnaz 
 
19212A 
  Bahadir 
  BB 
  Kurnaz 
 
19213A 
  Bahadir 
  BB 
  Kurnaz 
 
19214A 
  Bahadir 
  BB 
  Kurnaz 
 
19215A 
  Bahadir 
  BB 
  Kurnaz 
 
19216A 
  Bahadir 
  BB 
  Kurnaz 
 
19217A 
  Bahadir 
  BB 
  Kurnaz 
 
16405 
  John 
  J 
  Smith 
 
16406 
  John 
  J 
  Smith 
 
16407 
  John 
  J 
  Smith 
 
16408 
  John 
  J 
  Smith 
 
16409 
  John 
  J 
  Smith 
 
16410 
  John 
  J 
  Smith 
 
16411 
  John 
  J 
  Smith 
 
16412 
  John 
  J 
  Smith 
 
16413 
  John 
  J 
  Smith 
 
16414 
  John 
  J 
  Smith 
 
16415 
  John 
  J 
  Smith 
 
16416 
  John 
  J 
  Smith 
 
16417 
  John 
  J 
  Smith 
 
16418 
  John 
  J 
  Smith 
 
16419 
  John 
  J 
  Smith 
 
16420 
  John 
  J 
  Smith 
 
16421 
  John 
  J 
  Smith 
 
16422 
  John 
  J 
  Smith 
 
16423 
  John 
  J 
  Smith 
 
16424 
  John 
  J 
  Smith 
 
16425 
  John 
  J 
  Smith 
 
16426 
  John 
  J 
  Smith 
 
16427 
  John 
  J 
  Smith 
 
16428 
  John 
  J 
  Smith 
 
16429 
  John 
  J 
  Smith 
 
16430 
  John 
  J 
  Smith 
 
16431 
  John 
  J 
  Smith 
 
16432 
  John 
  J 
  Smith 
 
16433 
  John 
  J 
  Smith 
 
16434 
  John 
  J 
  Smith 
 
16435 
  John 
  J 
  Smith 
 
16436 
  John 
   
  Khan 
 
16437 
  estrella 
   
  veee 
 
16438 
  Bella 
   
  Eleni 
 
16440 
  Sammyyy 
  middleee 
  lastnameeee 
 
16441 
  Ashleyy 
  Midleee 
  Lastttt 
 
16442 
  Bennyyy 
  MN 
  LN 
 
16443 
  Hailyy 
  Middle 
  Last 
 
16444 
  John 
  J 
  Smith 
 
16445 
  John 
  J 
  Smith 
 
16446 
  John 
  J 
  Smith 
 
16447 
  John 
  J 
  Smith 
 
16448 
  John 
  J 
  Smith 
 
16449 
  John 
  J 
  Smith 
 
16450 
  John 
  J 
  Smith 
 
16451 
  John 
  J 
  Smith 
 
16452 
  John 
  J 
  Smith 
 
16453 
  Givi123 
  MS 
  MS12 
 
16455 
  Test12347 
  MS 
  Test9879 
 
16456 
  John 
  J 
  Smith 
 
16457 
  John 
  J 
  Smith 
 
16458 
  John 
  J 
  Smith 
 
16459 
  John 
  J 
  Smith 
 
16460 
  John 
  J 
  Smith 
 
16461 
  John 
  J 
  Smith 
 
16462 
  John 
  J 
  Smith 
 
16463 
  John 
  J 
  Smith 
 
16464 
  John 
  J 
  Smith 
 
16465 
  John 
  J 
  Smith 
 
16466 
  John 
  J 
  Smith 
 
16467 
  John 
  J 
  Smith 
 
16468 
  John 
  J 
  Smith 
 
16470 
  John 
  J 
  Smith 
 
16471 
  John 
  J 
  Smith 
 
16472 
  John 
  J 
  Smith 
 
16473 
  John 
  J 
  Smith 
 
16474 
  John 
  J 
  Smith 
 
16475 
  John 
  J 
  Smith 
 
16476 
  John 
  J 
  Smith 
 
16477 
  John 
  J 
  Smith 
 
16478 
  John 
  J 
  Smith 
 
16479 
  John 
  J 
  Smith 
 
16480 
  John 
  J 
  Smith 
 
16481 
  Sedat 
  male 
  Pek 
 
16482 
  Sedat 
  male 
  Pek 
 
16483 
  John 
  J 
  Smith 
 
16485 
  Sedat 
  M952e 
  Pek 
 
16494 
  Yuliya555 
  Mulia 
  Klukach2003 
 
16499 
  Sezgin 
  Baran 
  Korkmaz 
 
16502 
  Test123456 
  MS 
  Test9876 
 
16503 
  Test1212 
  MS 
  Test7654 
 
16504 
  Test3232 
  MS 
  Test5454 
 
16514 
  Sezgin 
  Baran 
  Korkmaz 
 
16515 
  Sezgin 
  Baran 
  Korkmaz 
 
16516 
  Sezgin 
  Baran 
  Korkmaz 
 
16517 
  Sezgin 
  Baran 
  Korkmaz 
 
16518 
  Sezgin 
  Baran 
  Korkmaz 
 
16519 
  Sezgin 
  Baran 
  Korkmaz 
 
16520 
  Sezgin 
  Baran 
  Korkmaz 
 
16521 
  Sezgin 
  Baran 
  Korkmaz 
 
16523 
  Sezgin 
  Baran 
  Korkmaz 
 
16524 
  Sezgin 
  Baran 
  Korkmaz 
 
16525 
  Sezgin 
  Baran 
  Korkmaz 
 
16526 
  Sezgin 
  Baran 
  Korkmaz 
 
16527 
  Sezgin 
  Baran 
  Korkmaz 
 
16528 
  Sezgin 
  Baran 
  Korkmaz 
 
16529 
  Sezgin 
  Baran 
  Korkmaz 
 
16530 
  Sezgin 
  Baran 
  Korkmaz 
 
16531 
  Sezgin 
  Baran 
  Korkmaz 
 
16532 
  John 
  J 
  Smith 
 
16533 
  John 
  J 
  Smith 
 
16534 
  John 
  J 
  Smith 
 
16535 
  John 
  J 
  Smith 
 
16536 
  John 
  J 
  Smith 
 
16537 
  Sezgin 
  Baran 
  Korkmaz 
 
16544 
  Lily 
  K 
  King 
 
16545 
  Lily 
  K 
  King 
 
16546 
  Lily 
  K 
  King 
 
16547 
  Lily 
  K 
  King 
 
16548 
  Lily 
  K 
  King 
 
16549 
  Lily 
  K 
  King 
 
16550 
  Eugene 
  K 
  King 
 
16561 
  Nelson123456 
  MSS 
  MS123457 
 
16562 
  Yulia1234 
  MSS 
  Yulia4564 
 
16563 
  Test123456 
  MS 
  Test9876 
 
16564 
  Test1212 
  MS 
  Test7654 
 
16565 
  Test3232 
  MS 
  Test5454 
 
16566 
  Jon0404 
  MS 
  US 
 
16567 
  Jack0404 
  MS 
  US 
 
16568 
  M0909 
  MS 
  US 
 
16569 
  Jon111 
  Al 
  David 
 
16570 
  Bob344 
  B 
  Don 
 
16571 
  Yoooo123 
  midsss 
  yeaaaa 
 
16573 
  Testing1 
  Test1 
  Testsss1 
 
16574 
  Testing2 
  Test2 
  Testsss2 
 
16575 
  Ariana 
   
  C 
 
16576 
  John 
  J 
  Smith 
 
16577 
  John 
  J 
  Smith 
 
16578 
  John 
  J 
  Smith 
 
16579 
  John 
  J 
  Smith 
 
16580 
  John 
  J 
  Smith 
 
16581 
  John 
  J 
  Smith 
 
16582 
  John 
  J 
  Smith 
 
16583 
  John 
  J 
  Smith 
 
16584 
  John 
  J 
  Smith 
 
16585 
  John 
  J 
  Smith 
 
16590 
  Apple 
   
  Green 
 
16591 
  ssss123 
   
  ghgh 
 
16593 
  jhgg 
   
  iooo 
 
16594 
  NNNNN 
   
  KKKKK 
 
678 
  dddd 
   
  hhhh 
 
16599 
  xc 
  xbcv 
  xcv 
 
16600 
  dataname1 
  m 
  datalast1 
 
16601 
  dataname2 
  m 
  datalast2 
 
16602 
  dataname3 
  m 
  datalast3 
 
16604 
  vcszdv 
   
  sdv 
 
16608 
  Jon0404 
  Ms 
  US 
 
16609 
  Jack0404 
  MS 
  US 
 
19218A 
  Sofia 
  Gala 
  Kosh77 
 
19219A 
  Sofia 
  Gala 
  Kosh77 
 
19220A 
  Sofia 
  Gala 
  Kosh77 
 
19221A 
  Sofia 
  Gala 
  Kosh77 
 
19222A 
  Sofia 
  Gala 
  Kosh77 
 
19223A 
  Sofia 
  Gala 
  Kosh77 
 
19224A 
  Sofia 
  Gala 
  Kosh77 
 
19225A 
  Sofia 
  Gala 
  Kosh77 
 
19226A 
  Sofia 
  Gala 
  Kosh77 
 
19227A 
  Sofia 
  Gala 
  Kosh77 
 
19228A 
  Sofia 
  Gala 
  Kosh77 
 
19229A 
  Sofia 
  Gala 
  Kosh77 
 
16614 
  dataname1 
  m 
  datalast1 
 
16615 
  dataname2 
  m 
  datalast2 
 
16616 
  dataname3 
  m 
  datalast3 
 
19230A 
  Sofia 
  Gala 
  Kosh77 
 
19231A 
  Sofia 
  Gala 
  Kosh77 
 
19232A 
  Sofia 
  Gala 
  Kosh77 
 
19233A 
  Sofia 
  Gala 
  Kosh77 
 
16617 
  John 
  J 
  Smith 
 
16618 
  John 
  J 
  Smith 
 
16619 
  John 
  J 
  Smith 
 
16620 
  John 
  J 
  Smith 
 
16621 
  John 
  J 
  Smith 
 
16622 
  John 
  J 
  Smith 
 
16623 
  John 
  J 
  Smith 
 
16624 
  John 
  J 
  Smith 
 
16625 
  John 
  J 
  Smith 
 
16626 
  John 
  J 
  Smith 
 
16627 
  John 
  J 
  Smith 
 
16628 
  John 
  J 
  Smith 
 
16629 
  John 
  J 
  Smith 
 
16630 
  John 
  J 
  Smith 
 
16631 
  John 
  J 
  Smith 
 
16632 
  John 
  J 
  Smith 
 
16633 
  John 
  J 
  Smith 
 
16634 
  Thor 
  Osman 
  Potter 
 
19234A 
  moazzam 
  s 
  sadiq 
 
16635 
  Marta 
  Mary 
  Ostash 
 
16636 
  test123 
   
  test12345 
 
16637 
  aaangeltest 
   
  test123 
 
16638 
  thomas 
   
  Jefferson 
 
16639 
  TimmmyTest 
   
  TurnerTest 
 
16640 
  Nelson1234 
  MS 
  MS1234 
 
16645 
  Random 
  U 
  Testings 
 
11111111 
  Ahmad 
  Khan 
  Khan 
 
16650 
  qwer 
   
  yuio 
 
1665398 
  jdfhhd 
  dfndjnj 
  dhjsgdjh 
 
16654 
  rte 
   
  uywuy 
 
16655 
  ggggg 
   
  fffff 
 
16656 
  yuiop 
   
  mnvc 
 
16657 
  ghjghjgjh 
  hgfgfjfjh 
  vccvhjhj 
 
16658 
  oiuoiuo 
   
  hvjhvhjhj 
 
16659 
  errrrr 
   
  vvvvv 
 
16660 
  khkh 
   
  ll;jk;lj;kl 
 
112233 
  David 
   
  Smith 
 
16690 
  John 
  J 
  Smith 
 
16691 
  John 
  J 
  Smith 
 
16692 
  John 
  J 
  Smith 
 
16693 
  John 
  J 
  Smith 
 
16694 
  John 
  J 
  Smith 
 
16695 
  John 
  J 
  Smith 
 
16696 
  John 
  J 
  Smith 
 
16697 
  John 
  J 
  Smith 
 
16698 
  John 
  J 
  Smith 
 
16699 
  John 
  J 
  Smith 
 
16700 
  John 
  J 
  Smith 
 
16701 
  John 
  J 
  Smith 
 
16702 
  John 
  J 
  Smith 
 
16703 
  John 
  J 
  Smith 
 
16704 
  John 
  J 
  Smith 
 
16705 
  John 
  J 
  Smith 
 
16706 
  John 
  J 
  Smith 
 
16707 
  John 
  J 
  Smith 
 
16708 
  John 
  J 
  Smith 
 
16709 
  John 
  J 
  Smith 
 
16710 
  John 
  J 
  Smith 
 
16711 
  John 
  J 
  Smith 
 
16712 
  John 
  J 
  Smith 
 
16713 
  John 
  J 
  Smith 
 
16714 
  John 
  J 
  Smith 
 
16715 
  John 
  J 
  Smith 
 
16716 
  John 
  J 
  Smith 
 
16717 
  John 
  J 
  Smith 
 
16718 
  John 
  J 
  Smith 
 
16719 
  John 
  J 
  Smith 
 
16720 
  John 
  J 
  Smith 
 
16721 
  John 
  J 
  Smith 
 
16722 
  John 
  J 
  Smith 
 
16723 
  John 
  J 
  Smith 
 
16724 
  John 
  J 
  Smith 
 
16725 
  John 
  J 
  Smith 
 
16727 
  Test123456 
  MS 
  Test9876 
 
16728 
  Test1212 
  MS 
  Test7654 
 
16729 
  John 
  J 
  Smith 
 
16730 
  John 
  J 
  Smith 
 
16731 
  John 
  J 
  Smith 
 
16732 
  John 
  J 
  Smith 
 
16733 
  John 
  J 
  Smith 
 
16734 
  John 
  J 
  Smith 
 
16735 
  John 
  J 
  Smith 
 
16736 
  John 
  J 
  Smith 
 
16737 
  John 
  J 
  Smith 
 
16738 
  John 
  J 
  Smith 
 
16739 
  John 
  J 
  Smith 
 
16740 
  John 
  J 
  Smith 
 
16741 
  John 
  J 
  Smith 
 
16742 
  John 
  J 
  Smith 
 
16743 
  John 
  J 
  Smith 
 
16744 
  John 
  J 
  Smith 
 
16745 
  John 
  J 
  Smith 
 
16746 
  John 
  J 
  Smith 
 
16747 
  John 
  J 
  Smith 
 
16748 
  John 
  J 
  Smith 
 
16749 
  John 
  J 
  Smith 
 
16750 
  John 
  J 
  Smith 
 
16751 
  John 
  J 
  Smith 
 
16752 
  John 
  J 
  Smith 
 
16753 
  John 
  J 
  Smith 
 
16754 
  John 
  J 
  Smith 
 
16755 
  John 
  J 
  Smith 
 
16756 
  John 
  J 
  Smith 
 
16757 
  John 
  J 
  Smith 
 
16758 
  John 
  J 
  Smith 
 
16759 
  John 
  J 
  Smith 
 
16760 
  John 
  J 
  Smith 
 
16762 
  John 
  J 
  Smith 
 
16763 
  John 
  J 
  Smith 
 
16764 
  John 
  J 
  Smith 
 
16765 
  John 
  J 
  Smith 
 
16766 
  John 
  J 
  Smith 
 
16767 
  John 
  J 
  Smith 
 
16768 
  John 
  J 
  Smith 
 
16773 
  Boby 
  momy 
  dady 
 
16775 
  Tommy 
  koko 
  koko 
 
16777 
  Lolo 
  tolo 
  tolo 
 
16778 
  Kabul 
  Herat 
  Mazar 
 
16779 
  Washington 
  Virginia 
  Maryland 
 
16780 
  London 
  Cardiff 
  Manchester 
 
16792 
  sdv 
   
  sdv 
 
16793 
  dv 
   
  sdf 
 
16798 
  TimmmyTest 
   
  TurnerTest 
 
16799 
  sdf 
   
  df 
 
16800 
  John 
  J 
  Smith 
 
16801 
  John 
  J 
  Smith 
 
16802 
  John 
  J 
  Smith 
 
16803 
  John 
  J 
  Smith 
 
16804 
  John 
  J 
  Smith 
 
16805 
  John 
  J 
  Smith 
 
16806 
  Nelson1234 
  MS 
  MS1234 
 
16808 
  John 
  J 
  Smith 
 
16809 
  John 
  J 
  Smith 
 
16810 
  John 
  J 
  Smith 
 
16811 
  John 
  J 
  Smith 
 
16812 
  hgfd 
   
  chg 
 
16813 
  hv 
   
  vh 
 
16814 
  TimmmyTest 
   
  TurnerTest 
 
16817 
  John 
  J 
  Smith 
 
16822 
  sdf 
   
  sad 
 
16845 
  Nelson1234 
  MS 
  MS1234 
 
16847 
  Test123456 
  MS 
  Test9876 
 
16850 
  Test3232 
  MS 
  Test5454 
 
16851 
  Jon0404 
  MS 
  US 
 
16852 
  Jack0404 
  MS 
  US 
 
16853 
  MS0909 
  MS 
  US 
 
16872 
  John 
  J 
  Smith 
 
16873 
  John 
  J 
  Smith 
 
16878 
  John 
  J 
  Smith 
 
16879 
  John 
  J 
  Smith 
 
16880 
  uui 
  i 
  ti 
 
16881 
  John 
  J 
  Smith 
 
16882 
  John 
  J 
  Smith 
 
16883 
  John 
  J 
  Smith 
 
16884 
  John 
  J 
  Smith 
 
16886 
  laila 
  jan 
  ahmadi 
 
16888 
  Nelson1234 
  MS 
  MS1234 
 
16890 
  Nelson1234 
  MS 
  MS1234 
 
16892 
  Nelson1234 
  MS 
  MS1234 
 
16894 
  Nelson1234 
  MS 
  MS1234 
 
16896 
  Nelson1234 
  MS 
  MS1234 
 
16898 
  Test123456 
  MS 
  Test9876 
 
16899 
  Test1212 
  MS 
  Test7654 
 
16900 
  Test3232 
  MS 
  Test5454 
 
16901 
  dataname1 
  m 
  datalast1 
 
16902 
  dataname2 
  m 
  datalast2 
 
16903 
  dataname3 
  m 
  datalast3 
 
16904 
  lalatest12 
  test9 
  yuliatest13 
 
16919 
  Nelson1234 
  MS 
  MS1234 
 
16921 
  Test123456 
  MS 
  Test9876 
 
16922 
  Test1212 
  MS 
  Test7654 
 
16923 
  Test3232 
  MS 
  Test5454 
 
16924 
  Jon0404 
  MS 
  US 
 
16925 
  Jack0404 
  MS 
  US 
 
16973 
  Tommy 
  baby 
  koko 
 
16975 
  Lolo 
  molo 
  tolo 
 
16976 
  Tommy 
  baby 
  koko 
 
16978 
  Lolo 
  molo 
  tolo 
 
16980 
  john 
  ibrahim 
  kk 
 
16981 
  Tom 
  jj 
  cruiz 
 
16982 
  john 
  cina 
  kk 
 
16983 
  akshey 
  AK 
  Kumar 
 
16984 
  Tom 
  jj 
  cruiz 
 
16985 
  john 
  cina 
  kk 
 
16986 
  Tom 
  jj 
  cruiz 
 
16987 
  john 
  cina 
  kk 
 
16988 
  Akshay 
  AK 
  Kumar 
 
16989 
  Tom 
  jj 
  cruiz 
 
16990 
  john 
  cina 
  kk 
 
16991 
  Tom 
  jj 
  cruiz 
 
16992 
  john 
  cina 
  kk 
 
16993 
  Tom 
  jj 
  cruiz 
 
16994 
  john 
  cina 
  kk 
 
16995 
  Akshey 
  AK 
  Kumar 
 
16996 
  Lily 
  a 
  KAAJDkdf;lkal;sd 
 
16997 
  asdd 
  e3da 
  gasdfc 
 
17000 
  juan 
   
  qwd 
 
17007 
  asd 
  dd 
  ddds 
 
17019 
  ssaf 
   
  asdf 
 
17022 
  new 
   
  emp 
 
17028 
  tester 
   
  mctest 
 
17041 
  asd 
  d 
  sdfa 
 
17045 
  dasdf 
  asdf 
  asdfasdfasdf 
 
17052 
  ssss 
   
  ssss 
 
17063 
  asdfasf 
   
  asdfsdf 
 
17080 
  ss 
  ss 
  dddf 
 
17089 
  dasdf 
   
  asdfasdf 
 
17123 
  lalatest1233 
  test9 
  yulia33test13 
 
17124 
  lalatest1233 
  test9 
  yulia33test13 
 
17125 
  lalatest1233 
  test9 
  yulia33test13 
 
17126 
  lalatest1233 
  test9 
  yulia33test13 
 
17127 
  333.0 
  test 
  Smith33test13 
 
17128 
  lalatest32333333 
  test 
  Parke33rtest31 
 
17145 
  dataname1 
  m 
  datalast1 
 
17146 
  dataname2 
  m 
  datalast2 
 
17147 
  dataname3 
  m 
  datalast3 
 
17156 
  dataname1 
  m 
  datalast1 
 
17157 
  dataname2 
  m 
  datalast2 
 
17158 
  dataname3 
  m 
  datalast3 
 
17162 
  da 
  df 
  asdfasdfas 
 
17164 
  asdfasdf 
  asdfasdf 
  asdf 
 
17167 
  asdf 
   
  asdf 
 
17177 
  asdf 
  asdf 
  asdf 
 
17178 
  Anusha2026 
  test09 
  test 
 
17182 
  ddddd 
   
  dddddd 
 
17193 
  ssss 
   
  ssss 
 
17197 
  asdf 
   
  asdf 
 
17204 
  EFG 
  DA 
  DS 
 
17251 
  John 
   
  Khan 
 
17253 
  asfdsd 
   
  ddasdfasdf 
 
17261 
  lily 
   
  asdfasdfasdf 
 
17262 
  lily 
   
  asdfasdfasdf 
 
17268 
  Ty 
  test9 
  Russell 
 
17269 
  Zack 
  test 
  Sawyer 
 
17270 
  Ty-01 
  New 
  Test 
 
17271 
  Zack-01 
  New 
  Test 
 
17290 
  Asghar 
   
  Nazir 
 
17292 
  asdfasdfasdf 
   
  asdfasdfasdfasdf 
 
17354 
  Sezgin 
  Baran 
  Korkmaz 
 
17355 
  Sezgin 
  Baran 
  Korkmaz 
 
17356 
  Sedat 
  male 
  Pek 
 
17357 
  omer 
  yakisti 
  Korkmaz 
 
17358 
  omer 
  yakisti 
  Korkmaz 
 
17359 
  omer 
  yakisti 
  Korkmaz 
 
17360 
  omer 
  yakisti 
  Korkmaz 
 
17361 
  omer 
  yakisti 
  Korkmaz 
 
17362 
  omer 
  yakisti 
  Korkmaz 
 
17363 
  omer 
  yak 
  yakistir 
 
17364 
  omer 
  yak 
  yakistir 
 
17384 
  aasdfasdf 
   
  asdfasdfas 
 
17405 
  asdfasd 
   
  asdfasdf 
 
17438 
  sdfa 
   
  ddd 
 
 
  John 
   
  Khan 
 
17443 
  omer 
  yak 
  yakistir 
 
17444 
  omer 
  yak 
  yakistir 
 
17445 
  omer 
  yak 
  yakistir 
 
17447 
  omer 
  yakisti 
  Korkmaz 
 
17448 
  omer 
  yakisti 
  Korkmaz 
 
17449 
  omer 
  yakisti 
  Korkmaz 
 
17450 
  Sedat 
  M1191 
  Peker 
 
17451 
  Sedat 
  M5e76 
  Peker 
 
17452 
  omer 
  yak 
  yakistir 
 
17453 
  omer 
  yak 
  yakistir 
 
17454 
  omer 
  yak 
  yakistir 
 
17455 
  omer 
  yak 
  yakistir 
 
17456 
  omer 
  yak 
  yakistir 
 
17457 
  omer 
  yak 
  yakistir 
 
17458 
  omer 
  yak 
  yakistir 
 
17459 
  omer 
  yak 
  yakistir 
 
17460 
  Suslu 
  Mac 
  Sulu 
 
17462 
  asdfsdf 
   
  asdfasdf 
 
17476 
  asfd 
   
  sdfasdf 
 
17508 
  Java 
  API 
  Programming 
 
17513 
  sdfasdfasdf 
   
  asdfasdfasdfs 
 
17546 
  Sedat 
  Mb8b7 
  Peker 
 
19235A 
  Farshid 
  F 
  Nouri 
 
19236A 
  Frank 
  F 
  Nouri 
 
19237A 
  Farshid 
  F 
  Nouri 
 
19238A 
  Farshid 
  F 
  Nouri 
 
19240A 
  Farhad 
  F 
  Nouri 
 
19241A 
  Farhad 
  F 
  Nouri 
 
19242A 
  Farhad 
  F 
  Nouri 
 
19243A 
  Farhad 
  F 
  Nouri 
 
19244A 
  Farhad 
  F 
  Nouri 
 
19245A 
  Farhad 
  F 
  Nouri 
 
19246A 
  Farhad 
  F 
  Nouri 
 
19247A 
  Farhad 
  F 
  Nouri 
 
19248A 
  Farhad 
  F 
  Nouri 
 
19249A 
  Farhad 
  F 
  Nouri 
 
19250A 
  Farhad 
  F 
  Nouri 
 
19251A 
  Farhad 
  F 
  Nouri 
 
19252A 
  Farhad 
  F 
  Nouri 
 
19253A 
  Farhad 
  F 
  Nouri 
 
19254A 
  Farhad 
  F 
  Nouri 
 
19255A 
  Farhad 
  F 
  Nouri 
 
19256A 
  Farhad 
  F 
  Nouri 
 
19257A 
  Farhad 
  F 
  Nouri 
 
19258A 
  Farhad 
  F 
  Nouri 
 
19259A 
  Farhad 
  F 
  Nouri 
 
19260A 
  Farhad 
  F 
  Nouri 
 
19261A 
  Farhad 
  F 
  Nouri 
 
19262A 
  Farhad 
  F 
  Nouri 
 
19263A 
  Farhad 
  F 
  Nouri 
 
19264A 
  Farhad 
  F 
  Nouri 
 
17548 
  Steward 
   
  Thomson 
 
17551 
  sdjkbfgksgbk 
  dsfsd 
  fsdfs 
 
17555 
  Omer 
  M20d5 
  Yak 
 
17556 
  Marta 
  Mary 
  Ostash 
 
17563 
  Yuliya 
  MS 
  Yuliya 
 
17567 
  Marta 
  Mary 
  Ostash 
 
17570 
  Yhisid 
  ds 
  dsksdk 
 
17571 
  Yulia123 
  MS 
  Yulia456 
 
17572 
  Yulia1234 
  MSS 
  Yulia4564 
 
17573 
  Yulia123 
  MS 
  Yulia456 
 
17574 
  Yulia123 
  MS 
  Yulia456 
 
17575 
  Marta 
  Mary 
  Ostash 
 
17576 
  Juan 
  Batist 
  Grenui 
 
17577 
  Yulia1234 
  MSS 
  Yulia4564 
 
17578 
  Anusha123 
  SQL 
  Anusha456 
 
17579 
  Yhisid 
  ds 
  dsksdk 
 
17580 
  Juan 
  Batist 
  Grenui 
 
17581 
  Yulia123 
  MS 
  Yulia456 
 
17582 
  Yulia1234 
  MSS 
  Yulia4564 
 
17583 
  Marta 
  Mary 
  Ostash 
 
17584 
  Yulia123 
  MS 
  Yulia456 
 
17585 
  Juan 
  Batist 
  Grenui 
 
17586 
  Yulia123 
  MS 
  Yulia456 
 
17587 
  Yulia1234 
  MSS 
  Yulia4564 
 
17588 
  Juan 
  Batist 
  Grenui 
 
17589 
  Yulia123 
  MS 
  Yulia456 
 
17590 
  Yhisid 
  ds 
  dsksdk 
 
17591 
  Yhisid 
  ds 
  dsksdk 
 
17592 
  Yulia123 
  MS 
  Yulia456 
 
17593 
  Marta 
  Mary 
  Ostash 
 
17594 
  Juan 
  Batist 
  Grenui 
 
17595 
  Gabbyyy 
  middleeee 
  lasttt 
 
17596 
  Jack123 
  Keith123 
  Smith123 
 
17597 
  Yulia123 
  MS 
  Yulia456 
 
17598 
  Yulia123 
  MS 
  Yulia456 
 
17599 
  Yulia123 
  MS 
  Yulia456 
 
17600 
  Yulia123 
  MS 
  Yulia456 
 
17601 
  Gabbyyy 
  middleeee 
  lasttt 
 
17602 
  Jack123 
  Keith123 
  Smith123 
 
17603 
  Yulia123 
  MS 
  Yulia456 
 
17604 
  Yulia123 
  MS 
  Yulia456 
 
17605 
  Yulia123 
  MS 
  Yulia456 
 
17606 
  Nelson1234 
  MS 
  MS1234 
 
17607 
  Yulia123 
  MS 
  Yulia456 
 
17608 
  Test123456 
  MS 
  Test9876 
 
17609 
  Test1212 
  MS 
  Test7654 
 
17610 
  Test3232 
  MS 
  Test5454 
 
17611 
  Jon0404 
  MS 
  US 
 
17612 
  Jack0404 
  MS 
  US 
 
17613 
  MS0909 
  MS 
  US 
 
17614 
  Anusha0909 
  test9 
  anushatest 
 
17615 
  Yulia123 
  MS 
  Yulia456 
 
17616 
  Yulia123 
  MS 
  Yulia456 
 
17617 
  Yulia123 
  MS 
  Yulia456 
 
17618 
  Yulia123 
  MS 
  Yulia456 
 
17619 
  Yulia123 
  MS 
  Yulia456 
 
17620 
  Yoooo123 
  midsss 
  yeaaaa 
 
17621 
  Yoooo123 
  midsss 
  yeaaaa 
 
17622 
  Yoooo123 
  midsss 
  yeaaaa 
 
17623 
  Yulia123 
  MS 
  Yulia456 
 
17624 
  Tom 
  jj 
  cruiz 
 
17625 
  john 
  cina 
  kk 
 
17626 
  Akshey 
  AK 
  Kumar 
 
17627 
  Yulia123 
  MS 
  Yulia456 
 
17628 
  Yulia123 
  MS 
  Yulia456 
 
17629 
  John0649 
  MS 
  US 
 
17630 
  Jack0404 
  MS 
  Us 
 
17631 
  MS0909 
  MS 
  US 
 
19265A 
  Farhad 
  F 
  Nouri 
 
17632 
  Yulia123 
  MS 
  Yulia456 
 
17633 
  Lea 
  ABC 
  DFJ 
 
17634 
  Yulia123 
  MS 
  Yulia456 
 
17635 
  Yarina123 
  MS 
  Yarina456 
 
19266A 
  Farhad 
  F 
  Nouri 
 
19267A 
  Farhad 
  F 
  Nouri 
 
19268A 
  Farhad 
  F 
  Nouri 
 
19269A 
  Farhad 
  F 
  Nouri 
 
19270A 
  Farhad 
  F 
  Nouri 
 
19271A 
  Farhad 
  F 
  Nouri 
 
19272A 
  Farhad 
  F 
  Nouri 
 
19273A 
  Farhad 
  F 
  Nouri 
 
19274A 
  Farhad 
  F 
  Nouri 
 
19275A 
  Farhad 
  F 
  Nouri 
 
19276A 
  Farhad 
  F 
  Nouri 
 
19277A 
  Farhad 
  F 
  Nouri 
 
19278A 
  Farhad 
  F 
  Nouri 
 
19279A 
  Farhad 
  F 
  Nouri 
 
19280A 
  Farhad 
  F 
  Nouri 
 
19281A 
  Farhad 
  F 
  Nouri 
 
19282A 
  Farhad 
  F 
  Nouri 
 
19283A 
  Farhad 
  F 
  Nouri 
 
19284A 
  Farhad 
  F 
  Nouri 
 
19285A 
  Farhad 
  F 
  Nouri 
 
19286A 
  Farhad 
  F 
  Nouri 
 
19287A 
  Farhad 
  F 
  Nouri 
 
19288A 
  Farhad 
  F 
  Nouri 
 
19289A 
  Farhad 
  F 
  Nouri 
 
19290A 
  Farhad 
  F 
  Nouri 
 
17636 
  Yulia123 
  MS 
  Yulia456 
 
17637 
  Yulia123 
  MS 
  Yulia456 
 
17638 
  Yarina123 
  MS 
  Yarina456 
 
17639 
  Yarina123 
  MS 
  Yarina456 
 
17640 
  Yarina123 
  MS 
  Yarina456 
 
17641 
  Yulia123 
  MS 
  Yulia456 
 
19291A 
  Farhad 
[...]
  talat 
  sadiq 
 
24180A 
  syntaxUpdatedFirstName 
  syntaxUpdatedMiddleName 
  syntaxUpdatedLastName 
 
24181A 
  Syntax 
  Instructor 
  API 
 
24182A 
  Syntax 
  Instructor 
  API 
 
24183A 
  Syntax 
  Instructor 
  API 
 
24184A 
  Syntax 
  Instructor 
  API 
 
24185A 
  Syntax 
  Instructor 
  API 
 
24186A 
  Syntax 
  Instructor 
  API 
 
17983 
  Yulia123 
  MS 
  Yulia456 
 
17984 
  Yulia123 
  MS 
  Yulia456 
 
24187A 
  eva 
  talat 
  sadiq 
 
17985 
  Yulia123 
  MS 
  Yulia456 
 
24188A 
  eva 
  talat 
  sadiq 
 
24189A 
  eva 
  talat 
  sadiq 
 
24190A 
  eva 
  talat 
  sadiq 
 
24191A 
  eva 
  talat 
  sadiq 
 
24192A 
  eva 
  talat 
  sadiq 
 
24193A 
  eva 
  talat 
  sadiq 
 
24194A 
  eva 
  talat 
  sadiq 
 
24195A 
  eva 
  talat 
  sadiq 
 
24196A 
  eva 
  talat 
  sadiq 
 
24197A 
  eva 
  talat 
  sadiq 
 
24198A 
  eva 
  talat 
  sadiq 
 
24199A 
  eva 
  talat 
  sadiq 
 
17986 
  Yulia123 
  MS 
  Yulia456 
 
17987 
  Yulia123 
  MS 
  Yulia456 
 
17988 
  Yulia123 
  MS 
  Yulia456 
 
24200A 
  Accesss 
  Allow 
  Control 
 
24201A 
  Accesss 
  Allow 
  Control 
 
24202A 
  Bob 
  Cliff 
  Tom 
 
24203A 
  Bob 
  Cliff 
  Tom 
 
24204A 
  Bob 
  Cliff 
  Tom 
 
24205A 
  Bob 
  Cliff 
  Tom 
 
24206A 
  Bob 
  Cliff 
  Tom 
 
24207A 
  Bob 
  Cliff 
  Tom 
 
24208A 
  Bob 
  Cliff 
  Tom 
 
24209A 
  Syntax 
  Instructor 
  API 
 
24210A 
  syntaxUpdatedFirstName 
  syntaxUpdatedMiddleName 
  syntaxUpdatedLastName 
 
24211A 
  Ahmad 
  Mark 
  mahmood 
 
24212A 
  Ahmad 
  Mark 
  mahmood 
 
24213A 
  Ahmad 
  Mark 
  mahmood 
 
24214A 
  Ahmad 
  Mark 
  mahmood 
 
24215A 
  Accesss 
  Allow 
  Control 
 
24216A 
  Accesss 
  Allow 
  Control 
 
24217A 
  Accesss 
  Allow 
  Control 
 
24218A 
  Accesss 
  Allow 
  Control 
 
24219A 
  Accesss 
  Allow 
  Control 
 
24220A 
  Accesss 
  Allow 
  Control 
 
17989 
  Yulia123 
  MS 
  Yulia456 
 
17990 
  Yulia123 
  MS 
  Yulia456 
 
17991 
  Yulia123 
  MS 
  Yulia456 
 
17992 
  Yulia123 
  MS 
  Yulia456 
 
17993 
  Yulia123 
  MS 
  Yulia456 
 
17995 
  Yulia123 
  MS 
  Yulia456 
 
17996 
  Yulia123 
  MS 
  Yulia456 
 
17997 
  Yulia123 
  MS 
  Yulia456 
 
17998 
  Yulia123 
  MS 
  Yulia456 
 
17999 
  Yulia123 
  MS 
  Yulia456 
 
18000 
  Yulia123 
  MS 
  Yulia456 
 
18001 
  Yulia123 
  MS 
  Yulia456 
 
18002 
  Yulia123 
  MS 
  Yulia456 
 
18003 
  Yulia123 
  MS 
  Yulia456 
 
18004 
  Yulia123 
  MS 
  Yulia456 
 
18005 
  Yulia123 
  MS 
  Yulia456 
 
18006 
  Yulia123 
  MS 
  Yulia456 
 
18007 
  Zhmishenko 
  enotik 
  Valery 
 
18008 
  Zhmishenko 
  enotik 
  Valery 
 
18009 
  Zhmishenko 
  enotik 
  Valery 
 
18010 
  Zhmishenko 
  enotik 
  Valery 
 
18011 
  Zhmishenko 
  enotik 
  Valery 
 
18012 
  Zhmishenko 
  enotik 
  Valery 
 
18013 
  Zhmishenko 
  enotik 
  Valery 
 
18014 
  Zhmishenko 
  enotik 
  Valery 
 
18015 
  Zhmishenko 
  enotik 
  Valery 
 
18016 
  Zhmishenko 
  enotik 
  Valery 
 
18017 
  Yulia123 
  MS 
  Yulia456 
 
18018 
  Yulia123 
  MS 
  Yulia456 
 
18019 
  Yulia123 
  MS 
  Yulia456 
 
18020 
  Yulia123 
  MS 
  Yulia456 
 
18021 
  Yulia123 
  MS 
  Yulia456 
 
18022 
  Yulia123 
  MS 
  Yulia456 
 
18023 
  Yulia123 
  MS 
  Yulia456 
 
18024 
  Yulia123 
  MS 
  Yulia456 
 
24221A 
  Look 
  Watch 
  See 
 
18026 
  Yulia123 
  MS 
  Yulia456 
 
18027 
  Test123456 
  MS 
  Test9876 
 
18028 
  Test1212 
  MS 
  Test7654 
 
18029 
  Test3232 
  MS 
  Test5454 
 
18030 
  Yulia123 
  MS 
  Yulia456 
 
18031 
  Zhmishenko 
  enotik 
  Valery 
 
18032 
  Zhmishenko 
  enotik 
  Valery 
 
18033 
  Yulia123 
  MS 
  Yulia456 
 
18034 
  Test12347 
  MS 
  Test9879 
 
18035 
  Test32320 
  MS 
  Test5451 
 
18036 
  Yulia123 
  MS 
  Yulia456 
 
18037 
  Yulia123 
  MS 
  Yulia456 
 
18038 
  Yulia123 
  MS 
  Yulia456 
 
18039 
  Givi123 
  MS 
  MS12 
 
18040 
  John0404 
  MS 
  US 
 
18041 
  Test12347 
  MS 
  Test9879 
 
18041 
  Test12125 
  MS 
  Test7655 
 
18043 
  Yury 
  test9 
  Tyan 
 
18044 
  Yulia123 
  MS 
  Yulia456 
 
18045 
  Test12347 
  MS 
  Test9879 
 
18046 
  Givi123 
  MS 
  MS12 
 
18047 
  John0404 
  MS 
  US 
 
18048 
  Yulia123 
  MS 
  Yulia456 
 
18049 
  Yury 
  test9 
  Tyan 
 
18050 
  Jack 
  MS 
  US 
 
18051 
  MS0909 
  MS 
  US 
 
18052 
  Test12125 
  MS 
  Test7655 
 
18053 
  John0404 
  MS 
  US 
 
18054 
  Givi123 
  MS 
  MS12 
 
18055 
  Yulia123 
  MS 
  Yulia456 
 
18056 
  Jack 
  MS 
  US 
 
18057 
  Yury 
  test9 
  Tyan 
 
18058 
  MS0909 
  MS 
  US 
 
18059 
  Test12347 
  MS 
  Test9879 
 
18060 
  Givi123 
  MS 
  MS12 
 
18061 
  John 
  test9 
  Smith 
 
18062 
  Yulia123 
  MS 
  Yulia456 
 
18063 
  Jack 
  MS 
  US 
 
18064 
  MS0909 
  MS 
  US 
 
18065 
  Givi123 
  MS 
  MS12 
 
18066 
  Test32320 
  MS 
  Test5451 
 
18067 
  Yury 
  test9 
  Tyan 
 
18067 
  Test12347 
  MS 
  Test9879 
 
18069 
  Jack 
  MS 
  US 
 
18070 
  MS0909 
  MS 
  US 
 
18071 
  Givi123 
  MS 
  MS12 
 
18072 
  Yulia123 
  MS 
  Yulia456 
 
18073 
  Test12347 
  MS 
  Test9879 
 
18074 
  Givi123 
  MS 
  MS12 
 
18075 
  Yulia123 
  MS 
  Yulia456 
 
18076 
  Test12347 
  MS 
  Test9879 
 
18077 
  Test12125 
  MS 
  Test7655 
 
18078 
  Test32320 
  MS 
  Test5451 
 
18079 
  John0404 
  MS 
  US 
 
18080 
  Jack 
  MS 
  US 
 
18081 
  MS0909 
  MS 
  US 
 
18082 
  Yury 
  test9 
  Tyan 
 
18083 
  Yulia123 
  MS 
  Yulia456 
 
18084 
  Yulia123 
  MS 
  Yulia456 
 
18085 
  Yulia123 
  MS 
  Yulia456 
 
18086 
  Yulia123 
  MS 
  Yulia456 
 
18087 
  azizullah 
   
  ayoubi 
 
18088 
  Yulia123 
  MS 
  Yulia456 
 
18089 
  Yulia123 
  MS 
  Yulia456 
 
18090 
  Givi123 
  MS 
  MS12 
 
18091 
  John0404 
  MS 
  US 
 
18092 
  Test12347 
  MS 
  Test9879 
 
18093 
  John 
  test9 
  Smith 
 
18094 
  Jack 
  MS 
  US 
 
18095 
  MS0909 
  MS 
  US 
 
18096 
  Test32320 
  MS 
  Test5451 
 
18097 
  John 
  test9 
  Smith 
 
18098 
  Test12347 
  MS 
  Test9879 
 
18099 
  Givi123 
  MS 
  MS12 
 
18100 
  Yulia123 
  MS 
  Yulia456 
 
18101 
  Jack 
  MS 
  US 
 
18102 
  MS0909 
  MS 
  US 
 
18103 
  Yury 
  test9 
  Tyan 
 
18104 
  John0404 
  MS 
  US 
 
18105 
  Test12125 
  MS 
  Test7655 
 
18106 
  Test12347 
  MS 
  Test9879 
 
18107 
  Test32320 
  MS 
  Test5451 
 
18108 
  MS0909 
  MS 
  US 
 
18109 
  Givi123 
  MS 
  MS12 
 
18110 
  Yulia123 
  MS 
  Yulia456 
 
18111 
  Test12347 
  MS 
  Test9879 
 
18112 
  Test12125 
  MS 
  Test7655 
 
18113 
  Test32320 
  MS 
  Test5451 
 
18114 
  John0404 
  MS 
  US 
 
18115 
  Jack 
  MS 
  US 
 
18116 
  MS0909 
  MS 
  US 
 
18117 
  Yury 
  test9 
  Tyan 
 
18118 
  Yulia123 
  MS 
  Yulia456 
 
18119 
  Test12125 
  MS 
  Test7655 
 
18120 
  Test32320 
  MS 
  Test5451 
 
18121 
  Yulia123 
  MS 
  Yulia456 
 
18122 
  Test12347 
  MS 
  Test9879 
 
18123 
  Jack 
  MS 
  US 
 
18124 
  MS0909 
  MS 
  US 
 
18125 
  Test32320 
  MS 
  Test5451 
 
18126 
  Test12125 
  MS 
  Test7655 
 
18127 
  Yulia123 
  MS 
  Yulia456 
 
18128 
  Test12347 
  MS 
  Test9879 
 
18129 
  Jack 
  MS 
  US 
 
18130 
  MS0909 
  MS 
  US 
 
18131 
  Test12125 
  MS 
  Test7655 
 
18132 
  Yulia123 
  MS 
  Yulia456 
 
18133 
  John0404 
  MS 
  US 
 
18133 
  Test32320 
  MS 
  Test5451 
 
18133 
  Test12347 
  MS 
  Test9879 
 
18133 
  Givi123 
  MS 
  MS12 
 
18137 
  Jack 
  MS 
  US 
 
18138 
  MS0909 
  MS 
  US 
 
18139 
  Test32320 
  MS 
  Test5451 
 
18140 
  Test12125 
  MS 
  Test7655 
 
18141 
  John0404 
  MS 
  US 
 
18142 
  Test12347 
  MS 
  Test9879 
 
18143 
  Jack 
  MS 
  US 
 
18144 
  MS0909 
  MS 
  US 
 
18145 
  Givi123 
  MS 
  MS12 
 
18146 
  Yulia123 
  MS 
  Yulia456 
 
18147 
  Test12347 
  MS 
  Test9879 
 
18148 
  Test12125 
  MS 
  Test7655 
 
18149 
  Test32320 
  MS 
  Test5451 
 
18150 
  John0404 
  MS 
  US 
 
18151 
  Jack 
  MS 
  US 
 
18152 
  MS0909 
  MS 
  US 
 
18153 
  Yury 
  test9 
  Tyan 
 
18154 
  Yulia123 
  MS 
  Yulia456 
 
18155 
  Givi123 
  MS 
  MS12 
 
18156 
  Yulia123 
  MS 
  Yulia456 
 
18157 
  Test12347 
  MS 
  Test9879 
 
18158 
  Test12125 
  MS 
  Test7655 
 
18159 
  Test32320 
  MS 
  Test5451 
 
18160 
  John0404 
  MS 
  US 
 
18161 
  Jack 
  MS 
  US 
 
18162 
  MS0909 
  MS 
  US 
 
18163 
  Yury 
  test9 
  Tyan 
 
18164 
  Yulia123 
  MS 
  Yulia456 
 
18165 
  Givi123 
  MS 
  MS12 
 
18166 
  Yulia123 
  MS 
  Yulia456 
 
18167 
  Test12347 
  MS 
  Test9879 
 
18168 
  Test12125 
  MS 
  Test7655 
 
18169 
  Test32320 
  MS 
  Test5451 
 
18170 
  John0404 
  MS 
  US 
 
18171 
  Jack 
  MS 
  US 
 
18172 
  MS0909 
  MS 
  US 
 
18173 
  Yury 
  test9 
  Tyan 
 
18174 
  Yulia123 
  MS 
  Yulia456 
 
18175 
  Givi123 
  MS 
  MS12 
 
18176 
  Yulia123 
  MS 
  Yulia456 
 
18177 
  Test12347 
  MS 
  Test9879 
 
18178 
  Test12125 
  MS 
  Test7655 
 
18179 
  Test32320 
  MS 
  Test5451 
 
18180 
  John0404 
  MS 
  US 
 
18181 
  Jack 
  MS 
  US 
 
18182 
  MS0909 
  MS 
  US 
 
18183 
  Yury 
  test9 
  Tyan 
 
18184 
  Yulia123 
  MS 
  Yulia456 
 
18185 
  John 
   
  Smith 
 
18186 
  John 
   
  Smith 
 
18187 
  John 
   
  Smith 
 
18188 
  John 
   
  Smith 
 
18189 
  John 
   
  Smith 
 
18190 
  John 
   
  Smith 
 
18191 
  John 
   
  Smith 
 
18192 
  Zhmishenko 
  enotik 
  Valery 
 
18193 
  Zhmishenko 
  enotik 
  Valery 
 
18194 
  Zhmishenko 
  enotik 
  Valery 
 
18195 
  Zhmishenko 
  enotik 
  Valery 
 
18196 
  test123 
   
  test12345 
 
18197 
  Rammani1 
  test 
  Chaulagain 
 
18198 
  Asgar 
  test 
  nazir 
 
18199 
  Mirag 
  test 
  Kamran 
 
18200 
  Gul 
  test 
  Soda 
 
18201 
  Anusha 
  test 
  Giri 
 
18202 
  Yulia123 
  MS 
  Yulia456 
 
18203 
  Yulia123 
  MS 
  Yulia456 
 
24223A 
  Syntax 
  Instructor 
  API 
 
24224A 
  Olg 
  R 
  Simon 
 
18204 
  Yulia123 
  MS 
  Yulia456 
 
18205 
  Yulia123 
  MS 
  Yulia456 
 
18206 
  Yulia123 
  MS 
  Yulia456 
 
18207 
  Yulia123 
  MS 
  Yulia456 
 
24225A 
  Olg 
  R 
  Simon 
 
18208 
  John 
   
  Smith 
 
18209 
  John 
   
  Smith 
 
24226A 
  andrei 
  Tsras 
  Nurimanova 
 
24227A 
  andrei 
  Tsras 
  Nurimanova 
 
24228A 
  andrei 
  Tsras 
  Nurimanova 
 
18210 
  Yulia123 
  MS 
  Yulia456 
 
24229A 
  aziz 
  az 
  aziz 
 
24231A 
  Syntax 
  Instructor 
  API 
 
18211 
  Givi123 
  MS 
  MS12 
 
18212 
  Yulia123 
  MS 
  Yulia456 
 
18213 
  Test12347 
  MS 
  Test9879 
 
18214 
  Test12125 
  MS 
  Test7655 
 
18215 
  Test32320 
  MS 
  Test5451 
 
18216 
  John0404 
  MS 
  US 
 
18217 
  Jack 
  MS 
  US 
 
18218 
  MS0909 
  MS 
  US 
 
18219 
  Yury 
  test9 
  Tyan 
 
18220 
  Yulia123 
  MS 
  Yulia456 
 
18221 
  Test12347 
  MS 
  Test9879 
 
18222 
  Test32320 
  MS 
  Test5451 
 
18223 
  John0404 
  MS 
  US 
 
18224 
  Test12125 
  MS 
  Test7655 
 
18225 
  Jack 
  MS 
  US 
 
18226 
  MS0909 
  MS 
  US 
 
18227 
  Test12347 
  MS 
  Test9879 
 
18228 
  Test32320 
  MS 
  Test5451 
 
18229 
  Givi123 
  MS 
  MS12 
 
18230 
  MS0909 
  MS 
  US 
 
18231 
  Givi123 
  MS 
  MS12 
 
18232 
  Test32320 
  MS 
  Test5451 
 
18233 
  Test12125 
  MS 
  Test7655 
 
18234 
  Jack 
  MS 
  US 
 
18235 
  Test12347 
  MS 
  Test9879 
 
18236 
  MS0909 
  MS 
  US 
 
18237 
  Soslu 
  M44 
  Kuru 
 
24232A 
  nasrat eng 
  wertyuytujerer 
  sfsdfdsfsdfsdfsdf 
 
24234A 
  Saleem 
  Nasim 
  Sadat 
 
24235A 
  Saleem 
  Nasim 
  Sadat 
 
24236A 
  Saleem 
  Nasim 
  Sadat 
 
24237A 
  Saleem 
  Nasim 
  Sadat 
 
18238 
  Nelson1234 
  MS 
  MS1234 
 
18239 
  Yulia123 
  MS 
  Yulia456 
 
18240 
  Test123456 
  MS 
  Test9876 
 
18241 
  Test1212 
  MS 
  Test7654 
 
18242 
  Test3232 
  MS 
  Test5454 
 
18243 
  Test1234564 
  MS 
  Test987633 
 
18244 
  Test121233 
  MS 
  Test765433 
 
18245 
  Test323212 
  MS 
  Test545433 
 
18246 
  ram123 
  chau 
  chaula 
 
18247 
  Yulia123 
  MS 
  Yulia456 
 
18248 
  Nelson1234 
  MS 
  MS1234 
 
18249 
  Yulia123 
  MS 
  Yulia456 
 
18250 
  Test123456 
  MS 
  Test9876 
 
18251 
  Test1212 
  MS 
  Test7654 
 
18252 
  Test3232 
  MS 
  Test5454 
 
18253 
  Test1234564 
  MS 
  Test987633 
 
18254 
  Test121233 
  MS 
  Test765433 
 
18255 
  Test323212 
  MS 
  Test545433 
 
18256 
  ram123 
  chau 
  chaula 
 
18257 
  Yulia123 
  MS 
  Yulia456 
 
18258 
  Nelson1234 
  MS 
  MS1234 
 
18259 
  Nelson1234 
  MS 
  MS1234 
 
18260 
  Yulia123 
  MS 
  Yulia456 
 
18261 
  Test123456 
  MS 
  Test9876 
 
18262 
  Test1212 
  MS 
  Test7654 
 
18263 
  Test3232 
  MS 
  Test5454 
 
18264 
  Test1234564 
  MS 
  Test987633 
 
18265 
  Test121233 
  MS 
  Test765433 
 
24238A 
  aziz 
  az 
  aziz 
 
18266 
  Nelson1234 
  MS 
  MS1234 
 
18267 
  Nelson1234 
  MS 
  MS1234 
 
18268 
  Yulia123 
  MS 
  Yulia456 
 
18269 
  Test123456 
  MS 
  Test9876 
 
18270 
  Test1212 
  MS 
  Test7654 
 
18271 
  Test3232 
  MS 
  Test5454 
 
18272 
  Test1234564 
  MS 
  Test987633 
 
18273 
  Test121233 
  MS 
  Test765433 
 
18274 
  Test323212 
  MS 
  Test545433 
 
18275 
  ram123 
  chau 
  chaula 
 
18276 
  Yulia123 
  MS 
  Yulia456 
 
24239A 
  Ram 
  Xina 
  Chaulagain 
 
24240A 
  Ram 
  Xina 
  Chaulagain 
 
18277 
  John 
   
  Smith 
 
18278 
  John 
   
  Smith 
 
18279 
  John 
   
  Smith 
 
18280 
  John 
   
  Smith 
 
18281 
  John 
   
  Smith 
 
18282 
  John 
   
  Smith 
 
18283 
  John 
   
  Smith 
 
18284 
  John 
   
  Smith 
 
18285 
  John 
   
  Smith 
 
18286 
  John 
   
  Smith 
 
18287 
  John 
   
  Smith 
 
18288 
  John 
   
  Smith 
 
18289 
  John 
   
  Smith 
 
18290 
  John 
   
  Smith 
 
18291 
  John 
   
  Smith 
 
18292 
  John 
   
  Smith 
 
18293 
  John 
   
  Smith 
 
18294 
  John 
   
  Smith 
 
18295 
  John 
   
  Smith 
 
18296 
  John 
   
  Smith 
 
18297 
  John 
   
  Smith 
 
18298 
  John 
   
  Smith 
 
18299 
  John 
   
  Smith 
 
18300 
  John 
   
  Smith 
 
18301 
  John 
   
  Smith 
 
18302 
  John 
   
  Smith 
 
18307 
  Yulia123 
  MS 
  Yulia456 
 
18308 
  Test123456 
  MS 
  Test9876 
 
18309 
  Test1212 
  MS 
  Test7654 
 
18310 
  Test3232 
  MS 
  Test5454 
 
24242A 
  Jam 
  T 
  Mike 
 
24243A 
  Lms 
  Test 
  Mike 
 
18311 
  Yulia123 
  MS 
  Yulia456 
 
18312 
  Test123456 
  MS 
  Test9876 
 
18313 
  Test1212 
  MS 
  Test7654 
 
18314 
  Test3232 
  MS 
  Test5454 
 
18315 
  Yulia123 
  MS 
  Yulia456 
 
24244A 
  Lms 
  Test 
  Mike 
 
 
  Jane 
   
  Smith 
 
18319 
  James 
  J 
  Smith 
 
18320 
  Faisal 
  F 
  Sakhi 
 
18321 
  Sohil 
  S 
  Instuctor 
 
18322 
  Yunus 
  Emre 
  Yakut 
 
18323 
  John 
  J 
  Doe 
 
18324 
  Jane 
  J 
  Smith 
 
18325 
  ziya 
   
  sengul 
 
24245A 
  Maxx 
  ssafd 
  Lldfgg 
 
18326 
  ssss 
   
  dd 
 
18327 
  LAZ 
   
  ZIYA 
 
18328 
  LAZ 
   
  ZIYA 
 
18329 
  LAZ 
   
  ZIYA 
 
18330 
  LAZ 
   
  ZIYA 
 
24246A 
  Bryan 
  S 
  Espejo 
 
18331 
  Gabbyyy 
  middleeee 
  lasttt 
 
18332 
  Yulia123 
  MS 
  Yulia456 
 
18333 
  Yulia123 
  MS 
  Yulia456 
 
18334 
  Sammyyy 
  middleee 
  lastnameeee 
 
18335 
  Emma 
  Bell 
  Last 
 
18336 
  Emma 
  Bell 
  Last 
 
18337 
  Nelson1234 
  MS 
  MS1234 
 
18338 
  Yulia123 
  MS 
  Yulia456 
 
18339 
  Yulia123 
  MS 
  Yulia456 
 
18340 
  Yulia123 
  MS 
  Yulia456 
 
18341 
  Yulia123 
  MS 
  Yulia456 
 
24247A 
  Greg 
  Hardy 
  Handerson 
 
24248A 
  Greg 
  Hardy 
  Handerson 
 
24249A 
  Valera 
  Valeron 
  One 
 
24250A 
  Valera 
  Valeron 
  One 
 
24251A 
  Valera 
  Valeron 
  One 
 
24252A 
  Valera 
  Valeron 
  One 
 
24253A 
  Valera 
  Valeron 
  One 
 
24254A 
  Valera 
  Valeron 
  One 
 
24255A 
  Valera 
  Valeron 
  One 
 
24256A 
  Valera 
  Valeron 
  One 
 
24257A 
  Valera 
  Valeron 
  One 
 
24258A 
  Valera 
  Valeron 
  One 
 
24259A 
  Valera 
  Valeron 
  One 
 
24260A 
  Valera 
  Valeron 
  One 
 
24261A 
  Valera 
  Valeron 
  One 
 
24262A 
  Rose 
  color 
  Lili 
 
24263A 
  Rose 
  color 
  Lili 
 
24264A 
  Rose 
  color 
  Lili 
 
24265A 
  Rose 
  color 
  Lili 
 
24266A 
  Rose 
  color 
  Lili 
 
24267A 
  Rose 
  color 
  Lili 
 
24268A 
  Rose 
  color 
  Lili 
 
24269A 
  Rose 
  color 
  Lili 
 
24270A 
  Rose 
  color 
  Lili 
 
24271A 
  Rose 
  color 
  Lili 
 
24272A 
  Rose 
  color 
  Lili 
 
24273A 
  Rose 
  color 
  Lili 
 
24274A 
  Rose 
  color 
  Lili 
 
24275A 
  Rose 
  color 
  Lili 
 
24276A 
  Rose 
  color 
  Lili 
 
24277A 
  Rose 
  color 
  Lili 
 
24278A 
  Rose 
  color 
  Lili 
 
24279A 
  Rose 
  color 
  Lili 
 
24280A 
  Rose 
  color 
  Lili 
 
24281A 
  Rose 
  color 
  Lili 
 
24282A 
  Rose 
  color 
  Lili 
 
24283A 
  Rose 
  color 
  Lili 
 
24284A 
  Rose 
  color 
  Lili 
 
24285A 
  Greg1 
  Denisov 
  Den 
 
24286A 
  Tero 
  KHO 
  Name 
 
24287A 
  Hunter 
  Hunted 
  Hunting 
 
18342 
  sad 
   
  asd 
 
18343 
  ziya 
   
  liko 
 
18344 
  vedat 
   
  kaan 
 
18345 
  ali 
   
  veli 
 
18346 
  ali 
   
  veli 
 
18347 
  ziya 
   
  liko 
 
18348 
  vedat 
   
  kaan 
 
18349 
  pamir 
   
  sedat 
 
18350 
  ali 
   
  veli 
 
18351 
  ziya 
   
  liko 
 
18352 
  vedat 
   
  kaan 
 
18353 
  pamir 
   
  sedat 
 
18354 
  John 
   
  Smith 
 
18355 
  Mary 
   
  Ann 
 
18356 
  ali 
   
  veli 
 
18357 
  ziya 
   
  liko 
 
18358 
  vedat 
   
  kaan 
 
18359 
  pamir 
   
  sedat 
 
18360 
  Yulia123 
  MS 
  Yulia456 
 
24288A 
  Elena 
  Kliukach 
  Ivanovna 
 
24289A 
  syntaxUpdatedFirstName 
  syntaxUpdatedMiddleName 
  syntaxUpdatedLastName 
 
24290A 
  syntaxUpdatedFirstName 
  syntaxUpdatedMiddleName 
  syntaxUpdatedLastName 
 
24291A 
  syntaxUpdatedFirstName 
  syntaxUpdatedMiddleName 
  syntaxUpdatedLastName 
 
18361 
  Yulia123 
  MS 
  Yulia456 
 
18362 
  Yulia123 
  MS 
  Yulia456 
 
24292A 
  Syntax 
  Instructor 
  API 
 
24293A 
  syntaxUpdatedFirstName 
  syntaxUpdatedMiddleName 
  syntaxUpdatedLastName 
 
24294A 
  syntaxUpdatedFirstName 
  syntaxUpdatedMiddleName 
  syntaxUpdatedLastName 
 
24295A 
  syntaxUpdatedFirstName 
  syntaxUpdatedMiddleName 
  syntaxUpdatedLastName 
 
24296A 
  syntaxUpdatedFirstName 
  syntaxUpdatedMiddleName 
  syntaxUpdatedLastName 
 
18363 
  Yulia123 
  MS 
  Yulia456 
 
18364 
  Yulia123 
  MS 
  Yulia456 
 
18365 
  Yulia123 
  MS 
  Yulia456 
 
24297A 
  emily 
  ing 
  str 
 
24298A 
  lily 
  Kay 
  King 
 
24299A 
  emily 
  ing 
  str 
 
24300A 
  lily 
  Kay 
  King 
 
24301A 
  lily 
  Ky 
  King 
 
24302A 
  lily 
  Kay 
  King 
 
24303A 
  lily 
  Kay 
  King 
 
24304A 
  emily 
  ing 
  str 
 
18366 
  add 
   
  emp 
 
18367 
  team 
   
  player 
 
18368 
  team 
   
  player 
 
18369 
  Givi123 
  MS 
  MS12 
 
18370 
  Yulia123 
  MS 
  Yulia456 
 
18371 
  Test12347 
  MS 
  Test9879 
 
18372 
  Test12125 
  MS 
  Test7655 
 
18373 
  Test32320 
  MS 
  Test5451 
 
18374 
  John0404 
  MS 
  US 
 
18375 
  Jack 
  MS 
  US 
 
18376 
  MS0909 
  MS 
  US 
 
18377 
  Givi123 
  MS 
  MS12 
 
18378 
  Yulia123 
  MS 
  Yulia456 
 
18379 
  Test12347 
  MS 
  Test9879 
 
18380 
  Test12125 
  MS 
  Test7655 
 
18381 
  Test32320 
  MS 
  Test5451 
 
18382 
  John0404 
  MS 
  US 
 
18383 
  Jack 
  MS 
  US 
 
18384 
  MS0909 
  MS 
  US 
 
18385 
  Yury 
  test9 
  Tyan 
 
18386 
  Yulia123 
  MS 
  Yulia456 
 
  And retrieve "employee_id", "emp_firstname", "emp_middle_name", "emp_lastname" # APISteps.GetAllEmployeesSteps.retrieve(java.lang.String,java.lang.String,java.lang.String,java.lang.String)

    Embedding Get data from all employees [image/png 66502 bytes]

]]></system-out>
    <system-err><![CDATA[Starting ChromeDriver 92.0.4515.107 (87a818b10553a07434ea9e2b6dccf3cbe7895134-refs/branch-heads/4515@{#1634}) on port 6634
Only local connections are allowed.
Please see https://chromedriver.chromium.org/security-considerations for suggestions on keeping ChromeDriver safe.
ChromeDriver was started successfully.
Aug 25, 2021 11:14:17 PM org.openqa.selenium.remote.ProtocolHandshake createSession
INFO: Detected dialect: W3C
]]></system-err>
  </testcase>
</testsuite>