<?xml version="1.0" encoding="UTF-8"?>
<testsuite xmlns:xsi="http://www.w3.org/2001/XMLSchema-instance" xsi:noNamespaceSchemaLocation="https://maven.apache.org/surefire/maven-surefire-plugin/xsd/surefire-test-report-3.0.xsd" version="3.0" name="Adding employees" time="164.139" tests="8" errors="1" skipped="0" failures="0">
  <properties>
[...]
</properties>
  <testcase name="Adding employee from add employee page" classname="Adding employees" time="30.164">
    <system-out><![CDATA[
@smoke
Scenario: Adding employee from add employee page     # src/test/resources/features/AddEmployee.feature:8
  And user is logged in with valid admin credentials # steps.EmployeeSearchSteps.user_is_logged_in_with_valid_admin_credentials()
  When user click on PIM option                      # steps.AddEmployeeSteps.user_click_on_pim_option()
  And user click on Add employee button              # steps.AddEmployeeSteps.user_click_on_add_employee_button()
  And user enters firstname middlename and lastname  # steps.AddEmployeeSteps.user_enters_firstname_middlename_and_lastname()
  And user click on save button option               # steps.AddEmployeeSteps.user_click_on_save_button_option()
Employee Added Successfully
  Then employee added successfully                   # steps.AddEmployeeSteps.employee_added_successfully()

    Embedding Adding employee from add employee page [image/png 113989 bytes]

]]></system-out>
    <system-err><![CDATA[SLF4J: Failed to load class "org.slf4j.impl.StaticLoggerBinder".
SLF4J: Defaulting to no-operation (NOP) logger implementation
SLF4J: See http://www.slf4j.org/codes.html#StaticLoggerBinder for further details.
Starting ChromeDriver 92.0.4515.107 (87a818b10553a07434ea9e2b6dccf3cbe7895134-refs/branch-heads/4515@{#1634}) on port 1642
Only local connections are allowed.
Please see https://chromedriver.chromium.org/security-considerations for suggestions on keeping ChromeDriver safe.
ChromeDriver was started successfully.
Aug 10, 2021 1:29:54 PM org.openqa.selenium.remote.ProtocolHandshake createSession
INFO: Detected dialect: W3C
]]></system-err>
  </testcase>
  <testcase name="Adding employee from add employee page via feature file #1" classname="Adding employees" time="15.422">
    <system-out><![CDATA[
@smoke
Scenario: Adding employee from add employee page via feature file                # src/test/resources/features/AddEmployee.feature:14
  And user is logged in with valid admin credentials                             # steps.EmployeeSearchSteps.user_is_logged_in_with_valid_admin_credentials()
  When user click on PIM option                                                  # steps.AddEmployeeSteps.user_click_on_pim_option()
  And user click on Add employee button                                          # steps.AddEmployeeSteps.user_click_on_add_employee_button()
  And user enters first name "Yulia123" middle name "MS" and lastname "Yulia456" # steps.AddEmployeeSteps.user_enters_first_name_middle_name_and_lastname(java.lang.String,java.lang.String,java.lang.String)
  And user click on save button option                                           # steps.AddEmployeeSteps.user_click_on_save_button_option()
Employee Added Successfully
  Then employee added successfully                                               # steps.AddEmployeeSteps.employee_added_successfully()

    Embedding Adding employee from add employee page via feature file [image/png 115152 bytes]

]]></system-out>
    <system-err><![CDATA[Starting ChromeDriver 92.0.4515.107 (87a818b10553a07434ea9e2b6dccf3cbe7895134-refs/branch-heads/4515@{#1634}) on port 38195
Only local connections are allowed.
Please see https://chromedriver.chromium.org/security-considerations for suggestions on keeping ChromeDriver safe.
ChromeDriver was started successfully.
Aug 10, 2021 1:30:20 PM org.openqa.selenium.remote.ProtocolHandshake createSession
INFO: Detected dialect: W3C
]]></system-err>
  </testcase>
  <testcase name="Adding employee from add employee page via feature file #2" classname="Adding employees" time="20.844">
    <system-out><![CDATA[
@example
Scenario Outline: Adding employee from add employee page via feature file # src/test/resources/features/AddEmployee.feature:28
  And user is logged in with valid admin credentials                      # steps.EmployeeSearchSteps.user_is_logged_in_with_valid_admin_credentials()
  When user click on PIM option                                           # steps.AddEmployeeSteps.user_click_on_pim_option()
  And user click on Add employee button                                   # steps.AddEmployeeSteps.user_click_on_add_employee_button()
  And user enters "Test12347" "MS" and "Test9879" in the application      # steps.AddEmployeeSteps.user_enters_and_in_the_application(java.lang.String,java.lang.String,java.lang.String)
  And user click on save button option                                    # steps.AddEmployeeSteps.user_click_on_save_button_option()
Employee Added Successfully
  Then employee added successfully                                        # steps.AddEmployeeSteps.employee_added_successfully()

    Embedding Adding employee from add employee page via feature file [image/png 115642 bytes]

]]></system-out>
    <system-err><![CDATA[Starting ChromeDriver 92.0.4515.107 (87a818b10553a07434ea9e2b6dccf3cbe7895134-refs/branch-heads/4515@{#1634}) on port 20768
Only local connections are allowed.
Please see https://chromedriver.chromium.org/security-considerations for suggestions on keeping ChromeDriver safe.
ChromeDriver was started successfully.
Aug 10, 2021 1:30:36 PM org.openqa.selenium.remote.ProtocolHandshake createSession
INFO: Detected dialect: W3C
]]></system-err>
  </testcase>
  <testcase name="Adding employee from add employee page via feature file #3" classname="Adding employees" time="14.738">
    <system-out><![CDATA[
@example
Scenario Outline: Adding employee from add employee page via feature file # src/test/resources/features/AddEmployee.feature:29
  And user is logged in with valid admin credentials                      # steps.EmployeeSearchSteps.user_is_logged_in_with_valid_admin_credentials()
  When user click on PIM option                                           # steps.AddEmployeeSteps.user_click_on_pim_option()
  And user click on Add employee button                                   # steps.AddEmployeeSteps.user_click_on_add_employee_button()
  And user enters "Test12125" "MS" and "Test7655" in the application      # steps.AddEmployeeSteps.user_enters_and_in_the_application(java.lang.String,java.lang.String,java.lang.String)
  And user click on save button option                                    # steps.AddEmployeeSteps.user_click_on_save_button_option()
Employee Added Successfully
  Then employee added successfully                                        # steps.AddEmployeeSteps.employee_added_successfully()

    Embedding Adding employee from add employee page via feature file [image/png 115484 bytes]

]]></system-out>
    <system-err><![CDATA[Starting ChromeDriver 92.0.4515.107 (87a818b10553a07434ea9e2b6dccf3cbe7895134-refs/branch-heads/4515@{#1634}) on port 7453
Only local connections are allowed.
Please see https://chromedriver.chromium.org/security-considerations for suggestions on keeping ChromeDriver safe.
ChromeDriver was started successfully.
Aug 10, 2021 1:30:56 PM org.openqa.selenium.remote.ProtocolHandshake createSession
INFO: Detected dialect: W3C
]]></system-err>
  </testcase>
  <testcase name="Adding employee from add employee page via feature file #4" classname="Adding employees" time="13.189">
    <system-out><![CDATA[
@example
Scenario Outline: Adding employee from add employee page via feature file # src/test/resources/features/AddEmployee.feature:30
  And user is logged in with valid admin credentials                      # steps.EmployeeSearchSteps.user_is_logged_in_with_valid_admin_credentials()
  When user click on PIM option                                           # steps.AddEmployeeSteps.user_click_on_pim_option()
  And user click on Add employee button                                   # steps.AddEmployeeSteps.user_click_on_add_employee_button()
  And user enters "Test32320" "MS" and "Test5451" in the application      # steps.AddEmployeeSteps.user_enters_and_in_the_application(java.lang.String,java.lang.String,java.lang.String)
  And user click on save button option                                    # steps.AddEmployeeSteps.user_click_on_save_button_option()
Employee Added Successfully
  Then employee added successfully                                        # steps.AddEmployeeSteps.employee_added_successfully()

    Embedding Adding employee from add employee page via feature file [image/png 115579 bytes]

]]></system-out>
    <system-err><![CDATA[Starting ChromeDriver 92.0.4515.107 (87a818b10553a07434ea9e2b6dccf3cbe7895134-refs/branch-heads/4515@{#1634}) on port 23618
Only local connections are allowed.
Please see https://chromedriver.chromium.org/security-considerations for suggestions on keeping ChromeDriver safe.
ChromeDriver was started successfully.
Aug 10, 2021 1:31:11 PM org.openqa.selenium.remote.ProtocolHandshake createSession
INFO: Detected dialect: W3C
]]></system-err>
  </testcase>
  <testcase name="Adding multiple employees in a single execution" classname="Adding employees" time="38.913">
    <system-out><![CDATA[
@datatablewithheader
Scenario: Adding multiple employees in a single execution            # src/test/resources/features/AddEmployee.feature:33
  And user is logged in with valid admin credentials                 # steps.EmployeeSearchSteps.user_is_logged_in_with_valid_admin_credentials()
  When user click on PIM option                                      # steps.AddEmployeeSteps.user_click_on_pim_option()
  And user click on Add employee button                              # steps.AddEmployeeSteps.user_click_on_add_employee_button()
John0404 MS US
Jack MS US
MS0909 MS US
  When add multiple employees and verify they are added successfully # steps.AddEmployeeSteps.add_multiple_employees_and_verify_they_are_added_successfully(io.cucumber.datatable.DataTable)

    Embedding Adding multiple employees in a single execution [image/png 60807 bytes]

]]></system-out>
    <system-err><![CDATA[Starting ChromeDriver 92.0.4515.107 (87a818b10553a07434ea9e2b6dccf3cbe7895134-refs/branch-heads/4515@{#1634}) on port 5513
Only local connections are allowed.
Please see https://chromedriver.chromium.org/security-considerations for suggestions on keeping ChromeDriver safe.
ChromeDriver was started successfully.
Aug 10, 2021 1:31:24 PM org.openqa.selenium.remote.ProtocolHandshake createSession
INFO: Detected dialect: W3C
]]></system-err>
  </testcase>
  <testcase name="Adding employee from excel file" classname="Adding employees" time="20.909">
    <error message="no such element: Unable to locate element: {&quot;method&quot;:&quot;css selector&quot;,&quot;selector&quot;:&quot;#firstName&quot;}&#10;  (Session info: chrome=92.0.4515.131)&#10;For documentation on this error, please visit: https://www.seleniumhq.org/exceptions/no_such_element.html&#10;Build info: version: &apos;3.141.59&apos;, revision: &apos;e82be7d358&apos;, time: &apos;2018-11-14T08:17:03&apos;&#10;System info: host: &apos;DESKTOP-D940ASI&apos;, ip: &apos;172.20.64.1&apos;, os.name: &apos;Windows 10&apos;, os.arch: &apos;amd64&apos;, os.version: &apos;10.0&apos;, java.version: &apos;1.8.0_281&apos;&#10;Driver info: org.openqa.selenium.chrome.ChromeDriver&#10;Capabilities {acceptInsecureCerts: false, browserName: chrome, browserVersion: 92.0.4515.131, chrome: {chromedriverVersion: 92.0.4515.107 (87a818b10553..., userDataDir: C:\Users\imark\AppData\Loca...}, goog:chromeOptions: {debuggerAddress: localhost:62461}, javascriptEnabled: true, networkConnectionEnabled: false, pageLoadStrategy: normal, platform: WINDOWS, platformName: WINDOWS, proxy: Proxy(), setWindowRect: true, strictFileInteractability: false, timeouts: {implicit: 0, pageLoad: 300000, script: 30000}, unhandledPromptBehavior: dismiss and notify, webauthn:extension:credBlob: true, webauthn:extension:largeBlob: true, webauthn:virtualAuthenticators: true}&#10;Session ID: 57c1e5d3e4f622016e5dca8bf978b841&#10;*** Element info: {Using=id, value=firstName}" type="org.openqa.selenium.NoSuchElementException"><![CDATA[org.openqa.selenium.NoSuchElementException: 
no such element: Unable to locate element: {"method":"css selector","selector":"#firstName"}
  (Session info: chrome=92.0.4515.131)
For documentation on this error, please visit: https://www.seleniumhq.org/exceptions/no_such_element.html
Build info: version: '3.141.59', revision: 'e82be7d358', time: '2018-11-14T08:17:03'
System info: host: 'DESKTOP-D940ASI', ip: '172.20.64.1', os.name: 'Windows 10', os.arch: 'amd64', os.version: '10.0', java.version: '1.8.0_281'
Driver info: org.openqa.selenium.chrome.ChromeDriver
Capabilities {acceptInsecureCerts: false, browserName: chrome, browserVersion: 92.0.4515.131, chrome: {chromedriverVersion: 92.0.4515.107 (87a818b10553..., userDataDir: C:\Users\imark\AppData\Loca...}, goog:chromeOptions: {debuggerAddress: localhost:62461}, javascriptEnabled: true, networkConnectionEnabled: false, pageLoadStrategy: normal, platform: WINDOWS, platformName: WINDOWS, proxy: Proxy(), setWindowRect: true, strictFileInteractability: false, timeouts: {implicit: 0, pageLoad: 300000, script: 30000}, unhandledPromptBehavior: dismiss and notify, webauthn:extension:credBlob: true, webauthn:extension:largeBlob: true, webauthn:virtualAuthenticators: true}
Session ID: 57c1e5d3e4f622016e5dca8bf978b841
*** Element info: {Using=id, value=firstName}
]]></error>
    <system-out><![CDATA[
@excel
Scenario: Adding employee from excel file                                                           # src/test/resources/features/AddEmployee.feature:41
  And user is logged in with valid admin credentials                                                # steps.EmployeeSearchSteps.user_is_logged_in_with_valid_admin_credentials()
  When user click on PIM option                                                                     # steps.AddEmployeeSteps.user_click_on_pim_option()
  And user click on Add employee button                                                             # steps.AddEmployeeSteps.user_click_on_add_employee_button()
  When user adds multiple employees from excel file from "testdata" sheet and verify they are added # steps.AddEmployeeSteps.user_adds_multiple_employees_from_excel_file_from_sheet_and_verify_they_are_added(java.lang.String)
      org.openqa.selenium.NoSuchElementException: no such element: Unable to locate element: {"method":"css selector","selector":"#firstName"}
  (Session info: chrome=92.0.4515.131)
For documentation on this error, please visit: https://www.seleniumhq.org/exceptions/no_such_element.html
Build info: version: '3.141.59', revision: 'e82be7d358', time: '2018-11-14T08:17:03'
System info: host: 'DESKTOP-D940ASI', ip: '172.20.64.1', os.name: 'Windows 10', os.arch: 'amd64', os.version: '10.0', java.version: '1.8.0_281'
Driver info: org.openqa.selenium.chrome.ChromeDriver
Capabilities {acceptInsecureCerts: false, browserName: chrome, browserVersion: 92.0.4515.131, chrome: {chromedriverVersion: 92.0.4515.107 (87a818b10553..., userDataDir: C:\Users\imark\AppData\Loca...}, goog:chromeOptions: {debuggerAddress: localhost:62461}, javascriptEnabled: true, networkConnectionEnabled: false, pageLoadStrategy: normal, platform: WINDOWS, platformName: WINDOWS, proxy: Proxy(), setWindowRect: true, strictFileInteractability: false, timeouts: {implicit: 0, pageLoad: 300000, script: 30000}, unhandledPromptBehavior: dismiss and notify, webauthn:extension:credBlob: true, webauthn:extension:largeBlob: true, webauthn:virtualAuthenticators: true}
Session ID: 57c1e5d3e4f622016e5dca8bf978b841
*** Element info: {Using=id, value=firstName}
	at sun.reflect.NativeConstructorAccessorImpl.newInstance0(Native Method)
	at sun.reflect.NativeConstructorAccessorImpl.newInstance(NativeConstructorAccessorImpl.java:62)
	at sun.reflect.DelegatingConstructorAccessorImpl.newInstance(DelegatingConstructorAccessorImpl.java:45)
	at java.lang.reflect.Constructor.newInstance(Constructor.java:423)
	at org.openqa.selenium.remote.http.W3CHttpResponseCodec.createException(W3CHttpResponseCodec.java:187)
	at org.openqa.selenium.remote.http.W3CHttpResponseCodec.decode(W3CHttpResponseCodec.java:122)
	at org.openqa.selenium.remote.http.W3CHttpResponseCodec.decode(W3CHttpResponseCodec.java:49)
	at org.openqa.selenium.remote.HttpCommandExecutor.execute(HttpCommandExecutor.java:158)
	at org.openqa.selenium.remote.service.DriverCommandExecutor.execute(DriverCommandExecutor.java:83)
	at org.openqa.selenium.remote.RemoteWebDriver.execute(RemoteWebDriver.java:552)
	at org.openqa.selenium.remote.RemoteWebDriver.findElement(RemoteWebDriver.java:323)
	at org.openqa.selenium.remote.RemoteWebDriver.findElementById(RemoteWebDriver.java:372)
	at org.openqa.selenium.By$ById.findElement(By.java:188)
	at org.openqa.selenium.remote.RemoteWebDriver.findElement(RemoteWebDriver.java:315)
	at org.openqa.selenium.support.pagefactory.DefaultElementLocator.findElement(DefaultElementLocator.java:69)
	at org.openqa.selenium.support.pagefactory.internal.LocatingElementHandler.invoke(LocatingElementHandler.java:38)
	at com.sun.proxy.$Proxy17.clear(Unknown Source)
	at utils.CommonMethods.sendText(CommonMethods.java:54)
	at steps.AddEmployeeSteps.user_adds_multiple_employees_from_excel_file_from_sheet_and_verify_they_are_added(AddEmployeeSteps.java:106)
	at âœ½.user adds multiple employees from excel file from "testdata" sheet and verify they are added(file:///C:/Users/imark/Desktop/User2/hrms5Cucumber-JUnit/src/test/resources/features/AddEmployee.feature:42)


    Embedding Adding employee from excel file [image/png 114420 bytes]

]]></system-out>
    <system-err><![CDATA[Starting ChromeDriver 92.0.4515.107 (87a818b10553a07434ea9e2b6dccf3cbe7895134-refs/branch-heads/4515@{#1634}) on port 30512
Only local connections are allowed.
Please see https://chromedriver.chromium.org/security-considerations for suggestions on keeping ChromeDriver safe.
ChromeDriver was started successfully.
Aug 10, 2021 1:32:03 PM org.openqa.selenium.remote.ProtocolHandshake createSession
INFO: Detected dialect: W3C
]]></system-err>
  </testcase>
  <testcase name="Add the employee and testing it from the backend" classname="Adding employees" time="9.959">
    <system-out><![CDATA[
@db
Scenario: Add the employee and testing it from the backend                        # src/test/resources/features/AddEmployee.feature:45
  And user is logged in with valid admin credentials                              # steps.EmployeeSearchSteps.user_is_logged_in_with_valid_admin_credentials()
  When user click on PIM option                                                   # steps.AddEmployeeSteps.user_click_on_pim_option()
  And user click on Add employee button                                           # steps.AddEmployeeSteps.user_click_on_add_employee_button()
  When user enters first name "Yulia123" middle name "MS" and lastname "Yulia456" # steps.AddEmployeeSteps.user_enters_first_name_middle_name_and_lastname(java.lang.String,java.lang.String,java.lang.String)
  And capture the employeeId                                                      # steps.AddEmployeeSteps.capture_the_employee_id()
  And user click on save button option                                            # steps.AddEmployeeSteps.user_click_on_save_button_option()
  Then query the HRMS database                                                    # steps.DbSteps.query_the_hrms_database()
Backend
DBFirstName Yulia123
DBMiddleName MS
DBLastName Yulia456
FrontEnd
FirstName Yulia123
MiddleName MS
LastName Yulia456
  And verify the data from frontend and backend                                   # steps.AddEmployeeSteps.verify_the_data_from_frontend_and_backend()

    Embedding Add the employee and testing it from the backend [image/png 115214 bytes]

]]></system-out>
    <system-err><![CDATA[Starting ChromeDriver 92.0.4515.107 (87a818b10553a07434ea9e2b6dccf3cbe7895134-refs/branch-heads/4515@{#1634}) on port 48452
Only local connections are allowed.
Please see https://chromedriver.chromium.org/security-considerations for suggestions on keeping ChromeDriver safe.
ChromeDriver was started successfully.
Aug 10, 2021 1:32:24 PM org.openqa.selenium.remote.ProtocolHandshake createSession
INFO: Detected dialect: W3C
]]></system-err>
  </testcase>
</testsuite>