<?xml version="1.0" encoding="UTF-8"?>
<testsuite xmlns:xsi="http://www.w3.org/2001/XMLSchema-instance" xsi:noNamespaceSchemaLocation="https://maven.apache.org/surefire/maven-surefire-plugin/xsd/surefire-test-report-3.0.xsd" version="3.0" name="Syntax HRMS API Workflow" time="47.984" tests="3" errors="3" skipped="0" failures="0">
  <properties>
[...]
</properties>
  <testcase name="Creating Dynamic Employee" classname="Syntax HRMS API Workflow" time="26.927">
    <error message="The step &quot;JWT is generated&quot; is undefined. You can implement it using the snippet(s) below:&#10;&#10;@Given(&quot;JWT is generated&quot;)&#10;public void jwt_is_generated() {&#10;    // Write code here that turns the phrase above into concrete actions&#10;    throw new io.cucumber.java.PendingException();&#10;}&#10;&#10;&#10;Some other steps were also undefined:&#10;&#10;@Given(&quot;a request is prepared to create an employee with dynamic data {string},{string},{string},{string},{string},{string},{string}&quot;)&#10;public void a_request_is_prepared_to_create_an_employee_with_dynamic_data(String string, String string2, String string3, String string4, String string5, String string6, String string7) {&#10;    // Write code here that turns the phrase above into concrete actions&#10;    throw new io.cucumber.java.PendingException();&#10;}&#10;" type="io.cucumber.junit.UndefinedStepException"><![CDATA[io.cucumber.junit.UndefinedStepException: 
The step "JWT is generated" is undefined. You can implement it using the snippet(s) below:

@Given("JWT is generated")
public void jwt_is_generated() {
    // Write code here that turns the phrase above into concrete actions
    throw new io.cucumber.java.PendingException();
}


Some other steps were also undefined:

@Given("a request is prepared to create an employee with dynamic data {string},{string},{string},{string},{string},{string},{string}")
public void a_request_is_prepared_to_create_an_employee_with_dynamic_data(String string, String string2, String string3, String string4, String string5, String string6, String string7) {
    // Write code here that turns the phrase above into concrete actions
    throw new io.cucumber.java.PendingException();
}

]]></error>
    <system-out><![CDATA[
@Random
Scenario: Creating Dynamic Employee                                                                                                  # src/test/resources/features/APIWorkFlow.feature:9
  Given JWT is generated                                                                                                             # null
  Given a request is prepared to create an employee with dynamic data "Gobia","Gellar","Grom","M","1995-08-17","employed","Engineer" # null

    Embedding Creating Dynamic Employee [image/png 81884 bytes]

]]></system-out>
    <system-err><![CDATA[Starting ChromeDriver 92.0.4515.107 (87a818b10553a07434ea9e2b6dccf3cbe7895134-refs/branch-heads/4515@{#1634}) on port 4225
Only local connections are allowed.
Please see https://chromedriver.chromium.org/security-considerations for suggestions on keeping ChromeDriver safe.
ChromeDriver was started successfully.
Aug 10, 2021 1:29:54 PM org.openqa.selenium.remote.ProtocolHandshake createSession
INFO: Detected dialect: W3C
]]></system-err>
  </testcase>
  <testcase name="Creating an employee" classname="Syntax HRMS API Workflow" time="5.397">
    <error message="The step &quot;JWT is generated&quot; is undefined. You can implement it using the snippet(s) below:&#10;&#10;@Given(&quot;JWT is generated&quot;)&#10;public void jwt_is_generated() {&#10;    // Write code here that turns the phrase above into concrete actions&#10;    throw new io.cucumber.java.PendingException();&#10;}&#10;&#10;&#10;Some other steps were also undefined:&#10;&#10;@Given(&quot;a request is prepared to create and employee&quot;)&#10;public void a_request_is_prepared_to_create_and_employee() {&#10;    // Write code here that turns the phrase above into concrete actions&#10;    throw new io.cucumber.java.PendingException();&#10;}&#10;@When(&quot;a Post call is made to create an employee&quot;)&#10;public void a_post_call_is_made_to_create_an_employee() {&#10;    // Write code here that turns the phrase above into concrete actions&#10;    throw new io.cucumber.java.PendingException();&#10;}&#10;@Then(&quot;the status code for creating an employee is {int}&quot;)&#10;public void the_status_code_for_creating_an_employee_is(Integer int1) {&#10;    // Write code here that turns the phrase above into concrete actions&#10;    throw new io.cucumber.java.PendingException();&#10;}&#10;@Then(&quot;the employee created contains key {string} and value {string}&quot;)&#10;public void the_employee_created_contains_key_and_value(String string, String string2) {&#10;    // Write code here that turns the phrase above into concrete actions&#10;    throw new io.cucumber.java.PendingException();&#10;}&#10;@Then(&quot;the emplyeeID {string} is stored as a global variable to be used for other calls&quot;)&#10;public void the_emplyee_id_is_stored_as_a_global_variable_to_be_used_for_other_calls(String string) {&#10;    // Write code here that turns the phrase above into concrete actions&#10;    throw new io.cucumber.java.PendingException();&#10;}&#10;" type="io.cucumber.junit.UndefinedStepException"><![CDATA[io.cucumber.junit.UndefinedStepException: 
The step "JWT is generated" is undefined. You can implement it using the snippet(s) below:

@Given("JWT is generated")
public void jwt_is_generated() {
    // Write code here that turns the phrase above into concrete actions
    throw new io.cucumber.java.PendingException();
}


Some other steps were also undefined:

@Given("a request is prepared to create and employee")
public void a_request_is_prepared_to_create_and_employee() {
    // Write code here that turns the phrase above into concrete actions
    throw new io.cucumber.java.PendingException();
}
@When("a Post call is made to create an employee")
public void a_post_call_is_made_to_create_an_employee() {
    // Write code here that turns the phrase above into concrete actions
    throw new io.cucumber.java.PendingException();
}
@Then("the status code for creating an employee is {int}")
public void the_status_code_for_creating_an_employee_is(Integer int1) {
    // Write code here that turns the phrase above into concrete actions
    throw new io.cucumber.java.PendingException();
}
@Then("the employee created contains key {string} and value {string}")
public void the_employee_created_contains_key_and_value(String string, String string2) {
    // Write code here that turns the phrase above into concrete actions
    throw new io.cucumber.java.PendingException();
}
@Then("the emplyeeID {string} is stored as a global variable to be used for other calls")
public void the_emplyee_id_is_stored_as_a_global_variable_to_be_used_for_other_calls(String string) {
    // Write code here that turns the phrase above into concrete actions
    throw new io.cucumber.java.PendingException();
}

]]></error>
    <system-out><![CDATA[
@APIWorkflow
Scenario: Creating an employee                                                                       # src/test/resources/features/APIWorkFlow.feature:14
  Given JWT is generated                                                                             # null
  Given a request is prepared to create and employee                                                 # null
  When a Post call is made to create an employee                                                     # null
  Then the status code for creating an employee is 201                                               # null
  And the employee created contains key "Message" and value "Employee Created"                       # null
  And the emplyeeID "Employee.employee_id" is stored as a global variable to be used for other calls # null

    Embedding Creating an employee [image/png 81884 bytes]

]]></system-out>
    <system-err><![CDATA[Starting ChromeDriver 92.0.4515.107 (87a818b10553a07434ea9e2b6dccf3cbe7895134-refs/branch-heads/4515@{#1634}) on port 36194
Only local connections are allowed.
Please see https://chromedriver.chromium.org/security-considerations for suggestions on keeping ChromeDriver safe.
ChromeDriver was started successfully.
Aug 10, 2021 1:30:17 PM org.openqa.selenium.remote.ProtocolHandshake createSession
INFO: Detected dialect: W3C
]]></system-err>
  </testcase>
  <testcase name="Retrieving created employee" classname="Syntax HRMS API Workflow" time="15.66">
    <error message="The step &quot;JWT is generated&quot; is undefined. You can implement it using the snippet(s) below:&#10;&#10;@Given(&quot;JWT is generated&quot;)&#10;public void jwt_is_generated() {&#10;    // Write code here that turns the phrase above into concrete actions&#10;    throw new io.cucumber.java.PendingException();&#10;}&#10;&#10;&#10;Some other steps were also undefined:&#10;&#10;@Given(&quot;a request is prepared to retrieve the created employee&quot;)&#10;public void a_request_is_prepared_to_retrieve_the_created_employee() {&#10;    // Write code here that turns the phrase above into concrete actions&#10;    throw new io.cucumber.java.PendingException();&#10;}&#10;@When(&quot;a GET call is made to retrieve the created employee&quot;)&#10;public void a_get_call_is_made_to_retrieve_the_created_employee() {&#10;    // Write code here that turns the phrase above into concrete actions&#10;    throw new io.cucumber.java.PendingException();&#10;}&#10;@Then(&quot;the status code for retrieving the created employee is {int}&quot;)&#10;public void the_status_code_for_retrieving_the_created_employee_is(Integer int1) {&#10;    // Write code here that turns the phrase above into concrete actions&#10;    throw new io.cucumber.java.PendingException();&#10;}&#10;@Then(&quot;the retrieved employee ID {string} matches the globally stored employee ID&quot;)&#10;public void the_retrieved_employee_id_matches_the_globally_stored_employee_id(String string) {&#10;    // Write code here that turns the phrase above into concrete actions&#10;    throw new io.cucumber.java.PendingException();&#10;}&#10;@Then(&quot;the retrieved data at {string} matches the data used to create and an employee with employee ID {string}&quot;)&#10;public void the_retrieved_data_at_matches_the_data_used_to_create_and_an_employee_with_employee_id(String string, String string2, io.cucumber.datatable.DataTable dataTable) {&#10;    // Write code here that turns the phrase above into concrete actions&#10;    // For automatic transformation, change DataTable to one of&#10;    // E, List&lt;E&gt;, List&lt;List&lt;E&gt;&gt;, List&lt;Map&lt;K,V&gt;&gt;, Map&lt;K,V&gt; or&#10;    // Map&lt;K, List&lt;V&gt;&gt;. E,K,V must be a String, Integer, Float,&#10;    // Double, Byte, Short, Long, BigInteger or BigDecimal.&#10;    //&#10;    // For other transformations you can register a DataTableType.&#10;    throw new io.cucumber.java.PendingException();&#10;}&#10;" type="io.cucumber.junit.UndefinedStepException"><![CDATA[io.cucumber.junit.UndefinedStepException: 
The step "JWT is generated" is undefined. You can implement it using the snippet(s) below:

@Given("JWT is generated")
public void jwt_is_generated() {
    // Write code here that turns the phrase above into concrete actions
    throw new io.cucumber.java.PendingException();
}


Some other steps were also undefined:

@Given("a request is prepared to retrieve the created employee")
public void a_request_is_prepared_to_retrieve_the_created_employee() {
    // Write code here that turns the phrase above into concrete actions
    throw new io.cucumber.java.PendingException();
}
@When("a GET call is made to retrieve the created employee")
public void a_get_call_is_made_to_retrieve_the_created_employee() {
    // Write code here that turns the phrase above into concrete actions
    throw new io.cucumber.java.PendingException();
}
@Then("the status code for retrieving the created employee is {int}")
public void the_status_code_for_retrieving_the_created_employee_is(Integer int1) {
    // Write code here that turns the phrase above into concrete actions
    throw new io.cucumber.java.PendingException();
}
@Then("the retrieved employee ID {string} matches the globally stored employee ID")
public void the_retrieved_employee_id_matches_the_globally_stored_employee_id(String string) {
    // Write code here that turns the phrase above into concrete actions
    throw new io.cucumber.java.PendingException();
}
@Then("the retrieved data at {string} matches the data used to create and an employee with employee ID {string}")
public void the_retrieved_data_at_matches_the_data_used_to_create_and_an_employee_with_employee_id(String string, String string2, io.cucumber.datatable.DataTable dataTable) {
    // Write code here that turns the phrase above into concrete actions
    // For automatic transformation, change DataTable to one of
    // E, List<E>, List<List<E>>, List<Map<K,V>>, Map<K,V> or
    // Map<K, List<V>>. E,K,V must be a String, Integer, Float,
    // Double, Byte, Short, Long, BigInteger or BigDecimal.
    //
    // For other transformations you can register a DataTableType.
    throw new io.cucumber.java.PendingException();
}

]]></error>
    <system-out><![CDATA[
@APIWorkflow
Scenario: Retrieving created employee                                                                                          # src/test/resources/features/APIWorkFlow.feature:22
  Given JWT is generated                                                                                                       # null
  Given a request is prepared to retrieve the created employee                                                                 # null
  When a GET call is made to retrieve the created employee                                                                     # null
  Then the status code for retrieving the created employee is 200                                                              # null
  And the retrieved employee ID "employee.employee_id" matches the globally stored employee ID                                 # null
  And the retrieved data at "employee" matches the data used to create and an employee with employee ID "employee.employee_id" # null

    Embedding Retrieving created employee [image/png 81884 bytes]

]]></system-out>
    <system-err><![CDATA[Starting ChromeDriver 92.0.4515.107 (87a818b10553a07434ea9e2b6dccf3cbe7895134-refs/branch-heads/4515@{#1634}) on port 24471
Only local connections are allowed.
Please see https://chromedriver.chromium.org/security-considerations for suggestions on keeping ChromeDriver safe.
ChromeDriver was started successfully.
Aug 10, 2021 1:30:23 PM org.openqa.selenium.remote.ProtocolHandshake createSession
INFO: Detected dialect: W3C
]]></system-err>
  </testcase>
</testsuite>