<?xml version="1.0" encoding="UTF-8"?>
<testsuite xmlns:xsi="http://www.w3.org/2001/XMLSchema-instance" xsi:noNamespaceSchemaLocation="https://maven.apache.org/surefire/maven-surefire-plugin/xsd/surefire-test-report-3.0.xsd" version="3.0" name="Add New Job Title" time="28.802" tests="1" errors="0" skipped="0" failures="0">
  <properties>
[...]
</properties>
  <testcase name="Adding new job title as Admin" classname="Add New Job Title" time="28.802">
    <system-out><![CDATA[
@jobtitle
Scenario: Adding new job title as Admin                       # src/test/resources/features/AddNewJobTitle.feature:4
  When user is logged in with valid admin credentials         # steps.EmployeeSearchSteps.user_is_logged_in_with_valid_admin_credentials()
  Then user click on Admin button                             # steps.AddNewJobTitleSteps.user_click_on_admin_button()
  Then user click on Job title button                         # steps.AddNewJobTitleSteps.user_click_on_job_title_button()
  And user click on Add button                                # steps.AddNewJobTitleSteps.user_click_on_add_button()
  When user add job title, job description, note              # steps.AddNewJobTitleSteps.user_add_job_title_job_description_note()
  Then user clicks on save button                             # steps.AddNewJobTitleSteps.user_clicks_on_save_button()
  Then enter query into HRMS database                         # steps.DbSteps.enter_query_into_hrms_database()
Frontend
New Job Title: Data Analyst
New Job Description: Collection data and analysing collected data
New Job Note: Check if data was added
Backend
New Job Title: Data Analyst
New Job Description: Collection data and analysing collected data
New Job Note: Check if data was added
  And checks if information added from front end and back end # steps.AddNewJobTitleSteps.checks_if_information_added_from_front_end_and_back_end()

    Embedding Adding new job title as Admin [image/png 36622 bytes]

]]></system-out>
    <system-err><![CDATA[Starting ChromeDriver 92.0.4515.107 (87a818b10553a07434ea9e2b6dccf3cbe7895134-refs/branch-heads/4515@{#1634}) on port 16909
Only local connections are allowed.
Please see https://chromedriver.chromium.org/security-considerations for suggestions on keeping ChromeDriver safe.
ChromeDriver was started successfully.
Aug 25, 2021 11:14:16 PM org.openqa.selenium.remote.ProtocolHandshake createSession
INFO: Detected dialect: W3C
]]></system-err>
  </testcase>
</testsuite>